nohup: ignoring input
2025-04-27 14:03:25.114 | INFO     | transformer:build_projection_layer:178 - Projection layers input/output created.
2025-04-27 14:03:25.128 | INFO     | transformer:initialize_transformer:195 - Transformer initialized with number of hidden units: 64, number of heads: 8, number of encoder layers: 2, number of decoder layers: 2, number of feedforward units: 256, dropout probability: 0.1, activation function: ReLU().
2025-04-27 14:03:25.128 | INFO     | transformer:__init__:147 - Data preprocessing...
2025-04-27 14:03:25.129 | INFO     | transformer:__init__:165 - Data preprocessed.
2025-04-27 14:03:25.129 | INFO     | __main__:<module>:69 - Batch size: 100, Epochs: 100, 
2025-04-27 14:03:26.126 | INFO     | transformer:train_val:374 - Training started!
2025-04-27 14:18:15.538 | DEBUG    | transformer:train_one_epoch:289 - Loss at epoch 1: 6.8089
/home/local/ADUNIPI/a.montanelli/miniconda3/envs/myrootenv/lib/python3.9/site-packages/torch/nn/modules/transformer.py:508: UserWarning: The PyTorch API of nested tensors is in prototype stage and will change in the near future. We recommend specifying layout=torch.jagged when constructing a nested tensor, as this layout receives active development, has better operator coverage, and works with torch.compile. (Triggered internally at /pytorch/aten/src/ATen/NestedTensorImpl.cpp:178.)
  output = torch._nested_tensor_from_mask(
2025-04-27 14:19:37.722 | DEBUG    | transformer:val_one_epoch:324 - Validation loss at epoch 1: 1.5519
2025-04-27 14:34:26.439 | DEBUG    | transformer:train_one_epoch:289 - Loss at epoch 2: 4.7930
2025-04-27 14:35:48.237 | DEBUG    | transformer:val_one_epoch:324 - Validation loss at epoch 2: 1.5476
2025-04-27 14:50:54.436 | DEBUG    | transformer:train_one_epoch:289 - Loss at epoch 3: 4.2250
2025-04-27 14:52:15.434 | DEBUG    | transformer:val_one_epoch:324 - Validation loss at epoch 3: 1.3408
2025-04-27 15:07:30.918 | DEBUG    | transformer:train_one_epoch:289 - Loss at epoch 4: 4.0493
2025-04-27 15:08:56.016 | DEBUG    | transformer:val_one_epoch:324 - Validation loss at epoch 4: 1.2559
2025-04-27 15:24:49.375 | DEBUG    | transformer:train_one_epoch:289 - Loss at epoch 5: 3.3520
2025-04-27 15:26:14.765 | DEBUG    | transformer:val_one_epoch:324 - Validation loss at epoch 5: 0.9026
2025-04-27 15:42:18.469 | DEBUG    | transformer:train_one_epoch:289 - Loss at epoch 6: 2.5586
2025-04-27 15:43:41.545 | DEBUG    | transformer:val_one_epoch:324 - Validation loss at epoch 6: 0.7165
2025-04-27 15:59:08.520 | DEBUG    | transformer:train_one_epoch:289 - Loss at epoch 7: 1.9859
2025-04-27 16:00:30.714 | DEBUG    | transformer:val_one_epoch:324 - Validation loss at epoch 7: 0.4711
2025-04-27 16:15:42.257 | DEBUG    | transformer:train_one_epoch:289 - Loss at epoch 8: 1.3546
2025-04-27 16:17:04.960 | DEBUG    | transformer:val_one_epoch:324 - Validation loss at epoch 8: 0.2637
2025-04-27 16:32:10.851 | DEBUG    | transformer:train_one_epoch:289 - Loss at epoch 9: 0.7285
2025-04-27 16:33:34.018 | DEBUG    | transformer:val_one_epoch:324 - Validation loss at epoch 9: 0.1193
2025-04-27 16:48:27.312 | DEBUG    | transformer:train_one_epoch:289 - Loss at epoch 10: 0.4497
2025-04-27 16:49:49.091 | DEBUG    | transformer:val_one_epoch:324 - Validation loss at epoch 10: 0.0872
2025-04-27 17:04:47.674 | DEBUG    | transformer:train_one_epoch:289 - Loss at epoch 11: 0.3830
2025-04-27 17:06:10.128 | DEBUG    | transformer:val_one_epoch:324 - Validation loss at epoch 11: 0.0620
2025-04-27 17:06:10.128 | INFO     | transformer:train_val:389 - stop smooth: False
2025-04-27 17:06:10.128 | INFO     | transformer:train_val:401 - stop early: False
2025-04-27 17:20:58.843 | DEBUG    | transformer:train_one_epoch:289 - Loss at epoch 12: 0.2905
2025-04-27 17:22:20.221 | DEBUG    | transformer:val_one_epoch:324 - Validation loss at epoch 12: 0.0527
2025-04-27 17:22:20.221 | INFO     | transformer:train_val:389 - stop smooth: False
2025-04-27 17:22:20.222 | INFO     | transformer:train_val:401 - stop early: False
2025-04-27 17:37:17.438 | DEBUG    | transformer:train_one_epoch:289 - Loss at epoch 13: 0.3998
2025-04-27 17:38:39.491 | DEBUG    | transformer:val_one_epoch:324 - Validation loss at epoch 13: 0.0586
2025-04-27 17:38:39.491 | INFO     | transformer:train_val:389 - stop smooth: True
2025-04-27 17:38:39.491 | INFO     | transformer:train_val:401 - stop early: True
2025-04-27 17:53:31.866 | DEBUG    | transformer:train_one_epoch:289 - Loss at epoch 14: 0.2493
2025-04-27 17:54:54.105 | DEBUG    | transformer:val_one_epoch:324 - Validation loss at epoch 14: 0.0442
2025-04-27 17:54:54.105 | INFO     | transformer:train_val:389 - stop smooth: False
2025-04-27 17:54:54.106 | INFO     | transformer:train_val:401 - stop early: False
2025-04-27 18:09:46.068 | DEBUG    | transformer:train_one_epoch:289 - Loss at epoch 15: 0.2161
2025-04-27 18:11:07.968 | DEBUG    | transformer:val_one_epoch:324 - Validation loss at epoch 15: 0.0381
2025-04-27 18:11:07.969 | INFO     | transformer:train_val:389 - stop smooth: False
2025-04-27 18:11:07.969 | INFO     | transformer:train_val:401 - stop early: False
2025-04-27 18:25:58.257 | DEBUG    | transformer:train_one_epoch:289 - Loss at epoch 16: 0.1927
2025-04-27 18:27:20.304 | DEBUG    | transformer:val_one_epoch:324 - Validation loss at epoch 16: 0.0313
2025-04-27 18:27:20.304 | INFO     | transformer:train_val:389 - stop smooth: False
2025-04-27 18:27:20.304 | INFO     | transformer:train_val:401 - stop early: False
2025-04-27 18:42:14.202 | DEBUG    | transformer:train_one_epoch:289 - Loss at epoch 17: 0.1655
2025-04-27 18:43:37.313 | DEBUG    | transformer:val_one_epoch:324 - Validation loss at epoch 17: 0.0268
2025-04-27 18:43:37.314 | INFO     | transformer:train_val:389 - stop smooth: False
2025-04-27 18:43:37.314 | INFO     | transformer:train_val:401 - stop early: False
2025-04-27 18:58:30.373 | DEBUG    | transformer:train_one_epoch:289 - Loss at epoch 18: 0.1645
2025-04-27 18:59:51.519 | DEBUG    | transformer:val_one_epoch:324 - Validation loss at epoch 18: 0.0250
2025-04-27 18:59:51.520 | INFO     | transformer:train_val:389 - stop smooth: False
2025-04-27 18:59:51.520 | INFO     | transformer:train_val:401 - stop early: False
2025-04-27 19:14:44.092 | DEBUG    | transformer:train_one_epoch:289 - Loss at epoch 19: 0.1402
2025-04-27 19:16:06.411 | DEBUG    | transformer:val_one_epoch:324 - Validation loss at epoch 19: 0.0222
2025-04-27 19:16:06.411 | INFO     | transformer:train_val:389 - stop smooth: False
2025-04-27 19:16:06.411 | INFO     | transformer:train_val:401 - stop early: False
2025-04-27 19:30:55.199 | DEBUG    | transformer:train_one_epoch:289 - Loss at epoch 20: 0.1179
2025-04-27 19:32:17.964 | DEBUG    | transformer:val_one_epoch:324 - Validation loss at epoch 20: 0.0190
2025-04-27 19:32:17.965 | INFO     | transformer:train_val:389 - stop smooth: False
2025-04-27 19:32:17.965 | INFO     | transformer:train_val:401 - stop early: False
2025-04-27 19:47:14.435 | DEBUG    | transformer:train_one_epoch:289 - Loss at epoch 21: 0.1252
2025-04-27 19:48:36.672 | DEBUG    | transformer:val_one_epoch:324 - Validation loss at epoch 21: 0.0396
2025-04-27 19:48:36.672 | INFO     | transformer:train_val:389 - stop smooth: True
2025-04-27 19:48:36.672 | INFO     | transformer:train_val:401 - stop early: True
2025-04-27 20:03:34.598 | DEBUG    | transformer:train_one_epoch:289 - Loss at epoch 22: 0.1162
2025-04-27 20:04:57.544 | DEBUG    | transformer:val_one_epoch:324 - Validation loss at epoch 22: 0.0239
2025-04-27 20:04:57.544 | INFO     | transformer:train_val:389 - stop smooth: True
2025-04-27 20:04:57.544 | INFO     | transformer:train_val:401 - stop early: False
2025-04-27 20:19:53.060 | DEBUG    | transformer:train_one_epoch:289 - Loss at epoch 23: 0.1016
2025-04-27 20:21:15.959 | DEBUG    | transformer:val_one_epoch:324 - Validation loss at epoch 23: 0.0196
2025-04-27 20:21:15.960 | INFO     | transformer:train_val:389 - stop smooth: True
2025-04-27 20:21:15.960 | INFO     | transformer:train_val:401 - stop early: False
2025-04-27 20:36:18.513 | DEBUG    | transformer:train_one_epoch:289 - Loss at epoch 24: 0.0800
2025-04-27 20:37:41.843 | DEBUG    | transformer:val_one_epoch:324 - Validation loss at epoch 24: 0.0181
2025-04-27 20:37:41.843 | INFO     | transformer:train_val:389 - stop smooth: False
2025-04-27 20:37:41.843 | INFO     | transformer:train_val:401 - stop early: False
2025-04-27 20:52:38.157 | DEBUG    | transformer:train_one_epoch:289 - Loss at epoch 25: 0.1113
2025-04-27 20:54:00.836 | DEBUG    | transformer:val_one_epoch:324 - Validation loss at epoch 25: 0.0170
2025-04-27 20:54:00.837 | INFO     | transformer:train_val:389 - stop smooth: False
2025-04-27 20:54:00.837 | INFO     | transformer:train_val:401 - stop early: False
2025-04-27 21:08:54.322 | DEBUG    | transformer:train_one_epoch:289 - Loss at epoch 26: 0.0640
2025-04-27 21:10:17.270 | DEBUG    | transformer:val_one_epoch:324 - Validation loss at epoch 26: 0.0110
2025-04-27 21:10:17.270 | INFO     | transformer:train_val:389 - stop smooth: False
2025-04-27 21:10:17.270 | INFO     | transformer:train_val:401 - stop early: False
2025-04-27 21:25:12.920 | DEBUG    | transformer:train_one_epoch:289 - Loss at epoch 27: 0.0441
2025-04-27 21:26:35.441 | DEBUG    | transformer:val_one_epoch:324 - Validation loss at epoch 27: 0.0093
2025-04-27 21:26:35.441 | INFO     | transformer:train_val:389 - stop smooth: False
2025-04-27 21:26:35.441 | INFO     | transformer:train_val:401 - stop early: False
2025-04-27 21:41:28.987 | DEBUG    | transformer:train_one_epoch:289 - Loss at epoch 28: 0.0363
2025-04-27 21:42:51.979 | DEBUG    | transformer:val_one_epoch:324 - Validation loss at epoch 28: 0.0113
2025-04-27 21:42:51.979 | INFO     | transformer:train_val:389 - stop smooth: True
2025-04-27 21:42:51.979 | INFO     | transformer:train_val:401 - stop early: True
2025-04-27 21:57:46.940 | DEBUG    | transformer:train_one_epoch:289 - Loss at epoch 29: 0.0337
2025-04-27 21:59:08.867 | DEBUG    | transformer:val_one_epoch:324 - Validation loss at epoch 29: 0.0069
2025-04-27 21:59:08.867 | INFO     | transformer:train_val:389 - stop smooth: False
2025-04-27 21:59:08.867 | INFO     | transformer:train_val:401 - stop early: False
2025-04-27 22:14:05.158 | DEBUG    | transformer:train_one_epoch:289 - Loss at epoch 30: 0.0302
2025-04-27 22:15:27.802 | DEBUG    | transformer:val_one_epoch:324 - Validation loss at epoch 30: 0.0094
2025-04-27 22:15:27.802 | INFO     | transformer:train_val:389 - stop smooth: True
2025-04-27 22:15:27.802 | INFO     | transformer:train_val:401 - stop early: True
2025-04-27 22:30:22.973 | DEBUG    | transformer:train_one_epoch:289 - Loss at epoch 31: 0.0444
2025-04-27 22:31:45.829 | DEBUG    | transformer:val_one_epoch:324 - Validation loss at epoch 31: 0.0202
2025-04-27 22:31:45.829 | INFO     | transformer:train_val:389 - stop smooth: True
2025-04-27 22:31:45.829 | INFO     | transformer:train_val:401 - stop early: True
2025-04-27 22:46:45.573 | DEBUG    | transformer:train_one_epoch:289 - Loss at epoch 32: 0.0333
2025-04-27 22:48:08.909 | DEBUG    | transformer:val_one_epoch:324 - Validation loss at epoch 32: 0.0084
2025-04-27 22:48:08.910 | INFO     | transformer:train_val:389 - stop smooth: True
2025-04-27 22:48:08.910 | INFO     | transformer:train_val:401 - stop early: False
2025-04-27 23:03:10.258 | DEBUG    | transformer:train_one_epoch:289 - Loss at epoch 33: 0.0321
2025-04-27 23:04:33.563 | DEBUG    | transformer:val_one_epoch:324 - Validation loss at epoch 33: 0.0183
2025-04-27 23:04:33.563 | INFO     | transformer:train_val:389 - stop smooth: True
2025-04-27 23:04:33.563 | INFO     | transformer:train_val:401 - stop early: True
2025-04-27 23:21:05.724 | DEBUG    | transformer:train_one_epoch:289 - Loss at epoch 34: 4.1868
2025-04-27 23:22:34.292 | DEBUG    | transformer:val_one_epoch:324 - Validation loss at epoch 34: 1.5535
2025-04-27 23:22:34.293 | INFO     | transformer:train_val:389 - stop smooth: True
2025-04-27 23:22:34.293 | INFO     | transformer:train_val:401 - stop early: True
2025-04-27 23:39:58.458 | DEBUG    | transformer:train_one_epoch:289 - Loss at epoch 35: 4.6714
2025-04-27 23:41:27.899 | DEBUG    | transformer:val_one_epoch:324 - Validation loss at epoch 35: 1.5505
2025-04-27 23:41:27.899 | INFO     | transformer:train_val:389 - stop smooth: True
2025-04-27 23:41:27.899 | INFO     | transformer:train_val:401 - stop early: False
2025-04-27 23:58:49.801 | DEBUG    | transformer:train_one_epoch:289 - Loss at epoch 36: 4.6683
2025-04-28 00:00:20.108 | DEBUG    | transformer:val_one_epoch:324 - Validation loss at epoch 36: 1.5499
2025-04-28 00:00:20.108 | INFO     | transformer:train_val:389 - stop smooth: True
2025-04-28 00:00:20.108 | INFO     | transformer:train_val:401 - stop early: False
2025-04-28 00:17:40.272 | DEBUG    | transformer:train_one_epoch:289 - Loss at epoch 37: 4.6673
2025-04-28 00:19:10.549 | DEBUG    | transformer:val_one_epoch:324 - Validation loss at epoch 37: 1.5498
2025-04-28 00:19:10.549 | INFO     | transformer:train_val:389 - stop smooth: True
2025-04-28 00:19:10.550 | INFO     | transformer:train_val:401 - stop early: False
2025-04-28 00:36:34.598 | DEBUG    | transformer:train_one_epoch:289 - Loss at epoch 38: 4.6668
2025-04-28 00:38:04.119 | DEBUG    | transformer:val_one_epoch:324 - Validation loss at epoch 38: 1.5502
2025-04-28 00:38:04.119 | INFO     | transformer:train_val:389 - stop smooth: True
2025-04-28 00:38:04.119 | INFO     | transformer:train_val:401 - stop early: True
2025-04-28 00:55:24.514 | DEBUG    | transformer:train_one_epoch:289 - Loss at epoch 39: 4.6664
2025-04-28 00:56:55.154 | DEBUG    | transformer:val_one_epoch:324 - Validation loss at epoch 39: 1.5496
2025-04-28 00:56:55.154 | INFO     | transformer:train_val:389 - stop smooth: True
2025-04-28 00:56:55.154 | INFO     | transformer:train_val:401 - stop early: False
2025-04-28 01:14:18.322 | DEBUG    | transformer:train_one_epoch:289 - Loss at epoch 40: 4.6661
2025-04-28 01:15:48.559 | DEBUG    | transformer:val_one_epoch:324 - Validation loss at epoch 40: 1.5497
2025-04-28 01:15:48.560 | INFO     | transformer:train_val:389 - stop smooth: True
2025-04-28 01:15:48.560 | INFO     | transformer:train_val:401 - stop early: True
2025-04-28 01:33:10.770 | DEBUG    | transformer:train_one_epoch:289 - Loss at epoch 41: 4.6657
2025-04-28 01:34:40.948 | DEBUG    | transformer:val_one_epoch:324 - Validation loss at epoch 41: 1.5501
2025-04-28 01:34:40.948 | INFO     | transformer:train_val:389 - stop smooth: True
2025-04-28 01:34:40.948 | INFO     | transformer:train_val:401 - stop early: True
2025-04-28 01:52:00.051 | DEBUG    | transformer:train_one_epoch:289 - Loss at epoch 42: 4.6656
2025-04-28 01:53:30.282 | DEBUG    | transformer:val_one_epoch:324 - Validation loss at epoch 42: 1.5498
2025-04-28 01:53:30.282 | INFO     | transformer:train_val:389 - stop smooth: True
2025-04-28 01:53:30.282 | INFO     | transformer:train_val:401 - stop early: False
2025-04-28 02:10:49.378 | DEBUG    | transformer:train_one_epoch:289 - Loss at epoch 43: 4.6656
2025-04-28 02:12:20.381 | DEBUG    | transformer:val_one_epoch:324 - Validation loss at epoch 43: 1.5498
2025-04-28 02:12:20.382 | INFO     | transformer:train_val:389 - stop smooth: True
2025-04-28 02:12:20.382 | INFO     | transformer:train_val:401 - stop early: False
2025-04-28 02:29:44.168 | DEBUG    | transformer:train_one_epoch:289 - Loss at epoch 44: 4.6653
2025-04-28 02:31:14.550 | DEBUG    | transformer:val_one_epoch:324 - Validation loss at epoch 44: 1.5495
2025-04-28 02:31:14.550 | INFO     | transformer:train_val:389 - stop smooth: True
2025-04-28 02:31:14.550 | WARNING  | transformer:train_val:393 - Stop at epoch 44.
2025-04-28 02:31:14.550 | INFO     | transformer:train_val:408 - Training completed!
2025-04-28 02:31:14.815 | INFO     | __main__:<module>:87 - Prova generazione particelle con forward
2025-04-28 02:31:15.609 | INFO     | __main__:<module>:97 - Batch 1 salvato in HDF5.
2025-04-28 02:31:16.360 | INFO     | __main__:<module>:97 - Batch 2 salvato in HDF5.
2025-04-28 02:31:17.084 | INFO     | __main__:<module>:97 - Batch 3 salvato in HDF5.
2025-04-28 02:31:17.815 | INFO     | __main__:<module>:97 - Batch 4 salvato in HDF5.
2025-04-28 02:31:18.557 | INFO     | __main__:<module>:97 - Batch 5 salvato in HDF5.
2025-04-28 02:31:19.291 | INFO     | __main__:<module>:97 - Batch 6 salvato in HDF5.
2025-04-28 02:31:20.041 | INFO     | __main__:<module>:97 - Batch 7 salvato in HDF5.
2025-04-28 02:31:20.780 | INFO     | __main__:<module>:97 - Batch 8 salvato in HDF5.
2025-04-28 02:31:21.532 | INFO     | __main__:<module>:97 - Batch 9 salvato in HDF5.
2025-04-28 02:31:22.277 | INFO     | __main__:<module>:97 - Batch 10 salvato in HDF5.
2025-04-28 02:31:23.038 | INFO     | __main__:<module>:97 - Batch 11 salvato in HDF5.
2025-04-28 02:31:23.796 | INFO     | __main__:<module>:97 - Batch 12 salvato in HDF5.
2025-04-28 02:31:24.561 | INFO     | __main__:<module>:97 - Batch 13 salvato in HDF5.
2025-04-28 02:31:25.298 | INFO     | __main__:<module>:97 - Batch 14 salvato in HDF5.
2025-04-28 02:31:26.022 | INFO     | __main__:<module>:97 - Batch 15 salvato in HDF5.
2025-04-28 02:31:26.761 | INFO     | __main__:<module>:97 - Batch 16 salvato in HDF5.
2025-04-28 02:31:27.507 | INFO     | __main__:<module>:97 - Batch 17 salvato in HDF5.
2025-04-28 02:31:28.249 | INFO     | __main__:<module>:97 - Batch 18 salvato in HDF5.
2025-04-28 02:31:29.001 | INFO     | __main__:<module>:97 - Batch 19 salvato in HDF5.
2025-04-28 02:31:29.736 | INFO     | __main__:<module>:97 - Batch 20 salvato in HDF5.
2025-04-28 02:31:30.483 | INFO     | __main__:<module>:97 - Batch 21 salvato in HDF5.
2025-04-28 02:31:31.226 | INFO     | __main__:<module>:97 - Batch 22 salvato in HDF5.
2025-04-28 02:31:31.991 | INFO     | __main__:<module>:97 - Batch 23 salvato in HDF5.
2025-04-28 02:31:32.750 | INFO     | __main__:<module>:97 - Batch 24 salvato in HDF5.
2025-04-28 02:31:33.478 | INFO     | __main__:<module>:97 - Batch 25 salvato in HDF5.
2025-04-28 02:31:34.227 | INFO     | __main__:<module>:97 - Batch 26 salvato in HDF5.
2025-04-28 02:31:34.985 | INFO     | __main__:<module>:97 - Batch 27 salvato in HDF5.
2025-04-28 02:31:35.732 | INFO     | __main__:<module>:97 - Batch 28 salvato in HDF5.
2025-04-28 02:31:36.466 | INFO     | __main__:<module>:97 - Batch 29 salvato in HDF5.
2025-04-28 02:31:37.198 | INFO     | __main__:<module>:97 - Batch 30 salvato in HDF5.
2025-04-28 02:31:37.950 | INFO     | __main__:<module>:97 - Batch 31 salvato in HDF5.
2025-04-28 02:31:38.680 | INFO     | __main__:<module>:97 - Batch 32 salvato in HDF5.
2025-04-28 02:31:39.420 | INFO     | __main__:<module>:97 - Batch 33 salvato in HDF5.
2025-04-28 02:31:40.151 | INFO     | __main__:<module>:97 - Batch 34 salvato in HDF5.
2025-04-28 02:31:40.908 | INFO     | __main__:<module>:97 - Batch 35 salvato in HDF5.
2025-04-28 02:31:41.641 | INFO     | __main__:<module>:97 - Batch 36 salvato in HDF5.
2025-04-28 02:31:42.384 | INFO     | __main__:<module>:97 - Batch 37 salvato in HDF5.
2025-04-28 02:31:43.122 | INFO     | __main__:<module>:97 - Batch 38 salvato in HDF5.
2025-04-28 02:31:43.859 | INFO     | __main__:<module>:97 - Batch 39 salvato in HDF5.
2025-04-28 02:31:44.592 | INFO     | __main__:<module>:97 - Batch 40 salvato in HDF5.
2025-04-28 02:31:45.326 | INFO     | __main__:<module>:97 - Batch 41 salvato in HDF5.
2025-04-28 02:31:46.080 | INFO     | __main__:<module>:97 - Batch 42 salvato in HDF5.
2025-04-28 02:31:46.840 | INFO     | __main__:<module>:97 - Batch 43 salvato in HDF5.
2025-04-28 02:31:47.588 | INFO     | __main__:<module>:97 - Batch 44 salvato in HDF5.
2025-04-28 02:31:48.347 | INFO     | __main__:<module>:97 - Batch 45 salvato in HDF5.
2025-04-28 02:31:49.104 | INFO     | __main__:<module>:97 - Batch 46 salvato in HDF5.
2025-04-28 02:31:49.851 | INFO     | __main__:<module>:97 - Batch 47 salvato in HDF5.
2025-04-28 02:31:50.580 | INFO     | __main__:<module>:97 - Batch 48 salvato in HDF5.
2025-04-28 02:31:51.317 | INFO     | __main__:<module>:97 - Batch 49 salvato in HDF5.
2025-04-28 02:31:52.053 | INFO     | __main__:<module>:97 - Batch 50 salvato in HDF5.
2025-04-28 02:31:52.807 | INFO     | __main__:<module>:97 - Batch 51 salvato in HDF5.
2025-04-28 02:31:53.543 | INFO     | __main__:<module>:97 - Batch 52 salvato in HDF5.
2025-04-28 02:31:54.278 | INFO     | __main__:<module>:97 - Batch 53 salvato in HDF5.
2025-04-28 02:31:55.015 | INFO     | __main__:<module>:97 - Batch 54 salvato in HDF5.
2025-04-28 02:31:55.776 | INFO     | __main__:<module>:97 - Batch 55 salvato in HDF5.
2025-04-28 02:31:56.535 | INFO     | __main__:<module>:97 - Batch 56 salvato in HDF5.
2025-04-28 02:31:57.301 | INFO     | __main__:<module>:97 - Batch 57 salvato in HDF5.
2025-04-28 02:31:58.063 | INFO     | __main__:<module>:97 - Batch 58 salvato in HDF5.
2025-04-28 02:31:58.820 | INFO     | __main__:<module>:97 - Batch 59 salvato in HDF5.
2025-04-28 02:31:59.614 | INFO     | __main__:<module>:97 - Batch 60 salvato in HDF5.
2025-04-28 02:31:59.620 | INFO     | __main__:<module>:99 - Tutti i batch salvati in un unico file HDF5: output_tensor_descending_pT.h5
padded tensor final shape: torch.Size([10000, 1217, 35])
attention mask final shape: torch.Size([10000, 1217])
padded tensor 23 shape: torch.Size([10000, 2, 35])
event tensor final tensor([14.7128, 11.6593,  7.7954,  ...,  0.0000,  0.0000,  0.0000])
event attention mask final tensor([False, False, False,  ...,  True,  True,  True])
len train: 6000, len val: 2000, len test: 2000
