nohup: ignoring input
2025-05-14 15:06:26.559 | INFO     | transformer:build_projection_layer:180 - Projection layers input/output created.
2025-05-14 15:06:26.568 | INFO     | transformer:initialize_transformer:197 - Transformer initialized with number of hidden units: 64, number of heads: 8, number of encoder layers: 2, number of decoder layers: 2, number of feedforward units: 256, dropout probability: 0.1, activation function: ReLU().
2025-05-14 15:06:27.812 | INFO     | transformer:train_val:597 - Training started!
{-2212: 0, -2112: 1, -321: 2, -211: 3, -16: 4, -14: 5, -13: 6, -12: 7, -11: 8, -5: 9, -4: 10, -3: 11, -2: 12, -1: 13, 1: 14, 2: 15, 3: 16, 4: 17, 5: 18, 11: 19, 12: 20, 13: 21, 14: 22, 16: 23, 21: 24, 22: 25, 130: 26, 211: 27, 321: 28, 2112: 29, 2212: 30, -998: 31, -999: 32}
/home/local/ADUNIPI/a.montanelli/miniconda3/envs/myrootenv/lib/python3.9/site-packages/torch/nn/functional.py:5962: UserWarning: Support for mismatched key_padding_mask and attn_mask is deprecated. Use same type for both instead.
  warnings.warn(
2025-05-14 15:07:08.119 | DEBUG    | transformer:train_one_epoch:437 - Training loss at epoch 1: 500.1199
2025-05-14 15:07:08.119 | DEBUG    | transformer:train_one_epoch:438 - Training C.E. eos at epoch 1: 19.2802
/home/local/ADUNIPI/a.montanelli/miniconda3/envs/myrootenv/lib/python3.9/site-packages/torch/nn/modules/transformer.py:508: UserWarning: The PyTorch API of nested tensors is in prototype stage and will change in the near future. We recommend specifying layout=torch.jagged when constructing a nested tensor, as this layout receives active development, has better operator coverage, and works with torch.compile. (Triggered internally at /pytorch/aten/src/ATen/NestedTensorImpl.cpp:178.)
  output = torch._nested_tensor_from_mask(
2025-05-14 15:07:13.769 | DEBUG    | transformer:val_one_epoch:542 - Validation loss at epoch 1: 118.6392
2025-05-14 15:07:13.770 | DEBUG    | transformer:val_one_epoch:545 - Validation C.E. eos at epoch 1: 2.1228
[Epoca 1] Memoria allocata:   19.93 MB
[Epoca 1] Memoria riservata:   76.00 MB
[Epoca 1] Totale allocata (storico): 0.08 MB
[Epoca 1]  Picco memoria allocata: 13692.00 MB
2025-05-14 15:07:54.664 | DEBUG    | transformer:train_one_epoch:437 - Training loss at epoch 2: 304.0353
2025-05-14 15:07:54.665 | DEBUG    | transformer:train_one_epoch:438 - Training C.E. eos at epoch 2: 5.8949
2025-05-14 15:08:00.217 | DEBUG    | transformer:val_one_epoch:542 - Validation loss at epoch 2: 85.0046
2025-05-14 15:08:00.218 | DEBUG    | transformer:val_one_epoch:545 - Validation C.E. eos at epoch 2: 0.6654
[Epoca 2] Memoria allocata:   19.93 MB
[Epoca 2] Memoria riservata:   82.00 MB
[Epoca 2] Totale allocata (storico): 0.16 MB
[Epoca 2]  Picco memoria allocata: 13694.54 MB
2025-05-14 15:08:42.239 | DEBUG    | transformer:train_one_epoch:437 - Training loss at epoch 3: 232.5237
2025-05-14 15:08:42.239 | DEBUG    | transformer:train_one_epoch:438 - Training C.E. eos at epoch 3: 3.1077
2025-05-14 15:08:47.960 | DEBUG    | transformer:val_one_epoch:542 - Validation loss at epoch 3: 74.6639
2025-05-14 15:08:47.961 | DEBUG    | transformer:val_one_epoch:545 - Validation C.E. eos at epoch 3: 0.3341
[Epoca 3] Memoria allocata:   19.93 MB
[Epoca 3] Memoria riservata:   84.00 MB
[Epoca 3] Totale allocata (storico): 0.23 MB
[Epoca 3]  Picco memoria allocata: 13693.90 MB
2025-05-14 15:09:29.143 | DEBUG    | transformer:train_one_epoch:437 - Training loss at epoch 4: 214.5539
2025-05-14 15:09:29.144 | DEBUG    | transformer:train_one_epoch:438 - Training C.E. eos at epoch 4: 2.1353
2025-05-14 15:09:34.778 | DEBUG    | transformer:val_one_epoch:542 - Validation loss at epoch 4: 66.7399
2025-05-14 15:09:34.778 | DEBUG    | transformer:val_one_epoch:545 - Validation C.E. eos at epoch 4: 0.3418
[Epoca 4] Memoria allocata:   19.93 MB
[Epoca 4] Memoria riservata:   80.00 MB
[Epoca 4] Totale allocata (storico): 0.31 MB
[Epoca 4]  Picco memoria allocata: 13692.70 MB
2025-05-14 15:10:16.572 | DEBUG    | transformer:train_one_epoch:437 - Training loss at epoch 5: 200.9744
2025-05-14 15:10:16.573 | DEBUG    | transformer:train_one_epoch:438 - Training C.E. eos at epoch 5: 1.6578
2025-05-14 15:10:22.395 | DEBUG    | transformer:val_one_epoch:542 - Validation loss at epoch 5: 66.1004
2025-05-14 15:10:22.395 | DEBUG    | transformer:val_one_epoch:545 - Validation C.E. eos at epoch 5: 0.1920
[Epoca 5] Memoria allocata:   19.93 MB
[Epoca 5] Memoria riservata:   84.00 MB
[Epoca 5] Totale allocata (storico): 0.39 MB
[Epoca 5]  Picco memoria allocata: 13693.90 MB
2025-05-14 15:11:03.706 | DEBUG    | transformer:train_one_epoch:437 - Training loss at epoch 6: 197.3154
2025-05-14 15:11:03.707 | DEBUG    | transformer:train_one_epoch:438 - Training C.E. eos at epoch 6: 1.3788
2025-05-14 15:11:09.426 | DEBUG    | transformer:val_one_epoch:542 - Validation loss at epoch 6: 67.4501
2025-05-14 15:11:09.426 | DEBUG    | transformer:val_one_epoch:545 - Validation C.E. eos at epoch 6: 0.1456
[Epoca 6] Memoria allocata:   19.93 MB
[Epoca 6] Memoria riservata:   80.00 MB
[Epoca 6] Totale allocata (storico): 0.46 MB
[Epoca 6]  Picco memoria allocata: 13693.68 MB
2025-05-14 15:11:51.142 | DEBUG    | transformer:train_one_epoch:437 - Training loss at epoch 7: 192.6730
2025-05-14 15:11:51.142 | DEBUG    | transformer:train_one_epoch:438 - Training C.E. eos at epoch 7: 1.2803
2025-05-14 15:11:56.899 | DEBUG    | transformer:val_one_epoch:542 - Validation loss at epoch 7: 61.5803
2025-05-14 15:11:56.900 | DEBUG    | transformer:val_one_epoch:545 - Validation C.E. eos at epoch 7: 0.2496
[Epoca 7] Memoria allocata:   19.93 MB
[Epoca 7] Memoria riservata:   80.00 MB
[Epoca 7] Totale allocata (storico): 0.54 MB
[Epoca 7]  Picco memoria allocata: 13694.54 MB
2025-05-14 15:12:37.769 | DEBUG    | transformer:train_one_epoch:437 - Training loss at epoch 8: 189.2620
2025-05-14 15:12:37.769 | DEBUG    | transformer:train_one_epoch:438 - Training C.E. eos at epoch 8: 1.1391
2025-05-14 15:12:43.431 | DEBUG    | transformer:val_one_epoch:542 - Validation loss at epoch 8: 61.2899
2025-05-14 15:12:43.431 | DEBUG    | transformer:val_one_epoch:545 - Validation C.E. eos at epoch 8: 0.2726
[Epoca 8] Memoria allocata:   19.93 MB
[Epoca 8] Memoria riservata:   82.00 MB
[Epoca 8] Totale allocata (storico): 0.62 MB
[Epoca 8]  Picco memoria allocata: 13694.86 MB
2025-05-14 15:13:24.211 | DEBUG    | transformer:train_one_epoch:437 - Training loss at epoch 9: 187.6770
2025-05-14 15:13:24.212 | DEBUG    | transformer:train_one_epoch:438 - Training C.E. eos at epoch 9: 1.0934
2025-05-14 15:13:30.031 | DEBUG    | transformer:val_one_epoch:542 - Validation loss at epoch 9: 60.5902
2025-05-14 15:13:30.031 | DEBUG    | transformer:val_one_epoch:545 - Validation C.E. eos at epoch 9: 0.2754
[Epoca 9] Memoria allocata:   19.93 MB
[Epoca 9] Memoria riservata:   80.00 MB
[Epoca 9] Totale allocata (storico): 0.70 MB
[Epoca 9]  Picco memoria allocata: 13692.45 MB
2025-05-14 15:14:11.550 | DEBUG    | transformer:train_one_epoch:437 - Training loss at epoch 10: 186.5356
2025-05-14 15:14:11.550 | DEBUG    | transformer:train_one_epoch:438 - Training C.E. eos at epoch 10: 1.0118
2025-05-14 15:14:17.445 | DEBUG    | transformer:val_one_epoch:542 - Validation loss at epoch 10: 62.4613
2025-05-14 15:14:17.445 | DEBUG    | transformer:val_one_epoch:545 - Validation C.E. eos at epoch 10: 0.6682
[Epoca 10] Memoria allocata:   19.93 MB
[Epoca 10] Memoria riservata:   80.00 MB
[Epoca 10] Totale allocata (storico): 0.77 MB
[Epoca 10]  Picco memoria allocata: 13693.17 MB
2025-05-14 15:14:59.034 | DEBUG    | transformer:train_one_epoch:437 - Training loss at epoch 11: 186.4473
2025-05-14 15:14:59.034 | DEBUG    | transformer:train_one_epoch:438 - Training C.E. eos at epoch 11: 1.0270
2025-05-14 15:15:04.814 | DEBUG    | transformer:val_one_epoch:542 - Validation loss at epoch 11: 61.1776
2025-05-14 15:15:04.814 | DEBUG    | transformer:val_one_epoch:545 - Validation C.E. eos at epoch 11: 0.5023
2025-05-14 15:15:04.815 | INFO     | transformer:train_val:612 - stop smooth: False
2025-05-14 15:15:04.815 | INFO     | transformer:train_val:624 - stop early: False
[Epoca 11] Memoria allocata:   19.93 MB
[Epoca 11] Memoria riservata:   80.00 MB
[Epoca 11] Totale allocata (storico): 0.85 MB
[Epoca 11]  Picco memoria allocata: 13693.36 MB
2025-05-14 15:15:46.909 | DEBUG    | transformer:train_one_epoch:437 - Training loss at epoch 12: 184.3575
2025-05-14 15:15:46.910 | DEBUG    | transformer:train_one_epoch:438 - Training C.E. eos at epoch 12: 0.9665
2025-05-14 15:15:52.491 | DEBUG    | transformer:val_one_epoch:542 - Validation loss at epoch 12: 60.3353
2025-05-14 15:15:52.492 | DEBUG    | transformer:val_one_epoch:545 - Validation C.E. eos at epoch 12: 0.3283
2025-05-14 15:15:52.493 | INFO     | transformer:train_val:612 - stop smooth: False
2025-05-14 15:15:52.493 | INFO     | transformer:train_val:624 - stop early: False
[Epoca 12] Memoria allocata:   19.93 MB
[Epoca 12] Memoria riservata:   80.00 MB
[Epoca 12] Totale allocata (storico): 0.93 MB
[Epoca 12]  Picco memoria allocata: 13680.70 MB
2025-05-14 15:16:33.228 | DEBUG    | transformer:train_one_epoch:437 - Training loss at epoch 13: 183.8999
2025-05-14 15:16:33.229 | DEBUG    | transformer:train_one_epoch:438 - Training C.E. eos at epoch 13: 0.9437
2025-05-14 15:16:39.077 | DEBUG    | transformer:val_one_epoch:542 - Validation loss at epoch 13: 60.2601
2025-05-14 15:16:39.078 | DEBUG    | transformer:val_one_epoch:545 - Validation C.E. eos at epoch 13: 0.2001
2025-05-14 15:16:39.078 | INFO     | transformer:train_val:612 - stop smooth: False
2025-05-14 15:16:39.079 | INFO     | transformer:train_val:624 - stop early: False
[Epoca 13] Memoria allocata:   19.93 MB
[Epoca 13] Memoria riservata:   84.00 MB
[Epoca 13] Totale allocata (storico): 1.01 MB
[Epoca 13]  Picco memoria allocata: 13694.54 MB
2025-05-14 15:17:20.141 | DEBUG    | transformer:train_one_epoch:437 - Training loss at epoch 14: 184.3011
2025-05-14 15:17:20.141 | DEBUG    | transformer:train_one_epoch:438 - Training C.E. eos at epoch 14: 0.9804
2025-05-14 15:17:26.144 | DEBUG    | transformer:val_one_epoch:542 - Validation loss at epoch 14: 61.6701
2025-05-14 15:17:26.145 | DEBUG    | transformer:val_one_epoch:545 - Validation C.E. eos at epoch 14: 0.1018
2025-05-14 15:17:26.145 | INFO     | transformer:train_val:612 - stop smooth: True
2025-05-14 15:17:26.145 | INFO     | transformer:train_val:624 - stop early: True
[Epoca 14] Memoria allocata:   19.93 MB
[Epoca 14] Memoria riservata:   82.00 MB
[Epoca 14] Totale allocata (storico): 1.08 MB
[Epoca 14]  Picco memoria allocata: 13694.54 MB
2025-05-14 15:18:07.971 | DEBUG    | transformer:train_one_epoch:437 - Training loss at epoch 15: 182.7070
2025-05-14 15:18:07.972 | DEBUG    | transformer:train_one_epoch:438 - Training C.E. eos at epoch 15: 0.8934
2025-05-14 15:18:13.727 | DEBUG    | transformer:val_one_epoch:542 - Validation loss at epoch 15: 60.9660
2025-05-14 15:18:13.727 | DEBUG    | transformer:val_one_epoch:545 - Validation C.E. eos at epoch 15: 0.1224
2025-05-14 15:18:13.728 | INFO     | transformer:train_val:612 - stop smooth: True
2025-05-14 15:18:13.728 | INFO     | transformer:train_val:624 - stop early: False
[Epoca 15] Memoria allocata:   19.93 MB
[Epoca 15] Memoria riservata:   78.00 MB
[Epoca 15] Totale allocata (storico): 1.16 MB
[Epoca 15]  Picco memoria allocata: 13694.02 MB
2025-05-14 15:18:55.180 | DEBUG    | transformer:train_one_epoch:437 - Training loss at epoch 16: 183.3094
2025-05-14 15:18:55.180 | DEBUG    | transformer:train_one_epoch:438 - Training C.E. eos at epoch 16: 0.9090
2025-05-14 15:19:01.067 | DEBUG    | transformer:val_one_epoch:542 - Validation loss at epoch 16: 60.0686
2025-05-14 15:19:01.068 | DEBUG    | transformer:val_one_epoch:545 - Validation C.E. eos at epoch 16: 0.2595
2025-05-14 15:19:01.069 | INFO     | transformer:train_val:612 - stop smooth: False
2025-05-14 15:19:01.069 | INFO     | transformer:train_val:624 - stop early: False
[Epoca 16] Memoria allocata:   19.93 MB
[Epoca 16] Memoria riservata:   76.00 MB
[Epoca 16] Totale allocata (storico): 1.24 MB
[Epoca 16]  Picco memoria allocata: 13694.58 MB
2025-05-14 15:19:42.420 | DEBUG    | transformer:train_one_epoch:437 - Training loss at epoch 17: 184.5476
2025-05-14 15:19:42.420 | DEBUG    | transformer:train_one_epoch:438 - Training C.E. eos at epoch 17: 1.0022
2025-05-14 15:19:48.068 | DEBUG    | transformer:val_one_epoch:542 - Validation loss at epoch 17: 61.0531
2025-05-14 15:19:48.069 | DEBUG    | transformer:val_one_epoch:545 - Validation C.E. eos at epoch 17: 0.1512
2025-05-14 15:19:48.069 | INFO     | transformer:train_val:612 - stop smooth: True
2025-05-14 15:19:48.069 | INFO     | transformer:train_val:624 - stop early: True
[Epoca 17] Memoria allocata:   19.93 MB
[Epoca 17] Memoria riservata:   76.00 MB
[Epoca 17] Totale allocata (storico): 1.32 MB
[Epoca 17]  Picco memoria allocata: 13693.54 MB
2025-05-14 15:20:29.628 | DEBUG    | transformer:train_one_epoch:437 - Training loss at epoch 18: 186.1038
2025-05-14 15:20:29.629 | DEBUG    | transformer:train_one_epoch:438 - Training C.E. eos at epoch 18: 0.9963
2025-05-14 15:20:35.226 | DEBUG    | transformer:val_one_epoch:542 - Validation loss at epoch 18: 61.7747
2025-05-14 15:20:35.226 | DEBUG    | transformer:val_one_epoch:545 - Validation C.E. eos at epoch 18: 0.1280
2025-05-14 15:20:35.227 | INFO     | transformer:train_val:612 - stop smooth: True
2025-05-14 15:20:35.227 | INFO     | transformer:train_val:624 - stop early: True
[Epoca 18] Memoria allocata:   19.93 MB
[Epoca 18] Memoria riservata:   82.00 MB
[Epoca 18] Totale allocata (storico): 1.39 MB
[Epoca 18]  Picco memoria allocata: 13694.54 MB
2025-05-14 15:21:16.777 | DEBUG    | transformer:train_one_epoch:437 - Training loss at epoch 19: 182.8365
2025-05-14 15:21:16.777 | DEBUG    | transformer:train_one_epoch:438 - Training C.E. eos at epoch 19: 0.8971
2025-05-14 15:21:22.663 | DEBUG    | transformer:val_one_epoch:542 - Validation loss at epoch 19: 61.4442
2025-05-14 15:21:22.664 | DEBUG    | transformer:val_one_epoch:545 - Validation C.E. eos at epoch 19: 0.1198
2025-05-14 15:21:22.664 | INFO     | transformer:train_val:612 - stop smooth: True
2025-05-14 15:21:22.665 | INFO     | transformer:train_val:624 - stop early: False
[Epoca 19] Memoria allocata:   19.93 MB
[Epoca 19] Memoria riservata:   78.00 MB
[Epoca 19] Totale allocata (storico): 1.47 MB
[Epoca 19]  Picco memoria allocata: 13693.77 MB
2025-05-14 15:22:04.208 | DEBUG    | transformer:train_one_epoch:437 - Training loss at epoch 20: 183.7000
2025-05-14 15:22:04.208 | DEBUG    | transformer:train_one_epoch:438 - Training C.E. eos at epoch 20: 0.9050
2025-05-14 15:22:09.756 | DEBUG    | transformer:val_one_epoch:542 - Validation loss at epoch 20: 60.2111
2025-05-14 15:22:09.757 | DEBUG    | transformer:val_one_epoch:545 - Validation C.E. eos at epoch 20: 0.1919
2025-05-14 15:22:09.758 | INFO     | transformer:train_val:612 - stop smooth: True
2025-05-14 15:22:09.758 | INFO     | transformer:train_val:624 - stop early: False
[Epoca 20] Memoria allocata:   19.93 MB
[Epoca 20] Memoria riservata:   80.00 MB
[Epoca 20] Totale allocata (storico): 1.55 MB
[Epoca 20]  Picco memoria allocata: 13693.28 MB
2025-05-14 15:22:50.799 | DEBUG    | transformer:train_one_epoch:437 - Training loss at epoch 21: 183.4203
2025-05-14 15:22:50.799 | DEBUG    | transformer:train_one_epoch:438 - Training C.E. eos at epoch 21: 0.9147
2025-05-14 15:22:56.609 | DEBUG    | transformer:val_one_epoch:542 - Validation loss at epoch 21: 60.3771
2025-05-14 15:22:56.610 | DEBUG    | transformer:val_one_epoch:545 - Validation C.E. eos at epoch 21: 0.1693
2025-05-14 15:22:56.610 | INFO     | transformer:train_val:612 - stop smooth: True
2025-05-14 15:22:56.610 | INFO     | transformer:train_val:624 - stop early: True
[Epoca 21] Memoria allocata:   19.93 MB
[Epoca 21] Memoria riservata:   78.00 MB
[Epoca 21] Totale allocata (storico): 1.63 MB
[Epoca 21]  Picco memoria allocata: 13693.63 MB
2025-05-14 15:23:38.134 | DEBUG    | transformer:train_one_epoch:437 - Training loss at epoch 22: 181.9414
2025-05-14 15:23:38.134 | DEBUG    | transformer:train_one_epoch:438 - Training C.E. eos at epoch 22: 0.9084
2025-05-14 15:23:43.881 | DEBUG    | transformer:val_one_epoch:542 - Validation loss at epoch 22: 60.0974
2025-05-14 15:23:43.881 | DEBUG    | transformer:val_one_epoch:545 - Validation C.E. eos at epoch 22: 0.3449
2025-05-14 15:23:43.882 | INFO     | transformer:train_val:612 - stop smooth: True
2025-05-14 15:23:43.882 | INFO     | transformer:train_val:624 - stop early: False
[Epoca 22] Memoria allocata:   19.93 MB
[Epoca 22] Memoria riservata:   80.00 MB
[Epoca 22] Totale allocata (storico): 1.70 MB
[Epoca 22]  Picco memoria allocata: 13692.82 MB
2025-05-14 15:24:25.588 | DEBUG    | transformer:train_one_epoch:437 - Training loss at epoch 23: 181.7241
2025-05-14 15:24:25.588 | DEBUG    | transformer:train_one_epoch:438 - Training C.E. eos at epoch 23: 0.8170
2025-05-14 15:24:31.401 | DEBUG    | transformer:val_one_epoch:542 - Validation loss at epoch 23: 59.9128
2025-05-14 15:24:31.401 | DEBUG    | transformer:val_one_epoch:545 - Validation C.E. eos at epoch 23: 0.3580
2025-05-14 15:24:31.402 | INFO     | transformer:train_val:612 - stop smooth: False
2025-05-14 15:24:31.402 | INFO     | transformer:train_val:624 - stop early: False
[Epoca 23] Memoria allocata:   19.93 MB
[Epoca 23] Memoria riservata:   82.00 MB
[Epoca 23] Totale allocata (storico): 1.78 MB
[Epoca 23]  Picco memoria allocata: 13694.40 MB
2025-05-14 15:25:12.599 | DEBUG    | transformer:train_one_epoch:437 - Training loss at epoch 24: 181.5529
2025-05-14 15:25:12.600 | DEBUG    | transformer:train_one_epoch:438 - Training C.E. eos at epoch 24: 0.8694
2025-05-14 15:25:18.419 | DEBUG    | transformer:val_one_epoch:542 - Validation loss at epoch 24: 59.7483
2025-05-14 15:25:18.420 | DEBUG    | transformer:val_one_epoch:545 - Validation C.E. eos at epoch 24: 0.3108
2025-05-14 15:25:18.421 | INFO     | transformer:train_val:612 - stop smooth: False
2025-05-14 15:25:18.421 | INFO     | transformer:train_val:624 - stop early: False
[Epoca 24] Memoria allocata:   19.93 MB
[Epoca 24] Memoria riservata:   82.00 MB
[Epoca 24] Totale allocata (storico): 1.86 MB
[Epoca 24]  Picco memoria allocata: 13694.09 MB
2025-05-14 15:25:59.462 | DEBUG    | transformer:train_one_epoch:437 - Training loss at epoch 25: 181.1990
2025-05-14 15:25:59.463 | DEBUG    | transformer:train_one_epoch:438 - Training C.E. eos at epoch 25: 0.8617
2025-05-14 15:26:05.028 | DEBUG    | transformer:val_one_epoch:542 - Validation loss at epoch 25: 59.9090
2025-05-14 15:26:05.028 | DEBUG    | transformer:val_one_epoch:545 - Validation C.E. eos at epoch 25: 0.2088
2025-05-14 15:26:05.029 | INFO     | transformer:train_val:612 - stop smooth: True
2025-05-14 15:26:05.029 | INFO     | transformer:train_val:624 - stop early: True
[Epoca 25] Memoria allocata:   19.93 MB
[Epoca 25] Memoria riservata:   82.00 MB
[Epoca 25] Totale allocata (storico): 1.94 MB
[Epoca 25]  Picco memoria allocata: 13692.65 MB
2025-05-14 15:26:46.342 | DEBUG    | transformer:train_one_epoch:437 - Training loss at epoch 26: 180.3542
2025-05-14 15:26:46.343 | DEBUG    | transformer:train_one_epoch:438 - Training C.E. eos at epoch 26: 0.8109
2025-05-14 15:26:52.175 | DEBUG    | transformer:val_one_epoch:542 - Validation loss at epoch 26: 59.6512
2025-05-14 15:26:52.175 | DEBUG    | transformer:val_one_epoch:545 - Validation C.E. eos at epoch 26: 0.2857
2025-05-14 15:26:52.176 | INFO     | transformer:train_val:612 - stop smooth: False
2025-05-14 15:26:52.176 | INFO     | transformer:train_val:624 - stop early: False
[Epoca 26] Memoria allocata:   19.93 MB
[Epoca 26] Memoria riservata:   78.00 MB
[Epoca 26] Totale allocata (storico): 2.01 MB
[Epoca 26]  Picco memoria allocata: 13693.19 MB
2025-05-14 15:27:33.180 | DEBUG    | transformer:train_one_epoch:437 - Training loss at epoch 27: 179.3308
2025-05-14 15:27:33.181 | DEBUG    | transformer:train_one_epoch:438 - Training C.E. eos at epoch 27: 0.7715
2025-05-14 15:27:38.869 | DEBUG    | transformer:val_one_epoch:542 - Validation loss at epoch 27: 59.7362
2025-05-14 15:27:38.870 | DEBUG    | transformer:val_one_epoch:545 - Validation C.E. eos at epoch 27: 0.2473
2025-05-14 15:27:38.870 | INFO     | transformer:train_val:612 - stop smooth: True
2025-05-14 15:27:38.870 | INFO     | transformer:train_val:624 - stop early: True
[Epoca 27] Memoria allocata:   19.93 MB
[Epoca 27] Memoria riservata:   78.00 MB
[Epoca 27] Totale allocata (storico): 2.09 MB
[Epoca 27]  Picco memoria allocata: 13694.58 MB
2025-05-14 15:28:20.770 | DEBUG    | transformer:train_one_epoch:437 - Training loss at epoch 28: 184.0112
2025-05-14 15:28:20.770 | DEBUG    | transformer:train_one_epoch:438 - Training C.E. eos at epoch 28: 1.0368
2025-05-14 15:28:26.523 | DEBUG    | transformer:val_one_epoch:542 - Validation loss at epoch 28: 61.6510
2025-05-14 15:28:26.523 | DEBUG    | transformer:val_one_epoch:545 - Validation C.E. eos at epoch 28: 0.1393
2025-05-14 15:28:26.524 | INFO     | transformer:train_val:612 - stop smooth: True
2025-05-14 15:28:26.524 | INFO     | transformer:train_val:624 - stop early: True
[Epoca 28] Memoria allocata:   19.93 MB
[Epoca 28] Memoria riservata:   80.00 MB
[Epoca 28] Totale allocata (storico): 2.17 MB
[Epoca 28]  Picco memoria allocata: 13694.54 MB
2025-05-14 15:29:07.430 | DEBUG    | transformer:train_one_epoch:437 - Training loss at epoch 29: 180.4312
2025-05-14 15:29:07.430 | DEBUG    | transformer:train_one_epoch:438 - Training C.E. eos at epoch 29: 0.8400
2025-05-14 15:29:13.172 | DEBUG    | transformer:val_one_epoch:542 - Validation loss at epoch 29: 60.2145
2025-05-14 15:29:13.173 | DEBUG    | transformer:val_one_epoch:545 - Validation C.E. eos at epoch 29: 0.1318
2025-05-14 15:29:13.173 | INFO     | transformer:train_val:612 - stop smooth: True
2025-05-14 15:29:13.173 | INFO     | transformer:train_val:624 - stop early: False
[Epoca 29] Memoria allocata:   19.93 MB
[Epoca 29] Memoria riservata:   82.00 MB
[Epoca 29] Totale allocata (storico): 2.25 MB
[Epoca 29]  Picco memoria allocata: 13693.29 MB
2025-05-14 15:29:54.425 | DEBUG    | transformer:train_one_epoch:437 - Training loss at epoch 30: 179.9884
2025-05-14 15:29:54.425 | DEBUG    | transformer:train_one_epoch:438 - Training C.E. eos at epoch 30: 0.8134
2025-05-14 15:30:00.098 | DEBUG    | transformer:val_one_epoch:542 - Validation loss at epoch 30: 59.5334
2025-05-14 15:30:00.099 | DEBUG    | transformer:val_one_epoch:545 - Validation C.E. eos at epoch 30: 0.1799
2025-05-14 15:30:00.100 | INFO     | transformer:train_val:612 - stop smooth: False
2025-05-14 15:30:00.100 | INFO     | transformer:train_val:624 - stop early: False
[Epoca 30] Memoria allocata:   19.93 MB
[Epoca 30] Memoria riservata:   82.00 MB
[Epoca 30] Totale allocata (storico): 2.32 MB
[Epoca 30]  Picco memoria allocata: 13694.02 MB
2025-05-14 15:30:41.544 | DEBUG    | transformer:train_one_epoch:437 - Training loss at epoch 31: 179.2732
2025-05-14 15:30:41.545 | DEBUG    | transformer:train_one_epoch:438 - Training C.E. eos at epoch 31: 0.7508
2025-05-14 15:30:47.185 | DEBUG    | transformer:val_one_epoch:542 - Validation loss at epoch 31: 59.4368
2025-05-14 15:30:47.185 | DEBUG    | transformer:val_one_epoch:545 - Validation C.E. eos at epoch 31: 0.3028
2025-05-14 15:30:47.186 | INFO     | transformer:train_val:612 - stop smooth: False
2025-05-14 15:30:47.186 | INFO     | transformer:train_val:624 - stop early: False
[Epoca 31] Memoria allocata:   19.93 MB
[Epoca 31] Memoria riservata:   84.00 MB
[Epoca 31] Totale allocata (storico): 2.40 MB
[Epoca 31]  Picco memoria allocata: 13692.89 MB
2025-05-14 15:31:28.358 | DEBUG    | transformer:train_one_epoch:437 - Training loss at epoch 32: 180.8332
2025-05-14 15:31:28.359 | DEBUG    | transformer:train_one_epoch:438 - Training C.E. eos at epoch 32: 0.8806
2025-05-14 15:31:34.034 | DEBUG    | transformer:val_one_epoch:542 - Validation loss at epoch 32: 60.0378
2025-05-14 15:31:34.034 | DEBUG    | transformer:val_one_epoch:545 - Validation C.E. eos at epoch 32: 0.2405
2025-05-14 15:31:34.035 | INFO     | transformer:train_val:612 - stop smooth: True
2025-05-14 15:31:34.035 | INFO     | transformer:train_val:624 - stop early: True
[Epoca 32] Memoria allocata:   19.93 MB
[Epoca 32] Memoria riservata:   78.00 MB
[Epoca 32] Totale allocata (storico): 2.48 MB
[Epoca 32]  Picco memoria allocata: 13694.86 MB
2025-05-14 15:32:15.516 | DEBUG    | transformer:train_one_epoch:437 - Training loss at epoch 33: 179.7680
2025-05-14 15:32:15.516 | DEBUG    | transformer:train_one_epoch:438 - Training C.E. eos at epoch 33: 0.7857
2025-05-14 15:32:21.270 | DEBUG    | transformer:val_one_epoch:542 - Validation loss at epoch 33: 60.3523
2025-05-14 15:32:21.270 | DEBUG    | transformer:val_one_epoch:545 - Validation C.E. eos at epoch 33: 0.0840
2025-05-14 15:32:21.271 | INFO     | transformer:train_val:612 - stop smooth: True
2025-05-14 15:32:21.271 | INFO     | transformer:train_val:624 - stop early: True
[Epoca 33] Memoria allocata:   19.93 MB
[Epoca 33] Memoria riservata:   80.00 MB
[Epoca 33] Totale allocata (storico): 2.56 MB
[Epoca 33]  Picco memoria allocata: 13693.32 MB
2025-05-14 15:33:02.329 | DEBUG    | transformer:train_one_epoch:437 - Training loss at epoch 34: 179.1027
2025-05-14 15:33:02.330 | DEBUG    | transformer:train_one_epoch:438 - Training C.E. eos at epoch 34: 0.7719
2025-05-14 15:33:08.122 | DEBUG    | transformer:val_one_epoch:542 - Validation loss at epoch 34: 59.3619
2025-05-14 15:33:08.123 | DEBUG    | transformer:val_one_epoch:545 - Validation C.E. eos at epoch 34: 0.2117
2025-05-14 15:33:08.123 | INFO     | transformer:train_val:612 - stop smooth: False
2025-05-14 15:33:08.123 | INFO     | transformer:train_val:624 - stop early: False
[Epoca 34] Memoria allocata:   19.93 MB
[Epoca 34] Memoria riservata:   84.00 MB
[Epoca 34] Totale allocata (storico): 2.63 MB
[Epoca 34]  Picco memoria allocata: 13695.63 MB
2025-05-14 15:33:48.689 | DEBUG    | transformer:train_one_epoch:437 - Training loss at epoch 35: 180.6306
2025-05-14 15:33:48.689 | DEBUG    | transformer:train_one_epoch:438 - Training C.E. eos at epoch 35: 0.8447
2025-05-14 15:33:54.453 | DEBUG    | transformer:val_one_epoch:542 - Validation loss at epoch 35: 61.7715
2025-05-14 15:33:54.454 | DEBUG    | transformer:val_one_epoch:545 - Validation C.E. eos at epoch 35: 0.0687
2025-05-14 15:33:54.455 | INFO     | transformer:train_val:612 - stop smooth: True
2025-05-14 15:33:54.455 | INFO     | transformer:train_val:624 - stop early: True
[Epoca 35] Memoria allocata:   19.93 MB
[Epoca 35] Memoria riservata:   82.00 MB
[Epoca 35] Totale allocata (storico): 2.71 MB
[Epoca 35]  Picco memoria allocata: 13692.40 MB
2025-05-14 15:34:35.459 | DEBUG    | transformer:train_one_epoch:437 - Training loss at epoch 36: 178.4444
2025-05-14 15:34:35.459 | DEBUG    | transformer:train_one_epoch:438 - Training C.E. eos at epoch 36: 0.7290
2025-05-14 15:34:41.374 | DEBUG    | transformer:val_one_epoch:542 - Validation loss at epoch 36: 59.2132
2025-05-14 15:34:41.375 | DEBUG    | transformer:val_one_epoch:545 - Validation C.E. eos at epoch 36: 0.2380
2025-05-14 15:34:41.376 | INFO     | transformer:train_val:612 - stop smooth: False
2025-05-14 15:34:41.376 | INFO     | transformer:train_val:624 - stop early: False
[Epoca 36] Memoria allocata:   19.93 MB
[Epoca 36] Memoria riservata:   82.00 MB
[Epoca 36] Totale allocata (storico): 2.79 MB
[Epoca 36]  Picco memoria allocata: 13692.45 MB
2025-05-14 15:35:23.167 | DEBUG    | transformer:train_one_epoch:437 - Training loss at epoch 37: 179.0674
2025-05-14 15:35:23.168 | DEBUG    | transformer:train_one_epoch:438 - Training C.E. eos at epoch 37: 0.7915
2025-05-14 15:35:28.908 | DEBUG    | transformer:val_one_epoch:542 - Validation loss at epoch 37: 59.7864
2025-05-14 15:35:28.908 | DEBUG    | transformer:val_one_epoch:545 - Validation C.E. eos at epoch 37: 0.3674
2025-05-14 15:35:28.909 | INFO     | transformer:train_val:612 - stop smooth: True
2025-05-14 15:35:28.909 | INFO     | transformer:train_val:624 - stop early: True
[Epoca 37] Memoria allocata:   19.93 MB
[Epoca 37] Memoria riservata:   84.00 MB
[Epoca 37] Totale allocata (storico): 2.86 MB
[Epoca 37]  Picco memoria allocata: 13693.36 MB
2025-05-14 15:36:10.017 | DEBUG    | transformer:train_one_epoch:437 - Training loss at epoch 38: 178.7179
2025-05-14 15:36:10.018 | DEBUG    | transformer:train_one_epoch:438 - Training C.E. eos at epoch 38: 0.7867
2025-05-14 15:36:15.504 | DEBUG    | transformer:val_one_epoch:542 - Validation loss at epoch 38: 59.8525
2025-05-14 15:36:15.504 | DEBUG    | transformer:val_one_epoch:545 - Validation C.E. eos at epoch 38: 0.1406
2025-05-14 15:36:15.505 | INFO     | transformer:train_val:612 - stop smooth: True
2025-05-14 15:36:15.506 | INFO     | transformer:train_val:624 - stop early: True
[Epoca 38] Memoria allocata:   19.93 MB
[Epoca 38] Memoria riservata:   76.00 MB
[Epoca 38] Totale allocata (storico): 2.94 MB
[Epoca 38]  Picco memoria allocata: 13693.11 MB
2025-05-14 15:36:56.718 | DEBUG    | transformer:train_one_epoch:437 - Training loss at epoch 39: 183.8213
2025-05-14 15:36:56.718 | DEBUG    | transformer:train_one_epoch:438 - Training C.E. eos at epoch 39: 0.9200
2025-05-14 15:37:02.400 | DEBUG    | transformer:val_one_epoch:542 - Validation loss at epoch 39: 60.1320
2025-05-14 15:37:02.401 | DEBUG    | transformer:val_one_epoch:545 - Validation C.E. eos at epoch 39: 0.4185
2025-05-14 15:37:02.402 | INFO     | transformer:train_val:612 - stop smooth: True
2025-05-14 15:37:02.402 | INFO     | transformer:train_val:624 - stop early: True
[Epoca 39] Memoria allocata:   19.93 MB
[Epoca 39] Memoria riservata:   82.00 MB
[Epoca 39] Totale allocata (storico): 3.02 MB
[Epoca 39]  Picco memoria allocata: 13693.54 MB
2025-05-14 15:37:43.285 | DEBUG    | transformer:train_one_epoch:437 - Training loss at epoch 40: 178.3286
2025-05-14 15:37:43.286 | DEBUG    | transformer:train_one_epoch:438 - Training C.E. eos at epoch 40: 0.7649
2025-05-14 15:37:49.051 | DEBUG    | transformer:val_one_epoch:542 - Validation loss at epoch 40: 59.2526
2025-05-14 15:37:49.051 | DEBUG    | transformer:val_one_epoch:545 - Validation C.E. eos at epoch 40: 0.1624
2025-05-14 15:37:49.052 | INFO     | transformer:train_val:612 - stop smooth: True
2025-05-14 15:37:49.052 | INFO     | transformer:train_val:624 - stop early: False
[Epoca 40] Memoria allocata:   19.93 MB
[Epoca 40] Memoria riservata:   82.00 MB
[Epoca 40] Totale allocata (storico): 3.10 MB
[Epoca 40]  Picco memoria allocata: 13692.92 MB
2025-05-14 15:38:29.658 | DEBUG    | transformer:train_one_epoch:437 - Training loss at epoch 41: 179.5839
2025-05-14 15:38:29.659 | DEBUG    | transformer:train_one_epoch:438 - Training C.E. eos at epoch 41: 0.7292
2025-05-14 15:38:35.363 | DEBUG    | transformer:val_one_epoch:542 - Validation loss at epoch 41: 60.4089
2025-05-14 15:38:35.363 | DEBUG    | transformer:val_one_epoch:545 - Validation C.E. eos at epoch 41: 0.2681
2025-05-14 15:38:35.364 | INFO     | transformer:train_val:612 - stop smooth: True
2025-05-14 15:38:35.364 | INFO     | transformer:train_val:624 - stop early: True
[Epoca 41] Memoria allocata:   19.93 MB
[Epoca 41] Memoria riservata:   78.00 MB
[Epoca 41] Totale allocata (storico): 3.17 MB
[Epoca 41]  Picco memoria allocata: 13691.99 MB
2025-05-14 15:39:16.968 | DEBUG    | transformer:train_one_epoch:437 - Training loss at epoch 42: 178.5694
2025-05-14 15:39:16.969 | DEBUG    | transformer:train_one_epoch:438 - Training C.E. eos at epoch 42: 0.7846
2025-05-14 15:39:22.650 | DEBUG    | transformer:val_one_epoch:542 - Validation loss at epoch 42: 59.5100
2025-05-14 15:39:22.651 | DEBUG    | transformer:val_one_epoch:545 - Validation C.E. eos at epoch 42: 0.3299
2025-05-14 15:39:22.652 | INFO     | transformer:train_val:612 - stop smooth: True
2025-05-14 15:39:22.652 | INFO     | transformer:train_val:624 - stop early: False
[Epoca 42] Memoria allocata:   19.93 MB
[Epoca 42] Memoria riservata:   82.00 MB
[Epoca 42] Totale allocata (storico): 3.25 MB
[Epoca 42]  Picco memoria allocata: 13694.12 MB
2025-05-14 15:40:03.500 | DEBUG    | transformer:train_one_epoch:437 - Training loss at epoch 43: 177.0962
2025-05-14 15:40:03.501 | DEBUG    | transformer:train_one_epoch:438 - Training C.E. eos at epoch 43: 0.7292
2025-05-14 15:40:09.376 | DEBUG    | transformer:val_one_epoch:542 - Validation loss at epoch 43: 59.0250
2025-05-14 15:40:09.377 | DEBUG    | transformer:val_one_epoch:545 - Validation C.E. eos at epoch 43: 0.1575
2025-05-14 15:40:09.378 | INFO     | transformer:train_val:612 - stop smooth: False
2025-05-14 15:40:09.378 | INFO     | transformer:train_val:624 - stop early: False
[Epoca 43] Memoria allocata:   19.93 MB
[Epoca 43] Memoria riservata:   78.00 MB
[Epoca 43] Totale allocata (storico): 3.33 MB
[Epoca 43]  Picco memoria allocata: 13694.03 MB
2025-05-14 15:40:50.150 | DEBUG    | transformer:train_one_epoch:437 - Training loss at epoch 44: 177.6875
2025-05-14 15:40:50.151 | DEBUG    | transformer:train_one_epoch:438 - Training C.E. eos at epoch 44: 0.7414
2025-05-14 15:40:55.857 | DEBUG    | transformer:val_one_epoch:542 - Validation loss at epoch 44: 59.4215
2025-05-14 15:40:55.858 | DEBUG    | transformer:val_one_epoch:545 - Validation C.E. eos at epoch 44: 0.2663
2025-05-14 15:40:55.859 | INFO     | transformer:train_val:612 - stop smooth: True
2025-05-14 15:40:55.859 | INFO     | transformer:train_val:624 - stop early: True
[Epoca 44] Memoria allocata:   19.93 MB
[Epoca 44] Memoria riservata:   78.00 MB
[Epoca 44] Totale allocata (storico): 3.41 MB
[Epoca 44]  Picco memoria allocata: 13694.05 MB
2025-05-14 15:41:36.059 | DEBUG    | transformer:train_one_epoch:437 - Training loss at epoch 45: 177.1848
2025-05-14 15:41:36.059 | DEBUG    | transformer:train_one_epoch:438 - Training C.E. eos at epoch 45: 0.6857
2025-05-14 15:41:41.808 | DEBUG    | transformer:val_one_epoch:542 - Validation loss at epoch 45: 58.8816
2025-05-14 15:41:41.809 | DEBUG    | transformer:val_one_epoch:545 - Validation C.E. eos at epoch 45: 0.2311
2025-05-14 15:41:41.810 | INFO     | transformer:train_val:612 - stop smooth: False
2025-05-14 15:41:41.810 | INFO     | transformer:train_val:624 - stop early: False
[Epoca 45] Memoria allocata:   19.93 MB
[Epoca 45] Memoria riservata:   78.00 MB
[Epoca 45] Totale allocata (storico): 3.48 MB
[Epoca 45]  Picco memoria allocata: 13692.45 MB
2025-05-14 15:42:22.943 | DEBUG    | transformer:train_one_epoch:437 - Training loss at epoch 46: 176.7467
2025-05-14 15:42:22.943 | DEBUG    | transformer:train_one_epoch:438 - Training C.E. eos at epoch 46: 0.6698
2025-05-14 15:42:28.688 | DEBUG    | transformer:val_one_epoch:542 - Validation loss at epoch 46: 62.2124
2025-05-14 15:42:28.689 | DEBUG    | transformer:val_one_epoch:545 - Validation C.E. eos at epoch 46: 0.7310
2025-05-14 15:42:28.689 | INFO     | transformer:train_val:612 - stop smooth: True
2025-05-14 15:42:28.689 | INFO     | transformer:train_val:624 - stop early: True
[Epoca 46] Memoria allocata:   19.93 MB
[Epoca 46] Memoria riservata:   80.00 MB
[Epoca 46] Totale allocata (storico): 3.56 MB
[Epoca 46]  Picco memoria allocata: 13693.74 MB
2025-05-14 15:43:10.282 | DEBUG    | transformer:train_one_epoch:437 - Training loss at epoch 47: 179.1255
2025-05-14 15:43:10.283 | DEBUG    | transformer:train_one_epoch:438 - Training C.E. eos at epoch 47: 0.8058
2025-05-14 15:43:15.966 | DEBUG    | transformer:val_one_epoch:542 - Validation loss at epoch 47: 58.8367
2025-05-14 15:43:15.967 | DEBUG    | transformer:val_one_epoch:545 - Validation C.E. eos at epoch 47: 0.1808
2025-05-14 15:43:15.967 | INFO     | transformer:train_val:612 - stop smooth: False
2025-05-14 15:43:15.967 | INFO     | transformer:train_val:624 - stop early: False
[Epoca 47] Memoria allocata:   19.93 MB
[Epoca 47] Memoria riservata:   82.00 MB
[Epoca 47] Totale allocata (storico): 3.64 MB
[Epoca 47]  Picco memoria allocata: 13692.59 MB
2025-05-14 15:43:57.320 | DEBUG    | transformer:train_one_epoch:437 - Training loss at epoch 48: 174.8260
2025-05-14 15:43:57.320 | DEBUG    | transformer:train_one_epoch:438 - Training C.E. eos at epoch 48: 0.6100
2025-05-14 15:44:02.994 | DEBUG    | transformer:val_one_epoch:542 - Validation loss at epoch 48: 58.3344
2025-05-14 15:44:02.995 | DEBUG    | transformer:val_one_epoch:545 - Validation C.E. eos at epoch 48: 0.2384
2025-05-14 15:44:02.996 | INFO     | transformer:train_val:612 - stop smooth: False
2025-05-14 15:44:02.996 | INFO     | transformer:train_val:624 - stop early: False
[Epoca 48] Memoria allocata:   19.93 MB
[Epoca 48] Memoria riservata:   82.00 MB
[Epoca 48] Totale allocata (storico): 3.72 MB
[Epoca 48]  Picco memoria allocata: 13692.66 MB
2025-05-14 15:44:44.422 | DEBUG    | transformer:train_one_epoch:437 - Training loss at epoch 49: 183.3716
2025-05-14 15:44:44.423 | DEBUG    | transformer:train_one_epoch:438 - Training C.E. eos at epoch 49: 0.9102
2025-05-14 15:44:50.121 | DEBUG    | transformer:val_one_epoch:542 - Validation loss at epoch 49: 60.7756
2025-05-14 15:44:50.121 | DEBUG    | transformer:val_one_epoch:545 - Validation C.E. eos at epoch 49: 0.4926
2025-05-14 15:44:50.122 | INFO     | transformer:train_val:612 - stop smooth: True
2025-05-14 15:44:50.122 | INFO     | transformer:train_val:624 - stop early: True
[Epoca 49] Memoria allocata:   19.93 MB
[Epoca 49] Memoria riservata:   74.00 MB
[Epoca 49] Totale allocata (storico): 3.79 MB
[Epoca 49]  Picco memoria allocata: 13694.54 MB
2025-05-14 15:45:31.401 | DEBUG    | transformer:train_one_epoch:437 - Training loss at epoch 50: 176.8715
2025-05-14 15:45:31.401 | DEBUG    | transformer:train_one_epoch:438 - Training C.E. eos at epoch 50: 0.6953
2025-05-14 15:45:37.146 | DEBUG    | transformer:val_one_epoch:542 - Validation loss at epoch 50: 59.9723
2025-05-14 15:45:37.147 | DEBUG    | transformer:val_one_epoch:545 - Validation C.E. eos at epoch 50: 0.0908
2025-05-14 15:45:37.148 | INFO     | transformer:train_val:612 - stop smooth: True
2025-05-14 15:45:37.148 | INFO     | transformer:train_val:624 - stop early: False
[Epoca 50] Memoria allocata:   19.93 MB
[Epoca 50] Memoria riservata:   80.00 MB
[Epoca 50] Totale allocata (storico): 3.87 MB
[Epoca 50]  Picco memoria allocata: 13694.09 MB
2025-05-14 15:46:18.668 | DEBUG    | transformer:train_one_epoch:437 - Training loss at epoch 51: 176.8723
2025-05-14 15:46:18.669 | DEBUG    | transformer:train_one_epoch:438 - Training C.E. eos at epoch 51: 0.6924
2025-05-14 15:46:24.393 | DEBUG    | transformer:val_one_epoch:542 - Validation loss at epoch 51: 59.3184
2025-05-14 15:46:24.393 | DEBUG    | transformer:val_one_epoch:545 - Validation C.E. eos at epoch 51: 0.1084
2025-05-14 15:46:24.394 | INFO     | transformer:train_val:612 - stop smooth: True
2025-05-14 15:46:24.394 | INFO     | transformer:train_val:624 - stop early: False
[Epoca 51] Memoria allocata:   19.93 MB
[Epoca 51] Memoria riservata:   84.00 MB
[Epoca 51] Totale allocata (storico): 3.95 MB
[Epoca 51]  Picco memoria allocata: 13692.67 MB
2025-05-14 15:47:05.798 | DEBUG    | transformer:train_one_epoch:437 - Training loss at epoch 52: 174.5459
2025-05-14 15:47:05.799 | DEBUG    | transformer:train_one_epoch:438 - Training C.E. eos at epoch 52: 0.6548
2025-05-14 15:47:11.505 | DEBUG    | transformer:val_one_epoch:542 - Validation loss at epoch 52: 59.3769
2025-05-14 15:47:11.505 | DEBUG    | transformer:val_one_epoch:545 - Validation C.E. eos at epoch 52: 0.0692
2025-05-14 15:47:11.506 | INFO     | transformer:train_val:612 - stop smooth: True
2025-05-14 15:47:11.506 | INFO     | transformer:train_val:624 - stop early: True
[Epoca 52] Memoria allocata:   19.93 MB
[Epoca 52] Memoria riservata:   80.00 MB
[Epoca 52] Totale allocata (storico): 4.03 MB
[Epoca 52]  Picco memoria allocata: 13694.40 MB
2025-05-14 15:47:52.866 | DEBUG    | transformer:train_one_epoch:437 - Training loss at epoch 53: 174.1392
2025-05-14 15:47:52.867 | DEBUG    | transformer:train_one_epoch:438 - Training C.E. eos at epoch 53: 0.6268
2025-05-14 15:47:58.628 | DEBUG    | transformer:val_one_epoch:542 - Validation loss at epoch 53: 58.2536
2025-05-14 15:47:58.629 | DEBUG    | transformer:val_one_epoch:545 - Validation C.E. eos at epoch 53: 0.0866
2025-05-14 15:47:58.629 | INFO     | transformer:train_val:612 - stop smooth: False
2025-05-14 15:47:58.629 | INFO     | transformer:train_val:624 - stop early: False
[Epoca 53] Memoria allocata:   19.93 MB
[Epoca 53] Memoria riservata:   86.00 MB
[Epoca 53] Totale allocata (storico): 4.10 MB
[Epoca 53]  Picco memoria allocata: 13693.90 MB
2025-05-14 15:48:40.303 | DEBUG    | transformer:train_one_epoch:437 - Training loss at epoch 54: 176.8731
2025-05-14 15:48:40.303 | DEBUG    | transformer:train_one_epoch:438 - Training C.E. eos at epoch 54: 0.7734
2025-05-14 15:48:45.957 | DEBUG    | transformer:val_one_epoch:542 - Validation loss at epoch 54: 60.3183
2025-05-14 15:48:45.957 | DEBUG    | transformer:val_one_epoch:545 - Validation C.E. eos at epoch 54: 0.0615
2025-05-14 15:48:45.958 | INFO     | transformer:train_val:612 - stop smooth: True
2025-05-14 15:48:45.958 | INFO     | transformer:train_val:624 - stop early: True
[Epoca 54] Memoria allocata:   19.93 MB
[Epoca 54] Memoria riservata:   80.00 MB
[Epoca 54] Totale allocata (storico): 4.18 MB
[Epoca 54]  Picco memoria allocata: 13693.44 MB
2025-05-14 15:49:27.157 | DEBUG    | transformer:train_one_epoch:437 - Training loss at epoch 55: 176.1874
2025-05-14 15:49:27.157 | DEBUG    | transformer:train_one_epoch:438 - Training C.E. eos at epoch 55: 0.6517
2025-05-14 15:49:32.954 | DEBUG    | transformer:val_one_epoch:542 - Validation loss at epoch 55: 57.2656
2025-05-14 15:49:32.954 | DEBUG    | transformer:val_one_epoch:545 - Validation C.E. eos at epoch 55: 0.1737
2025-05-14 15:49:32.955 | INFO     | transformer:train_val:612 - stop smooth: False
2025-05-14 15:49:32.955 | INFO     | transformer:train_val:624 - stop early: False
[Epoca 55] Memoria allocata:   19.93 MB
[Epoca 55] Memoria riservata:   82.00 MB
[Epoca 55] Totale allocata (storico): 4.26 MB
[Epoca 55]  Picco memoria allocata: 13693.77 MB
2025-05-14 15:50:14.706 | DEBUG    | transformer:train_one_epoch:437 - Training loss at epoch 56: 172.7222
2025-05-14 15:50:14.706 | DEBUG    | transformer:train_one_epoch:438 - Training C.E. eos at epoch 56: 0.5995
2025-05-14 15:50:20.354 | DEBUG    | transformer:val_one_epoch:542 - Validation loss at epoch 56: 57.2914
2025-05-14 15:50:20.355 | DEBUG    | transformer:val_one_epoch:545 - Validation C.E. eos at epoch 56: 0.0820
2025-05-14 15:50:20.356 | INFO     | transformer:train_val:612 - stop smooth: True
2025-05-14 15:50:20.356 | INFO     | transformer:train_val:624 - stop early: True
[Epoca 56] Memoria allocata:   19.93 MB
[Epoca 56] Memoria riservata:   84.00 MB
[Epoca 56] Totale allocata (storico): 4.34 MB
[Epoca 56]  Picco memoria allocata: 13680.70 MB
2025-05-14 15:51:01.008 | DEBUG    | transformer:train_one_epoch:437 - Training loss at epoch 57: 173.3883
2025-05-14 15:51:01.009 | DEBUG    | transformer:train_one_epoch:438 - Training C.E. eos at epoch 57: 0.6665
2025-05-14 15:51:06.850 | DEBUG    | transformer:val_one_epoch:542 - Validation loss at epoch 57: 64.5825
2025-05-14 15:51:06.850 | DEBUG    | transformer:val_one_epoch:545 - Validation C.E. eos at epoch 57: 0.0333
2025-05-14 15:51:06.851 | INFO     | transformer:train_val:612 - stop smooth: True
2025-05-14 15:51:06.851 | WARNING  | transformer:train_val:616 - Stop at epoch 57.
2025-05-14 15:51:06.851 | INFO     | transformer:train_val:635 - Training completed!
2025-05-14 15:51:07.079 | INFO     | __main__:train_and_save_model:74 - Modello salvato in transformer_model_sos.pt
