nohup: ignoring input
2025-05-08 16:07:00.260 | INFO     | transformer:build_projection_layer:174 - Projection layers input/output created.
2025-05-08 16:07:00.270 | INFO     | transformer:initialize_transformer:191 - Transformer initialized with number of hidden units: 64, number of heads: 8, number of encoder layers: 2, number of decoder layers: 2, number of feedforward units: 256, dropout probability: 0.1, activation function: ReLU().
2025-05-08 16:07:01.531 | INFO     | transformer:train_val:447 - Training started!
max number of particles: 2
max number of particles: 1217
padded tensor final shape after 1he: torch.Size([10000, 1217, 34])
padding mask final shape after 1he: torch.Size([10000, 1217])
padded tensor 23 shape after 1he: torch.Size([10000, 2, 34])
padding mask 23 shape after 1he: torch.Size([10000, 2])
dim features = 34
/home/local/ADUNIPI/a.montanelli/miniconda3/envs/myrootenv/lib/python3.9/site-packages/torch/nn/functional.py:5962: UserWarning: Support for mismatched key_padding_mask and attn_mask is deprecated. Use same type for both instead.
  warnings.warn(
2025-05-08 16:07:42.102 | DEBUG    | transformer:train_one_epoch:349 - Loss at epoch 1: 112.0001
/home/local/ADUNIPI/a.montanelli/miniconda3/envs/myrootenv/lib/python3.9/site-packages/torch/nn/modules/transformer.py:508: UserWarning: The PyTorch API of nested tensors is in prototype stage and will change in the near future. We recommend specifying layout=torch.jagged when constructing a nested tensor, as this layout receives active development, has better operator coverage, and works with torch.compile. (Triggered internally at /pytorch/aten/src/ATen/NestedTensorImpl.cpp:178.)
  output = torch._nested_tensor_from_mask(
2025-05-08 16:07:47.600 | DEBUG    | transformer:val_one_epoch:399 - Validation loss at epoch 1: 13.9135
[Epoca 1] Memoria allocata:   19.93 MB
[Epoca 1] Memoria riservata:   90.00 MB
[Epoca 1] Totale allocata (storico): 0.04 MB
[Epoca 1]  Picco memoria allocata: 14660.25 MB
2025-05-08 16:08:29.202 | DEBUG    | transformer:train_one_epoch:349 - Loss at epoch 2: 38.4581
2025-05-08 16:08:34.830 | DEBUG    | transformer:val_one_epoch:399 - Validation loss at epoch 2: 8.2012
[Epoca 2] Memoria allocata:   19.93 MB
[Epoca 2] Memoria riservata:   88.00 MB
[Epoca 2] Totale allocata (storico): 0.08 MB
[Epoca 2]  Picco memoria allocata: 14659.23 MB
2025-05-08 16:09:16.594 | DEBUG    | transformer:train_one_epoch:349 - Loss at epoch 3: 27.7695
2025-05-08 16:09:22.177 | DEBUG    | transformer:val_one_epoch:399 - Validation loss at epoch 3: 6.5417
[Epoca 3] Memoria allocata:   19.93 MB
[Epoca 3] Memoria riservata:   90.00 MB
[Epoca 3] Totale allocata (storico): 0.11 MB
[Epoca 3]  Picco memoria allocata: 14657.67 MB
2025-05-08 16:10:04.660 | DEBUG    | transformer:train_one_epoch:349 - Loss at epoch 4: 22.9881
2025-05-08 16:10:10.059 | DEBUG    | transformer:val_one_epoch:399 - Validation loss at epoch 4: 5.5342
[Epoca 4] Memoria allocata:   19.93 MB
[Epoca 4] Memoria riservata:   88.00 MB
[Epoca 4] Totale allocata (storico): 0.15 MB
[Epoca 4]  Picco memoria allocata: 14659.35 MB
2025-05-08 16:10:52.688 | DEBUG    | transformer:train_one_epoch:349 - Loss at epoch 5: 19.6945
2025-05-08 16:10:58.246 | DEBUG    | transformer:val_one_epoch:399 - Validation loss at epoch 5: 4.7594
[Epoca 5] Memoria allocata:   19.93 MB
[Epoca 5] Memoria riservata:   88.00 MB
[Epoca 5] Totale allocata (storico): 0.19 MB
[Epoca 5]  Picco memoria allocata: 14659.86 MB
2025-05-08 16:11:41.222 | DEBUG    | transformer:train_one_epoch:349 - Loss at epoch 6: 17.0876
2025-05-08 16:11:46.824 | DEBUG    | transformer:val_one_epoch:399 - Validation loss at epoch 6: 4.1298
[Epoca 6] Memoria allocata:   19.93 MB
[Epoca 6] Memoria riservata:   90.00 MB
[Epoca 6] Totale allocata (storico): 0.23 MB
[Epoca 6]  Picco memoria allocata: 14661.65 MB
2025-05-08 16:12:29.578 | DEBUG    | transformer:train_one_epoch:349 - Loss at epoch 7: 14.9572
2025-05-08 16:12:35.183 | DEBUG    | transformer:val_one_epoch:399 - Validation loss at epoch 7: 3.6120
[Epoca 7] Memoria allocata:   19.93 MB
[Epoca 7] Memoria riservata:   90.00 MB
[Epoca 7] Totale allocata (storico): 0.26 MB
[Epoca 7]  Picco memoria allocata: 14658.89 MB
2025-05-08 16:13:17.016 | DEBUG    | transformer:train_one_epoch:349 - Loss at epoch 8: 13.1076
2025-05-08 16:13:22.549 | DEBUG    | transformer:val_one_epoch:399 - Validation loss at epoch 8: 3.2003
[Epoca 8] Memoria allocata:   19.93 MB
[Epoca 8] Memoria riservata:   90.00 MB
[Epoca 8] Totale allocata (storico): 0.30 MB
[Epoca 8]  Picco memoria allocata: 14659.97 MB
2025-05-08 16:14:05.074 | DEBUG    | transformer:train_one_epoch:349 - Loss at epoch 9: 11.5753
2025-05-08 16:14:10.603 | DEBUG    | transformer:val_one_epoch:399 - Validation loss at epoch 9: 2.8329
[Epoca 9] Memoria allocata:   19.93 MB
[Epoca 9] Memoria riservata:   88.00 MB
[Epoca 9] Totale allocata (storico): 0.34 MB
[Epoca 9]  Picco memoria allocata: 14658.98 MB
2025-05-08 16:14:54.269 | DEBUG    | transformer:train_one_epoch:349 - Loss at epoch 10: 10.3035
2025-05-08 16:15:00.001 | DEBUG    | transformer:val_one_epoch:399 - Validation loss at epoch 10: 2.5461
[Epoca 10] Memoria allocata:   19.93 MB
[Epoca 10] Memoria riservata:   90.00 MB
[Epoca 10] Totale allocata (storico): 0.38 MB
[Epoca 10]  Picco memoria allocata: 14659.71 MB
2025-05-08 16:15:44.056 | DEBUG    | transformer:train_one_epoch:349 - Loss at epoch 11: 9.2128
2025-05-08 16:15:49.447 | DEBUG    | transformer:val_one_epoch:399 - Validation loss at epoch 11: 2.2790
2025-05-08 16:15:49.448 | INFO     | transformer:train_val:466 - stop smooth: False
2025-05-08 16:15:49.448 | INFO     | transformer:train_val:478 - stop early: False
[Epoca 11] Memoria allocata:   19.93 MB
[Epoca 11] Memoria riservata:   90.00 MB
[Epoca 11] Totale allocata (storico): 0.41 MB
[Epoca 11]  Picco memoria allocata: 14659.36 MB
2025-05-08 16:16:33.117 | DEBUG    | transformer:train_one_epoch:349 - Loss at epoch 12: 8.2948
2025-05-08 16:16:38.674 | DEBUG    | transformer:val_one_epoch:399 - Validation loss at epoch 12: 2.0565
2025-05-08 16:16:38.675 | INFO     | transformer:train_val:466 - stop smooth: False
2025-05-08 16:16:38.675 | INFO     | transformer:train_val:478 - stop early: False
[Epoca 12] Memoria allocata:   19.93 MB
[Epoca 12] Memoria riservata:   88.00 MB
[Epoca 12] Totale allocata (storico): 0.45 MB
[Epoca 12]  Picco memoria allocata: 14659.51 MB
2025-05-08 16:17:21.302 | DEBUG    | transformer:train_one_epoch:349 - Loss at epoch 13: 7.4841
2025-05-08 16:17:26.729 | DEBUG    | transformer:val_one_epoch:399 - Validation loss at epoch 13: 1.8606
2025-05-08 16:17:26.729 | INFO     | transformer:train_val:466 - stop smooth: False
2025-05-08 16:17:26.729 | INFO     | transformer:train_val:478 - stop early: False
[Epoca 13] Memoria allocata:   19.93 MB
[Epoca 13] Memoria riservata:   90.00 MB
[Epoca 13] Totale allocata (storico): 0.49 MB
[Epoca 13]  Picco memoria allocata: 14658.89 MB
2025-05-08 16:18:09.403 | DEBUG    | transformer:train_one_epoch:349 - Loss at epoch 14: 6.7864
2025-05-08 16:18:14.931 | DEBUG    | transformer:val_one_epoch:399 - Validation loss at epoch 14: 1.6975
2025-05-08 16:18:14.931 | INFO     | transformer:train_val:466 - stop smooth: False
2025-05-08 16:18:14.931 | INFO     | transformer:train_val:478 - stop early: False
[Epoca 14] Memoria allocata:   19.93 MB
[Epoca 14] Memoria riservata:   90.00 MB
[Epoca 14] Totale allocata (storico): 0.53 MB
[Epoca 14]  Picco memoria allocata: 14658.28 MB
2025-05-08 16:18:57.694 | DEBUG    | transformer:train_one_epoch:349 - Loss at epoch 15: 6.1689
2025-05-08 16:19:03.174 | DEBUG    | transformer:val_one_epoch:399 - Validation loss at epoch 15: 1.5568
2025-05-08 16:19:03.174 | INFO     | transformer:train_val:466 - stop smooth: False
2025-05-08 16:19:03.174 | INFO     | transformer:train_val:478 - stop early: False
[Epoca 15] Memoria allocata:   19.93 MB
[Epoca 15] Memoria riservata:   90.00 MB
[Epoca 15] Totale allocata (storico): 0.56 MB
[Epoca 15]  Picco memoria allocata: 14659.23 MB
2025-05-08 16:19:45.438 | DEBUG    | transformer:train_one_epoch:349 - Loss at epoch 16: 5.6233
2025-05-08 16:19:50.960 | DEBUG    | transformer:val_one_epoch:399 - Validation loss at epoch 16: 1.4259
2025-05-08 16:19:50.961 | INFO     | transformer:train_val:466 - stop smooth: False
2025-05-08 16:19:50.961 | INFO     | transformer:train_val:478 - stop early: False
[Epoca 16] Memoria allocata:   19.93 MB
[Epoca 16] Memoria riservata:   90.00 MB
[Epoca 16] Totale allocata (storico): 0.60 MB
[Epoca 16]  Picco memoria allocata: 14658.01 MB
2025-05-08 16:20:33.726 | DEBUG    | transformer:train_one_epoch:349 - Loss at epoch 17: 5.1501
2025-05-08 16:20:39.095 | DEBUG    | transformer:val_one_epoch:399 - Validation loss at epoch 17: 1.3106
2025-05-08 16:20:39.096 | INFO     | transformer:train_val:466 - stop smooth: False
2025-05-08 16:20:39.096 | INFO     | transformer:train_val:478 - stop early: False
[Epoca 17] Memoria allocata:   19.93 MB
[Epoca 17] Memoria riservata:   88.00 MB
[Epoca 17] Totale allocata (storico): 0.64 MB
[Epoca 17]  Picco memoria allocata: 14658.05 MB
2025-05-08 16:21:22.481 | DEBUG    | transformer:train_one_epoch:349 - Loss at epoch 18: 4.7134
2025-05-08 16:21:28.033 | DEBUG    | transformer:val_one_epoch:399 - Validation loss at epoch 18: 1.2043
2025-05-08 16:21:28.034 | INFO     | transformer:train_val:466 - stop smooth: False
2025-05-08 16:21:28.034 | INFO     | transformer:train_val:478 - stop early: False
[Epoca 18] Memoria allocata:   19.93 MB
[Epoca 18] Memoria riservata:   88.00 MB
[Epoca 18] Totale allocata (storico): 0.68 MB
[Epoca 18]  Picco memoria allocata: 14660.12 MB
2025-05-08 16:22:10.369 | DEBUG    | transformer:train_one_epoch:349 - Loss at epoch 19: 4.3565
2025-05-08 16:22:15.960 | DEBUG    | transformer:val_one_epoch:399 - Validation loss at epoch 19: 1.1157
2025-05-08 16:22:15.961 | INFO     | transformer:train_val:466 - stop smooth: False
2025-05-08 16:22:15.961 | INFO     | transformer:train_val:478 - stop early: False
[Epoca 19] Memoria allocata:   19.93 MB
[Epoca 19] Memoria riservata:   90.00 MB
[Epoca 19] Totale allocata (storico): 0.71 MB
[Epoca 19]  Picco memoria allocata: 14660.42 MB
2025-05-08 16:22:59.757 | DEBUG    | transformer:train_one_epoch:349 - Loss at epoch 20: 4.0060
2025-05-08 16:23:05.398 | DEBUG    | transformer:val_one_epoch:399 - Validation loss at epoch 20: 1.0601
2025-05-08 16:23:05.399 | INFO     | transformer:train_val:466 - stop smooth: False
2025-05-08 16:23:05.399 | INFO     | transformer:train_val:478 - stop early: False
[Epoca 20] Memoria allocata:   19.93 MB
[Epoca 20] Memoria riservata:   90.00 MB
[Epoca 20] Totale allocata (storico): 0.75 MB
[Epoca 20]  Picco memoria allocata: 14662.21 MB
2025-05-08 16:23:48.287 | DEBUG    | transformer:train_one_epoch:349 - Loss at epoch 21: 3.6981
2025-05-08 16:23:53.918 | DEBUG    | transformer:val_one_epoch:399 - Validation loss at epoch 21: 0.9664
2025-05-08 16:23:53.918 | INFO     | transformer:train_val:466 - stop smooth: False
2025-05-08 16:23:53.918 | INFO     | transformer:train_val:478 - stop early: False
[Epoca 21] Memoria allocata:   19.93 MB
[Epoca 21] Memoria riservata:   90.00 MB
[Epoca 21] Totale allocata (storico): 0.79 MB
[Epoca 21]  Picco memoria allocata: 14658.96 MB
2025-05-08 16:24:38.173 | DEBUG    | transformer:train_one_epoch:349 - Loss at epoch 22: 3.4316
2025-05-08 16:24:43.658 | DEBUG    | transformer:val_one_epoch:399 - Validation loss at epoch 22: 0.8931
2025-05-08 16:24:43.659 | INFO     | transformer:train_val:466 - stop smooth: False
2025-05-08 16:24:43.659 | INFO     | transformer:train_val:478 - stop early: False
[Epoca 22] Memoria allocata:   19.93 MB
[Epoca 22] Memoria riservata:   88.00 MB
[Epoca 22] Totale allocata (storico): 0.83 MB
[Epoca 22]  Picco memoria allocata: 14658.70 MB
2025-05-08 16:25:26.572 | DEBUG    | transformer:train_one_epoch:349 - Loss at epoch 23: 3.2034
2025-05-08 16:25:31.946 | DEBUG    | transformer:val_one_epoch:399 - Validation loss at epoch 23: 0.8608
2025-05-08 16:25:31.947 | INFO     | transformer:train_val:466 - stop smooth: False
2025-05-08 16:25:31.947 | INFO     | transformer:train_val:478 - stop early: False
[Epoca 23] Memoria allocata:   19.93 MB
[Epoca 23] Memoria riservata:   90.00 MB
[Epoca 23] Totale allocata (storico): 0.86 MB
[Epoca 23]  Picco memoria allocata: 14659.71 MB
2025-05-08 16:26:13.495 | DEBUG    | transformer:train_one_epoch:349 - Loss at epoch 24: 2.9789
2025-05-08 16:26:18.861 | DEBUG    | transformer:val_one_epoch:399 - Validation loss at epoch 24: 0.7946
2025-05-08 16:26:18.862 | INFO     | transformer:train_val:466 - stop smooth: False
2025-05-08 16:26:18.862 | INFO     | transformer:train_val:478 - stop early: False
[Epoca 24] Memoria allocata:   19.93 MB
[Epoca 24] Memoria riservata:   90.00 MB
[Epoca 24] Totale allocata (storico): 0.90 MB
[Epoca 24]  Picco memoria allocata: 14660.94 MB
2025-05-08 16:27:01.099 | DEBUG    | transformer:train_one_epoch:349 - Loss at epoch 25: 2.7636
2025-05-08 16:27:06.546 | DEBUG    | transformer:val_one_epoch:399 - Validation loss at epoch 25: 0.7478
2025-05-08 16:27:06.546 | INFO     | transformer:train_val:466 - stop smooth: False
2025-05-08 16:27:06.546 | INFO     | transformer:train_val:478 - stop early: False
[Epoca 25] Memoria allocata:   19.93 MB
[Epoca 25] Memoria riservata:   90.00 MB
[Epoca 25] Totale allocata (storico): 0.94 MB
[Epoca 25]  Picco memoria allocata: 14660.62 MB
2025-05-08 16:27:49.178 | DEBUG    | transformer:train_one_epoch:349 - Loss at epoch 26: 2.5756
2025-05-08 16:27:54.831 | DEBUG    | transformer:val_one_epoch:399 - Validation loss at epoch 26: 0.6909
2025-05-08 16:27:54.831 | INFO     | transformer:train_val:466 - stop smooth: False
2025-05-08 16:27:54.831 | INFO     | transformer:train_val:478 - stop early: False
[Epoca 26] Memoria allocata:   19.93 MB
[Epoca 26] Memoria riservata:   90.00 MB
[Epoca 26] Totale allocata (storico): 0.98 MB
[Epoca 26]  Picco memoria allocata: 14660.29 MB
2025-05-08 16:28:37.667 | DEBUG    | transformer:train_one_epoch:349 - Loss at epoch 27: 2.4025
2025-05-08 16:28:43.249 | DEBUG    | transformer:val_one_epoch:399 - Validation loss at epoch 27: 0.6513
2025-05-08 16:28:43.250 | INFO     | transformer:train_val:466 - stop smooth: False
2025-05-08 16:28:43.250 | INFO     | transformer:train_val:478 - stop early: False
[Epoca 27] Memoria allocata:   19.93 MB
[Epoca 27] Memoria riservata:   90.00 MB
[Epoca 27] Totale allocata (storico): 1.01 MB
[Epoca 27]  Picco memoria allocata: 14658.66 MB
2025-05-08 16:29:24.936 | DEBUG    | transformer:train_one_epoch:349 - Loss at epoch 28: 2.2481
2025-05-08 16:29:30.502 | DEBUG    | transformer:val_one_epoch:399 - Validation loss at epoch 28: 0.6196
2025-05-08 16:29:30.503 | INFO     | transformer:train_val:466 - stop smooth: False
2025-05-08 16:29:30.503 | INFO     | transformer:train_val:478 - stop early: False
[Epoca 28] Memoria allocata:   19.93 MB
[Epoca 28] Memoria riservata:   88.00 MB
[Epoca 28] Totale allocata (storico): 1.05 MB
[Epoca 28]  Picco memoria allocata: 14658.62 MB
2025-05-08 16:30:14.960 | DEBUG    | transformer:train_one_epoch:349 - Loss at epoch 29: 2.1169
2025-05-08 16:30:20.435 | DEBUG    | transformer:val_one_epoch:399 - Validation loss at epoch 29: 0.5766
2025-05-08 16:30:20.436 | INFO     | transformer:train_val:466 - stop smooth: False
2025-05-08 16:30:20.436 | INFO     | transformer:train_val:478 - stop early: False
[Epoca 29] Memoria allocata:   19.93 MB
[Epoca 29] Memoria riservata:   90.00 MB
[Epoca 29] Totale allocata (storico): 1.09 MB
[Epoca 29]  Picco memoria allocata: 14659.36 MB
2025-05-08 16:31:02.478 | DEBUG    | transformer:train_one_epoch:349 - Loss at epoch 30: 1.9816
2025-05-08 16:31:08.082 | DEBUG    | transformer:val_one_epoch:399 - Validation loss at epoch 30: 0.5504
2025-05-08 16:31:08.083 | INFO     | transformer:train_val:466 - stop smooth: False
2025-05-08 16:31:08.083 | INFO     | transformer:train_val:478 - stop early: False
[Epoca 30] Memoria allocata:   19.93 MB
[Epoca 30] Memoria riservata:   90.00 MB
[Epoca 30] Totale allocata (storico): 1.13 MB
[Epoca 30]  Picco memoria allocata: 14660.42 MB
2025-05-08 16:31:51.854 | DEBUG    | transformer:train_one_epoch:349 - Loss at epoch 31: 1.8651
2025-05-08 16:31:57.210 | DEBUG    | transformer:val_one_epoch:399 - Validation loss at epoch 31: 0.5172
2025-05-08 16:31:57.211 | INFO     | transformer:train_val:466 - stop smooth: False
2025-05-08 16:31:57.211 | INFO     | transformer:train_val:478 - stop early: False
[Epoca 31] Memoria allocata:   19.93 MB
[Epoca 31] Memoria riservata:   88.00 MB
[Epoca 31] Totale allocata (storico): 1.16 MB
[Epoca 31]  Picco memoria allocata: 14658.76 MB
2025-05-08 16:32:39.556 | DEBUG    | transformer:train_one_epoch:349 - Loss at epoch 32: 1.7375
2025-05-08 16:32:45.099 | DEBUG    | transformer:val_one_epoch:399 - Validation loss at epoch 32: 0.4933
2025-05-08 16:32:45.099 | INFO     | transformer:train_val:466 - stop smooth: False
2025-05-08 16:32:45.100 | INFO     | transformer:train_val:478 - stop early: False
[Epoca 32] Memoria allocata:   19.93 MB
[Epoca 32] Memoria riservata:   90.00 MB
[Epoca 32] Totale allocata (storico): 1.20 MB
[Epoca 32]  Picco memoria allocata: 14659.71 MB
2025-05-08 16:33:27.378 | DEBUG    | transformer:train_one_epoch:349 - Loss at epoch 33: 1.6509
2025-05-08 16:33:32.825 | DEBUG    | transformer:val_one_epoch:399 - Validation loss at epoch 33: 0.4683
2025-05-08 16:33:32.826 | INFO     | transformer:train_val:466 - stop smooth: False
2025-05-08 16:33:32.826 | INFO     | transformer:train_val:478 - stop early: False
[Epoca 33] Memoria allocata:   19.93 MB
[Epoca 33] Memoria riservata:   88.00 MB
[Epoca 33] Totale allocata (storico): 1.24 MB
[Epoca 33]  Picco memoria allocata: 14659.35 MB
2025-05-08 16:34:16.251 | DEBUG    | transformer:train_one_epoch:349 - Loss at epoch 34: 1.5726
2025-05-08 16:34:21.823 | DEBUG    | transformer:val_one_epoch:399 - Validation loss at epoch 34: 0.4516
2025-05-08 16:34:21.824 | INFO     | transformer:train_val:466 - stop smooth: False
2025-05-08 16:34:21.824 | INFO     | transformer:train_val:478 - stop early: False
[Epoca 34] Memoria allocata:   19.93 MB
[Epoca 34] Memoria riservata:   88.00 MB
[Epoca 34] Totale allocata (storico): 1.28 MB
[Epoca 34]  Picco memoria allocata: 14660.06 MB
2025-05-08 16:35:03.953 | DEBUG    | transformer:train_one_epoch:349 - Loss at epoch 35: 1.4725
2025-05-08 16:35:09.545 | DEBUG    | transformer:val_one_epoch:399 - Validation loss at epoch 35: 0.4208
2025-05-08 16:35:09.545 | INFO     | transformer:train_val:466 - stop smooth: False
2025-05-08 16:35:09.545 | INFO     | transformer:train_val:478 - stop early: False
[Epoca 35] Memoria allocata:   19.93 MB
[Epoca 35] Memoria riservata:   88.00 MB
[Epoca 35] Totale allocata (storico): 1.32 MB
[Epoca 35]  Picco memoria allocata: 14660.40 MB
2025-05-08 16:35:51.523 | DEBUG    | transformer:train_one_epoch:349 - Loss at epoch 36: 1.4043
2025-05-08 16:35:56.953 | DEBUG    | transformer:val_one_epoch:399 - Validation loss at epoch 36: 0.4098
2025-05-08 16:35:56.954 | INFO     | transformer:train_val:466 - stop smooth: False
2025-05-08 16:35:56.954 | INFO     | transformer:train_val:478 - stop early: False
[Epoca 36] Memoria allocata:   19.93 MB
[Epoca 36] Memoria riservata:   90.00 MB
[Epoca 36] Totale allocata (storico): 1.35 MB
[Epoca 36]  Picco memoria allocata: 14658.81 MB
2025-05-08 16:36:41.024 | DEBUG    | transformer:train_one_epoch:349 - Loss at epoch 37: 1.3247
2025-05-08 16:36:46.684 | DEBUG    | transformer:val_one_epoch:399 - Validation loss at epoch 37: 0.3928
2025-05-08 16:36:46.685 | INFO     | transformer:train_val:466 - stop smooth: False
2025-05-08 16:36:46.685 | INFO     | transformer:train_val:478 - stop early: False
[Epoca 37] Memoria allocata:   19.93 MB
[Epoca 37] Memoria riservata:   90.00 MB
[Epoca 37] Totale allocata (storico): 1.39 MB
[Epoca 37]  Picco memoria allocata: 14660.58 MB
2025-05-08 16:37:29.929 | DEBUG    | transformer:train_one_epoch:349 - Loss at epoch 38: 1.2599
2025-05-08 16:37:35.531 | DEBUG    | transformer:val_one_epoch:399 - Validation loss at epoch 38: 0.3696
2025-05-08 16:37:35.532 | INFO     | transformer:train_val:466 - stop smooth: False
2025-05-08 16:37:35.532 | INFO     | transformer:train_val:478 - stop early: False
[Epoca 38] Memoria allocata:   19.93 MB
[Epoca 38] Memoria riservata:   88.00 MB
[Epoca 38] Totale allocata (storico): 1.43 MB
[Epoca 38]  Picco memoria allocata: 14658.89 MB
2025-05-08 16:38:17.808 | DEBUG    | transformer:train_one_epoch:349 - Loss at epoch 39: 1.1841
2025-05-08 16:38:23.243 | DEBUG    | transformer:val_one_epoch:399 - Validation loss at epoch 39: 0.3561
2025-05-08 16:38:23.244 | INFO     | transformer:train_val:466 - stop smooth: False
2025-05-08 16:38:23.244 | INFO     | transformer:train_val:478 - stop early: False
[Epoca 39] Memoria allocata:   19.93 MB
[Epoca 39] Memoria riservata:   88.00 MB
[Epoca 39] Totale allocata (storico): 1.47 MB
[Epoca 39]  Picco memoria allocata: 14659.35 MB
2025-05-08 16:39:05.354 | DEBUG    | transformer:train_one_epoch:349 - Loss at epoch 40: 1.1389
2025-05-08 16:39:10.815 | DEBUG    | transformer:val_one_epoch:399 - Validation loss at epoch 40: 0.3389
2025-05-08 16:39:10.816 | INFO     | transformer:train_val:466 - stop smooth: False
2025-05-08 16:39:10.816 | INFO     | transformer:train_val:478 - stop early: False
[Epoca 40] Memoria allocata:   19.93 MB
[Epoca 40] Memoria riservata:   90.00 MB
[Epoca 40] Totale allocata (storico): 1.50 MB
[Epoca 40]  Picco memoria allocata: 14658.46 MB
2025-05-08 16:39:54.615 | DEBUG    | transformer:train_one_epoch:349 - Loss at epoch 41: 1.0817
2025-05-08 16:40:00.277 | DEBUG    | transformer:val_one_epoch:399 - Validation loss at epoch 41: 0.3228
2025-05-08 16:40:00.278 | INFO     | transformer:train_val:466 - stop smooth: False
2025-05-08 16:40:00.278 | INFO     | transformer:train_val:478 - stop early: False
[Epoca 41] Memoria allocata:   19.93 MB
[Epoca 41] Memoria riservata:   88.00 MB
[Epoca 41] Totale allocata (storico): 1.54 MB
[Epoca 41]  Picco memoria allocata: 14647.17 MB
2025-05-08 16:40:42.359 | DEBUG    | transformer:train_one_epoch:349 - Loss at epoch 42: 1.0291
2025-05-08 16:40:47.692 | DEBUG    | transformer:val_one_epoch:399 - Validation loss at epoch 42: 0.3250
2025-05-08 16:40:47.693 | INFO     | transformer:train_val:466 - stop smooth: True
2025-05-08 16:40:47.693 | INFO     | transformer:train_val:478 - stop early: True
[Epoca 42] Memoria allocata:   19.93 MB
[Epoca 42] Memoria riservata:   88.00 MB
[Epoca 42] Totale allocata (storico): 1.58 MB
[Epoca 42]  Picco memoria allocata: 14660.50 MB
2025-05-08 16:41:29.604 | DEBUG    | transformer:train_one_epoch:349 - Loss at epoch 43: 0.9757
2025-05-08 16:41:35.244 | DEBUG    | transformer:val_one_epoch:399 - Validation loss at epoch 43: 0.3050
2025-05-08 16:41:35.245 | INFO     | transformer:train_val:466 - stop smooth: False
2025-05-08 16:41:35.245 | INFO     | transformer:train_val:478 - stop early: False
[Epoca 43] Memoria allocata:   19.93 MB
[Epoca 43] Memoria riservata:   90.00 MB
[Epoca 43] Totale allocata (storico): 1.62 MB
[Epoca 43]  Picco memoria allocata: 14658.92 MB
2025-05-08 16:42:17.452 | DEBUG    | transformer:train_one_epoch:349 - Loss at epoch 44: 0.9377
2025-05-08 16:42:22.903 | DEBUG    | transformer:val_one_epoch:399 - Validation loss at epoch 44: 0.2909
2025-05-08 16:42:22.903 | INFO     | transformer:train_val:466 - stop smooth: False
2025-05-08 16:42:22.904 | INFO     | transformer:train_val:478 - stop early: False
[Epoca 44] Memoria allocata:   19.93 MB
[Epoca 44] Memoria riservata:   90.00 MB
[Epoca 44] Totale allocata (storico): 1.65 MB
[Epoca 44]  Picco memoria allocata: 14660.29 MB
2025-05-08 16:43:07.317 | DEBUG    | transformer:train_one_epoch:349 - Loss at epoch 45: 0.8832
2025-05-08 16:43:12.893 | DEBUG    | transformer:val_one_epoch:399 - Validation loss at epoch 45: 0.2829
2025-05-08 16:43:12.894 | INFO     | transformer:train_val:466 - stop smooth: False
2025-05-08 16:43:12.894 | INFO     | transformer:train_val:478 - stop early: False
[Epoca 45] Memoria allocata:   19.93 MB
[Epoca 45] Memoria riservata:   88.00 MB
[Epoca 45] Totale allocata (storico): 1.69 MB
[Epoca 45]  Picco memoria allocata: 14658.49 MB
2025-05-08 16:43:54.988 | DEBUG    | transformer:train_one_epoch:349 - Loss at epoch 46: 0.8516
2025-05-08 16:44:00.420 | DEBUG    | transformer:val_one_epoch:399 - Validation loss at epoch 46: 0.2699
2025-05-08 16:44:00.420 | INFO     | transformer:train_val:466 - stop smooth: False
2025-05-08 16:44:00.420 | INFO     | transformer:train_val:478 - stop early: False
[Epoca 46] Memoria allocata:   19.93 MB
[Epoca 46] Memoria riservata:   88.00 MB
[Epoca 46] Totale allocata (storico): 1.73 MB
[Epoca 46]  Picco memoria allocata: 14660.50 MB
2025-05-08 16:44:42.953 | DEBUG    | transformer:train_one_epoch:349 - Loss at epoch 47: 0.8240
2025-05-08 16:44:48.518 | DEBUG    | transformer:val_one_epoch:399 - Validation loss at epoch 47: 0.2583
2025-05-08 16:44:48.519 | INFO     | transformer:train_val:466 - stop smooth: False
2025-05-08 16:44:48.519 | INFO     | transformer:train_val:478 - stop early: False
[Epoca 47] Memoria allocata:   19.93 MB
[Epoca 47] Memoria riservata:   90.00 MB
[Epoca 47] Totale allocata (storico): 1.77 MB
[Epoca 47]  Picco memoria allocata: 14661.77 MB
2025-05-08 16:45:30.375 | DEBUG    | transformer:train_one_epoch:349 - Loss at epoch 48: 0.7900
2025-05-08 16:45:35.900 | DEBUG    | transformer:val_one_epoch:399 - Validation loss at epoch 48: 0.2498
2025-05-08 16:45:35.900 | INFO     | transformer:train_val:466 - stop smooth: False
2025-05-08 16:45:35.900 | INFO     | transformer:train_val:478 - stop early: False
[Epoca 48] Memoria allocata:   19.93 MB
[Epoca 48] Memoria riservata:   88.00 MB
[Epoca 48] Totale allocata (storico): 1.80 MB
[Epoca 48]  Picco memoria allocata: 14659.75 MB
2025-05-08 16:46:19.019 | DEBUG    | transformer:train_one_epoch:349 - Loss at epoch 49: 0.7535
2025-05-08 16:46:24.677 | DEBUG    | transformer:val_one_epoch:399 - Validation loss at epoch 49: 0.2401
2025-05-08 16:46:24.678 | INFO     | transformer:train_val:466 - stop smooth: False
2025-05-08 16:46:24.678 | INFO     | transformer:train_val:478 - stop early: False
[Epoca 49] Memoria allocata:   19.93 MB
[Epoca 49] Memoria riservata:   88.00 MB
[Epoca 49] Totale allocata (storico): 1.84 MB
[Epoca 49]  Picco memoria allocata: 14659.71 MB
2025-05-08 16:47:06.286 | DEBUG    | transformer:train_one_epoch:349 - Loss at epoch 50: 0.7153
2025-05-08 16:47:11.842 | DEBUG    | transformer:val_one_epoch:399 - Validation loss at epoch 50: 0.2386
2025-05-08 16:47:11.842 | INFO     | transformer:train_val:466 - stop smooth: False
2025-05-08 16:47:11.842 | INFO     | transformer:train_val:478 - stop early: False
[Epoca 50] Memoria allocata:   19.93 MB
[Epoca 50] Memoria riservata:   88.00 MB
[Epoca 50] Totale allocata (storico): 1.88 MB
[Epoca 50]  Picco memoria allocata: 14659.54 MB
2025-05-08 16:47:54.673 | DEBUG    | transformer:train_one_epoch:349 - Loss at epoch 51: 0.8278
2025-05-08 16:47:59.993 | DEBUG    | transformer:val_one_epoch:399 - Validation loss at epoch 51: 0.2383
2025-05-08 16:47:59.993 | INFO     | transformer:train_val:466 - stop smooth: False
2025-05-08 16:47:59.994 | INFO     | transformer:train_val:478 - stop early: False
[Epoca 51] Memoria allocata:   19.93 MB
[Epoca 51] Memoria riservata:   90.00 MB
[Epoca 51] Totale allocata (storico): 1.92 MB
[Epoca 51]  Picco memoria allocata: 14659.59 MB
2025-05-08 16:48:42.738 | DEBUG    | transformer:train_one_epoch:349 - Loss at epoch 52: 0.6692
2025-05-08 16:48:48.394 | DEBUG    | transformer:val_one_epoch:399 - Validation loss at epoch 52: 0.2115
2025-05-08 16:48:48.395 | INFO     | transformer:train_val:466 - stop smooth: False
2025-05-08 16:48:48.395 | INFO     | transformer:train_val:478 - stop early: False
[Epoca 52] Memoria allocata:   19.93 MB
[Epoca 52] Memoria riservata:   88.00 MB
[Epoca 52] Totale allocata (storico): 1.95 MB
[Epoca 52]  Picco memoria allocata: 14647.17 MB
2025-05-08 16:49:30.536 | DEBUG    | transformer:train_one_epoch:349 - Loss at epoch 53: 0.6347
2025-05-08 16:49:36.054 | DEBUG    | transformer:val_one_epoch:399 - Validation loss at epoch 53: 0.2073
2025-05-08 16:49:36.055 | INFO     | transformer:train_val:466 - stop smooth: False
2025-05-08 16:49:36.055 | INFO     | transformer:train_val:478 - stop early: False
[Epoca 53] Memoria allocata:   19.93 MB
[Epoca 53] Memoria riservata:   88.00 MB
[Epoca 53] Totale allocata (storico): 1.99 MB
[Epoca 53]  Picco memoria allocata: 14659.23 MB
2025-05-08 16:50:18.752 | DEBUG    | transformer:train_one_epoch:349 - Loss at epoch 54: 0.5991
2025-05-08 16:50:24.251 | DEBUG    | transformer:val_one_epoch:399 - Validation loss at epoch 54: 0.1938
2025-05-08 16:50:24.252 | INFO     | transformer:train_val:466 - stop smooth: False
2025-05-08 16:50:24.252 | INFO     | transformer:train_val:478 - stop early: False
[Epoca 54] Memoria allocata:   19.93 MB
[Epoca 54] Memoria riservata:   90.00 MB
[Epoca 54] Totale allocata (storico): 2.03 MB
[Epoca 54]  Picco memoria allocata: 14661.65 MB
2025-05-08 16:51:06.948 | DEBUG    | transformer:train_one_epoch:349 - Loss at epoch 55: 0.5743
2025-05-08 16:51:12.329 | DEBUG    | transformer:val_one_epoch:399 - Validation loss at epoch 55: 0.1969
2025-05-08 16:51:12.330 | INFO     | transformer:train_val:466 - stop smooth: True
2025-05-08 16:51:12.330 | INFO     | transformer:train_val:478 - stop early: True
[Epoca 55] Memoria allocata:   19.93 MB
[Epoca 55] Memoria riservata:   90.00 MB
[Epoca 55] Totale allocata (storico): 2.07 MB
[Epoca 55]  Picco memoria allocata: 14659.31 MB
2025-05-08 16:51:54.736 | DEBUG    | transformer:train_one_epoch:349 - Loss at epoch 56: 0.5550
2025-05-08 16:52:00.136 | DEBUG    | transformer:val_one_epoch:399 - Validation loss at epoch 56: 0.1867
2025-05-08 16:52:00.137 | INFO     | transformer:train_val:466 - stop smooth: False
2025-05-08 16:52:00.137 | INFO     | transformer:train_val:478 - stop early: False
[Epoca 56] Memoria allocata:   19.93 MB
[Epoca 56] Memoria riservata:   88.00 MB
[Epoca 56] Totale allocata (storico): 2.10 MB
[Epoca 56]  Picco memoria allocata: 14658.29 MB
2025-05-08 16:52:42.383 | DEBUG    | transformer:train_one_epoch:349 - Loss at epoch 57: 0.5342
2025-05-08 16:52:47.884 | DEBUG    | transformer:val_one_epoch:399 - Validation loss at epoch 57: 0.1786
2025-05-08 16:52:47.885 | INFO     | transformer:train_val:466 - stop smooth: False
2025-05-08 16:52:47.885 | INFO     | transformer:train_val:478 - stop early: False
[Epoca 57] Memoria allocata:   19.93 MB
[Epoca 57] Memoria riservata:   90.00 MB
[Epoca 57] Totale allocata (storico): 2.14 MB
[Epoca 57]  Picco memoria allocata: 14660.62 MB
2025-05-08 16:53:29.908 | DEBUG    | transformer:train_one_epoch:349 - Loss at epoch 58: 0.5298
2025-05-08 16:53:35.528 | DEBUG    | transformer:val_one_epoch:399 - Validation loss at epoch 58: 0.1761
2025-05-08 16:53:35.529 | INFO     | transformer:train_val:466 - stop smooth: False
2025-05-08 16:53:35.529 | INFO     | transformer:train_val:478 - stop early: False
[Epoca 58] Memoria allocata:   19.93 MB
[Epoca 58] Memoria riservata:   90.00 MB
[Epoca 58] Totale allocata (storico): 2.18 MB
[Epoca 58]  Picco memoria allocata: 14659.12 MB
2025-05-08 16:54:18.334 | DEBUG    | transformer:train_one_epoch:349 - Loss at epoch 59: 0.4977
2025-05-08 16:54:23.825 | DEBUG    | transformer:val_one_epoch:399 - Validation loss at epoch 59: 0.1726
2025-05-08 16:54:23.825 | INFO     | transformer:train_val:466 - stop smooth: False
2025-05-08 16:54:23.825 | INFO     | transformer:train_val:478 - stop early: False
[Epoca 59] Memoria allocata:   19.93 MB
[Epoca 59] Memoria riservata:   90.00 MB
[Epoca 59] Totale allocata (storico): 2.22 MB
[Epoca 59]  Picco memoria allocata: 14658.77 MB
2025-05-08 16:55:06.003 | DEBUG    | transformer:train_one_epoch:349 - Loss at epoch 60: 0.4856
2025-05-08 16:55:11.497 | DEBUG    | transformer:val_one_epoch:399 - Validation loss at epoch 60: 0.1683
2025-05-08 16:55:11.497 | INFO     | transformer:train_val:466 - stop smooth: False
2025-05-08 16:55:11.498 | INFO     | transformer:train_val:478 - stop early: False
[Epoca 60] Memoria allocata:   19.93 MB
[Epoca 60] Memoria riservata:   90.00 MB
[Epoca 60] Totale allocata (storico): 2.25 MB
[Epoca 60]  Picco memoria allocata: 14657.69 MB
2025-05-08 16:55:53.292 | DEBUG    | transformer:train_one_epoch:349 - Loss at epoch 61: 0.4741
2025-05-08 16:55:58.754 | DEBUG    | transformer:val_one_epoch:399 - Validation loss at epoch 61: 0.1606
2025-05-08 16:55:58.755 | INFO     | transformer:train_val:466 - stop smooth: False
2025-05-08 16:55:58.755 | INFO     | transformer:train_val:478 - stop early: False
[Epoca 61] Memoria allocata:   19.93 MB
[Epoca 61] Memoria riservata:   88.00 MB
[Epoca 61] Totale allocata (storico): 2.29 MB
[Epoca 61]  Picco memoria allocata: 14658.32 MB
2025-05-08 16:56:40.946 | DEBUG    | transformer:train_one_epoch:349 - Loss at epoch 62: 0.4459
2025-05-08 16:56:46.335 | DEBUG    | transformer:val_one_epoch:399 - Validation loss at epoch 62: 0.1522
2025-05-08 16:56:46.336 | INFO     | transformer:train_val:466 - stop smooth: False
2025-05-08 16:56:46.336 | INFO     | transformer:train_val:478 - stop early: False
[Epoca 62] Memoria allocata:   19.93 MB
[Epoca 62] Memoria riservata:   88.00 MB
[Epoca 62] Totale allocata (storico): 2.33 MB
[Epoca 62]  Picco memoria allocata: 14658.01 MB
2025-05-08 16:57:28.039 | DEBUG    | transformer:train_one_epoch:349 - Loss at epoch 63: 0.4400
2025-05-08 16:57:33.628 | DEBUG    | transformer:val_one_epoch:399 - Validation loss at epoch 63: 0.1508
2025-05-08 16:57:33.628 | INFO     | transformer:train_val:466 - stop smooth: False
2025-05-08 16:57:33.628 | INFO     | transformer:train_val:478 - stop early: False
[Epoca 63] Memoria allocata:   19.93 MB
[Epoca 63] Memoria riservata:   90.00 MB
[Epoca 63] Totale allocata (storico): 2.37 MB
[Epoca 63]  Picco memoria allocata: 14658.28 MB
2025-05-08 16:58:15.573 | DEBUG    | transformer:train_one_epoch:349 - Loss at epoch 64: 0.4226
2025-05-08 16:58:21.152 | DEBUG    | transformer:val_one_epoch:399 - Validation loss at epoch 64: 0.1419
2025-05-08 16:58:21.153 | INFO     | transformer:train_val:466 - stop smooth: False
2025-05-08 16:58:21.153 | INFO     | transformer:train_val:478 - stop early: False
[Epoca 64] Memoria allocata:   19.93 MB
[Epoca 64] Memoria riservata:   90.00 MB
[Epoca 64] Totale allocata (storico): 2.40 MB
[Epoca 64]  Picco memoria allocata: 14658.44 MB
2025-05-08 16:59:03.047 | DEBUG    | transformer:train_one_epoch:349 - Loss at epoch 65: 1.5847
2025-05-08 16:59:08.534 | DEBUG    | transformer:val_one_epoch:399 - Validation loss at epoch 65: 0.1584
2025-05-08 16:59:08.535 | INFO     | transformer:train_val:466 - stop smooth: True
2025-05-08 16:59:08.535 | INFO     | transformer:train_val:478 - stop early: True
[Epoca 65] Memoria allocata:   19.93 MB
[Epoca 65] Memoria riservata:   90.00 MB
[Epoca 65] Totale allocata (storico): 2.44 MB
[Epoca 65]  Picco memoria allocata: 14658.66 MB
2025-05-08 16:59:50.192 | DEBUG    | transformer:train_one_epoch:349 - Loss at epoch 66: 0.4642
2025-05-08 16:59:55.599 | DEBUG    | transformer:val_one_epoch:399 - Validation loss at epoch 66: 0.1462
2025-05-08 16:59:55.600 | INFO     | transformer:train_val:466 - stop smooth: True
2025-05-08 16:59:55.600 | INFO     | transformer:train_val:478 - stop early: False
[Epoca 66] Memoria allocata:   19.93 MB
[Epoca 66] Memoria riservata:   90.00 MB
[Epoca 66] Totale allocata (storico): 2.48 MB
[Epoca 66]  Picco memoria allocata: 14660.58 MB
2025-05-08 17:00:38.029 | DEBUG    | transformer:train_one_epoch:349 - Loss at epoch 67: 0.4098
2025-05-08 17:00:43.410 | DEBUG    | transformer:val_one_epoch:399 - Validation loss at epoch 67: 0.1379
2025-05-08 17:00:43.411 | INFO     | transformer:train_val:466 - stop smooth: False
2025-05-08 17:00:43.411 | INFO     | transformer:train_val:478 - stop early: False
[Epoca 67] Memoria allocata:   19.93 MB
[Epoca 67] Memoria riservata:   88.00 MB
[Epoca 67] Totale allocata (storico): 2.52 MB
[Epoca 67]  Picco memoria allocata: 14657.80 MB
2025-05-08 17:01:25.354 | DEBUG    | transformer:train_one_epoch:349 - Loss at epoch 68: 0.3926
2025-05-08 17:01:30.888 | DEBUG    | transformer:val_one_epoch:399 - Validation loss at epoch 68: 0.1390
2025-05-08 17:01:30.889 | INFO     | transformer:train_val:466 - stop smooth: True
2025-05-08 17:01:30.889 | INFO     | transformer:train_val:478 - stop early: True
[Epoca 68] Memoria allocata:   19.93 MB
[Epoca 68] Memoria riservata:   88.00 MB
[Epoca 68] Totale allocata (storico): 2.56 MB
[Epoca 68]  Picco memoria allocata: 14659.23 MB
2025-05-08 17:02:12.615 | DEBUG    | transformer:train_one_epoch:349 - Loss at epoch 69: 0.3774
2025-05-08 17:02:18.117 | DEBUG    | transformer:val_one_epoch:399 - Validation loss at epoch 69: 0.1341
2025-05-08 17:02:18.118 | INFO     | transformer:train_val:466 - stop smooth: False
2025-05-08 17:02:18.118 | INFO     | transformer:train_val:478 - stop early: False
[Epoca 69] Memoria allocata:   19.93 MB
[Epoca 69] Memoria riservata:   90.00 MB
[Epoca 69] Totale allocata (storico): 2.59 MB
[Epoca 69]  Picco memoria allocata: 14659.89 MB
2025-05-08 17:03:01.003 | DEBUG    | transformer:train_one_epoch:349 - Loss at epoch 70: 0.3708
2025-05-08 17:03:06.594 | DEBUG    | transformer:val_one_epoch:399 - Validation loss at epoch 70: 0.1340
2025-05-08 17:03:06.595 | INFO     | transformer:train_val:466 - stop smooth: False
2025-05-08 17:03:06.595 | INFO     | transformer:train_val:478 - stop early: False
[Epoca 70] Memoria allocata:   19.93 MB
[Epoca 70] Memoria riservata:   88.00 MB
[Epoca 70] Totale allocata (storico): 2.63 MB
[Epoca 70]  Picco memoria allocata: 14659.09 MB
2025-05-08 17:03:49.620 | DEBUG    | transformer:train_one_epoch:349 - Loss at epoch 71: 0.3637
2025-05-08 17:03:54.980 | DEBUG    | transformer:val_one_epoch:399 - Validation loss at epoch 71: 0.1247
2025-05-08 17:03:54.981 | INFO     | transformer:train_val:466 - stop smooth: False
2025-05-08 17:03:54.981 | INFO     | transformer:train_val:478 - stop early: False
[Epoca 71] Memoria allocata:   19.93 MB
[Epoca 71] Memoria riservata:   90.00 MB
[Epoca 71] Totale allocata (storico): 2.67 MB
[Epoca 71]  Picco memoria allocata: 14647.17 MB
2025-05-08 17:04:37.442 | DEBUG    | transformer:train_one_epoch:349 - Loss at epoch 72: 0.3474
2025-05-08 17:04:42.880 | DEBUG    | transformer:val_one_epoch:399 - Validation loss at epoch 72: 0.1241
2025-05-08 17:04:42.881 | INFO     | transformer:train_val:466 - stop smooth: False
2025-05-08 17:04:42.881 | INFO     | transformer:train_val:478 - stop early: False
[Epoca 72] Memoria allocata:   19.93 MB
[Epoca 72] Memoria riservata:   88.00 MB
[Epoca 72] Totale allocata (storico): 2.71 MB
[Epoca 72]  Picco memoria allocata: 14659.23 MB
2025-05-08 17:05:25.297 | DEBUG    | transformer:train_one_epoch:349 - Loss at epoch 73: 0.3333
2025-05-08 17:05:30.721 | DEBUG    | transformer:val_one_epoch:399 - Validation loss at epoch 73: 0.1215
2025-05-08 17:05:30.722 | INFO     | transformer:train_val:466 - stop smooth: False
2025-05-08 17:05:30.722 | INFO     | transformer:train_val:478 - stop early: False
[Epoca 73] Memoria allocata:   19.93 MB
[Epoca 73] Memoria riservata:   88.00 MB
[Epoca 73] Totale allocata (storico): 2.74 MB
[Epoca 73]  Picco memoria allocata: 14659.73 MB
2025-05-08 17:06:11.944 | DEBUG    | transformer:train_one_epoch:349 - Loss at epoch 74: 0.3238
2025-05-08 17:06:17.271 | DEBUG    | transformer:val_one_epoch:399 - Validation loss at epoch 74: 0.1196
2025-05-08 17:06:17.272 | INFO     | transformer:train_val:466 - stop smooth: False
2025-05-08 17:06:17.272 | INFO     | transformer:train_val:478 - stop early: False
[Epoca 74] Memoria allocata:   19.93 MB
[Epoca 74] Memoria riservata:   90.00 MB
[Epoca 74] Totale allocata (storico): 2.78 MB
[Epoca 74]  Picco memoria allocata: 14660.12 MB
2025-05-08 17:07:00.153 | DEBUG    | transformer:train_one_epoch:349 - Loss at epoch 75: 0.3195
2025-05-08 17:07:05.501 | DEBUG    | transformer:val_one_epoch:399 - Validation loss at epoch 75: 0.1152
2025-05-08 17:07:05.501 | INFO     | transformer:train_val:466 - stop smooth: False
2025-05-08 17:07:05.502 | INFO     | transformer:train_val:478 - stop early: False
[Epoca 75] Memoria allocata:   19.93 MB
[Epoca 75] Memoria riservata:   90.00 MB
[Epoca 75] Totale allocata (storico): 2.82 MB
[Epoca 75]  Picco memoria allocata: 14660.20 MB
2025-05-08 17:07:47.212 | DEBUG    | transformer:train_one_epoch:349 - Loss at epoch 76: 0.3049
2025-05-08 17:07:52.697 | DEBUG    | transformer:val_one_epoch:399 - Validation loss at epoch 76: 0.1118
2025-05-08 17:07:52.697 | INFO     | transformer:train_val:466 - stop smooth: False
2025-05-08 17:07:52.697 | INFO     | transformer:train_val:478 - stop early: False
[Epoca 76] Memoria allocata:   19.93 MB
[Epoca 76] Memoria riservata:   88.00 MB
[Epoca 76] Totale allocata (storico): 2.86 MB
[Epoca 76]  Picco memoria allocata: 14659.10 MB
2025-05-08 17:08:34.520 | DEBUG    | transformer:train_one_epoch:349 - Loss at epoch 77: 0.3050
2025-05-08 17:08:39.882 | DEBUG    | transformer:val_one_epoch:399 - Validation loss at epoch 77: 0.1263
2025-05-08 17:08:39.883 | INFO     | transformer:train_val:466 - stop smooth: True
2025-05-08 17:08:39.883 | INFO     | transformer:train_val:478 - stop early: True
[Epoca 77] Memoria allocata:   19.93 MB
[Epoca 77] Memoria riservata:   88.00 MB
[Epoca 77] Totale allocata (storico): 2.89 MB
[Epoca 77]  Picco memoria allocata: 14658.05 MB
2025-05-08 17:09:23.082 | DEBUG    | transformer:train_one_epoch:349 - Loss at epoch 78: 0.2974
2025-05-08 17:09:28.616 | DEBUG    | transformer:val_one_epoch:399 - Validation loss at epoch 78: 0.1067
2025-05-08 17:09:28.617 | INFO     | transformer:train_val:466 - stop smooth: False
2025-05-08 17:09:28.617 | INFO     | transformer:train_val:478 - stop early: False
[Epoca 78] Memoria allocata:   19.93 MB
[Epoca 78] Memoria riservata:   90.00 MB
[Epoca 78] Totale allocata (storico): 2.93 MB
[Epoca 78]  Picco memoria allocata: 14661.65 MB
2025-05-08 17:10:10.412 | DEBUG    | transformer:train_one_epoch:349 - Loss at epoch 79: 0.2860
2025-05-08 17:10:15.879 | DEBUG    | transformer:val_one_epoch:399 - Validation loss at epoch 79: 0.1074
2025-05-08 17:10:15.880 | INFO     | transformer:train_val:466 - stop smooth: True
2025-05-08 17:10:15.880 | INFO     | transformer:train_val:478 - stop early: True
[Epoca 79] Memoria allocata:   19.93 MB
[Epoca 79] Memoria riservata:   90.00 MB
[Epoca 79] Totale allocata (storico): 2.97 MB
[Epoca 79]  Picco memoria allocata: 14660.21 MB
2025-05-08 17:10:57.868 | DEBUG    | transformer:train_one_epoch:349 - Loss at epoch 80: 0.2814
2025-05-08 17:11:03.244 | DEBUG    | transformer:val_one_epoch:399 - Validation loss at epoch 80: 0.1059
2025-05-08 17:11:03.244 | INFO     | transformer:train_val:466 - stop smooth: False
2025-05-08 17:11:03.245 | INFO     | transformer:train_val:478 - stop early: False
[Epoca 80] Memoria allocata:   19.93 MB
[Epoca 80] Memoria riservata:   90.00 MB
[Epoca 80] Totale allocata (storico): 3.01 MB
[Epoca 80]  Picco memoria allocata: 14658.83 MB
2025-05-08 17:11:45.472 | DEBUG    | transformer:train_one_epoch:349 - Loss at epoch 81: 0.2728
2025-05-08 17:11:50.969 | DEBUG    | transformer:val_one_epoch:399 - Validation loss at epoch 81: 0.1014
2025-05-08 17:11:50.970 | INFO     | transformer:train_val:466 - stop smooth: False
2025-05-08 17:11:50.970 | INFO     | transformer:train_val:478 - stop early: False
[Epoca 81] Memoria allocata:   19.93 MB
[Epoca 81] Memoria riservata:   90.00 MB
[Epoca 81] Totale allocata (storico): 3.04 MB
[Epoca 81]  Picco memoria allocata: 14658.75 MB
2025-05-08 17:12:33.203 | DEBUG    | transformer:train_one_epoch:349 - Loss at epoch 82: 0.2652
2025-05-08 17:12:38.449 | DEBUG    | transformer:val_one_epoch:399 - Validation loss at epoch 82: 0.0978
2025-05-08 17:12:38.450 | INFO     | transformer:train_val:466 - stop smooth: False
2025-05-08 17:12:38.450 | INFO     | transformer:train_val:478 - stop early: False
[Epoca 82] Memoria allocata:   19.93 MB
[Epoca 82] Memoria riservata:   90.00 MB
[Epoca 82] Totale allocata (storico): 3.08 MB
[Epoca 82]  Picco memoria allocata: 14658.87 MB
2025-05-08 17:13:21.039 | DEBUG    | transformer:train_one_epoch:349 - Loss at epoch 83: 0.2482
2025-05-08 17:13:26.393 | DEBUG    | transformer:val_one_epoch:399 - Validation loss at epoch 83: 0.0987
2025-05-08 17:13:26.394 | INFO     | transformer:train_val:466 - stop smooth: True
2025-05-08 17:13:26.394 | INFO     | transformer:train_val:478 - stop early: True
[Epoca 83] Memoria allocata:   19.93 MB
[Epoca 83] Memoria riservata:   90.00 MB
[Epoca 83] Totale allocata (storico): 3.12 MB
[Epoca 83]  Picco memoria allocata: 14659.51 MB
2025-05-08 17:14:08.773 | DEBUG    | transformer:train_one_epoch:349 - Loss at epoch 84: 0.2519
2025-05-08 17:14:14.153 | DEBUG    | transformer:val_one_epoch:399 - Validation loss at epoch 84: 0.0983
2025-05-08 17:14:14.154 | INFO     | transformer:train_val:466 - stop smooth: True
2025-05-08 17:14:14.154 | INFO     | transformer:train_val:478 - stop early: False
[Epoca 84] Memoria allocata:   19.93 MB
[Epoca 84] Memoria riservata:   88.00 MB
[Epoca 84] Totale allocata (storico): 3.16 MB
[Epoca 84]  Picco memoria allocata: 14659.97 MB
2025-05-08 17:14:55.933 | DEBUG    | transformer:train_one_epoch:349 - Loss at epoch 85: 0.2382
2025-05-08 17:15:01.543 | DEBUG    | transformer:val_one_epoch:399 - Validation loss at epoch 85: 0.0937
2025-05-08 17:15:01.544 | INFO     | transformer:train_val:466 - stop smooth: False
2025-05-08 17:15:01.544 | INFO     | transformer:train_val:478 - stop early: False
[Epoca 85] Memoria allocata:   19.93 MB
[Epoca 85] Memoria riservata:   90.00 MB
[Epoca 85] Totale allocata (storico): 3.19 MB
[Epoca 85]  Picco memoria allocata: 14660.40 MB
2025-05-08 17:15:43.703 | DEBUG    | transformer:train_one_epoch:349 - Loss at epoch 86: 0.2402
2025-05-08 17:15:49.250 | DEBUG    | transformer:val_one_epoch:399 - Validation loss at epoch 86: 0.0893
2025-05-08 17:15:49.251 | INFO     | transformer:train_val:466 - stop smooth: False
2025-05-08 17:15:49.251 | INFO     | transformer:train_val:478 - stop early: False
[Epoca 86] Memoria allocata:   19.93 MB
[Epoca 86] Memoria riservata:   88.00 MB
[Epoca 86] Totale allocata (storico): 3.23 MB
[Epoca 86]  Picco memoria allocata: 14659.23 MB
2025-05-08 17:16:31.905 | DEBUG    | transformer:train_one_epoch:349 - Loss at epoch 87: 0.2295
2025-05-08 17:16:37.258 | DEBUG    | transformer:val_one_epoch:399 - Validation loss at epoch 87: 0.0902
2025-05-08 17:16:37.259 | INFO     | transformer:train_val:466 - stop smooth: True
2025-05-08 17:16:37.259 | INFO     | transformer:train_val:478 - stop early: True
[Epoca 87] Memoria allocata:   19.93 MB
[Epoca 87] Memoria riservata:   90.00 MB
[Epoca 87] Totale allocata (storico): 3.27 MB
[Epoca 87]  Picco memoria allocata: 14659.49 MB
2025-05-08 17:17:19.122 | DEBUG    | transformer:train_one_epoch:349 - Loss at epoch 88: 0.2188
2025-05-08 17:17:24.610 | DEBUG    | transformer:val_one_epoch:399 - Validation loss at epoch 88: 0.0834
2025-05-08 17:17:24.611 | INFO     | transformer:train_val:466 - stop smooth: False
2025-05-08 17:17:24.611 | INFO     | transformer:train_val:478 - stop early: False
[Epoca 88] Memoria allocata:   19.93 MB
[Epoca 88] Memoria riservata:   88.00 MB
[Epoca 88] Totale allocata (storico): 3.31 MB
[Epoca 88]  Picco memoria allocata: 14660.12 MB
2025-05-08 17:18:06.588 | DEBUG    | transformer:train_one_epoch:349 - Loss at epoch 89: 0.2182
2025-05-08 17:18:11.984 | DEBUG    | transformer:val_one_epoch:399 - Validation loss at epoch 89: 0.1028
2025-05-08 17:18:11.985 | INFO     | transformer:train_val:466 - stop smooth: True
2025-05-08 17:18:11.985 | INFO     | transformer:train_val:478 - stop early: True
[Epoca 89] Memoria allocata:   19.93 MB
[Epoca 89] Memoria riservata:   90.00 MB
[Epoca 89] Totale allocata (storico): 3.34 MB
[Epoca 89]  Picco memoria allocata: 14660.38 MB
2025-05-08 17:18:53.979 | DEBUG    | transformer:train_one_epoch:349 - Loss at epoch 90: 0.2109
2025-05-08 17:18:59.415 | DEBUG    | transformer:val_one_epoch:399 - Validation loss at epoch 90: 0.0811
2025-05-08 17:18:59.416 | INFO     | transformer:train_val:466 - stop smooth: False
2025-05-08 17:18:59.416 | INFO     | transformer:train_val:478 - stop early: False
[Epoca 90] Memoria allocata:   19.93 MB
[Epoca 90] Memoria riservata:   90.00 MB
[Epoca 90] Totale allocata (storico): 3.38 MB
[Epoca 90]  Picco memoria allocata: 14661.89 MB
2025-05-08 17:19:42.468 | DEBUG    | transformer:train_one_epoch:349 - Loss at epoch 91: 0.2080
2025-05-08 17:19:47.884 | DEBUG    | transformer:val_one_epoch:399 - Validation loss at epoch 91: 0.0931
2025-05-08 17:19:47.884 | INFO     | transformer:train_val:466 - stop smooth: True
2025-05-08 17:19:47.885 | INFO     | transformer:train_val:478 - stop early: True
[Epoca 91] Memoria allocata:   19.93 MB
[Epoca 91] Memoria riservata:   88.00 MB
[Epoca 91] Totale allocata (storico): 3.42 MB
[Epoca 91]  Picco memoria allocata: 14660.42 MB
2025-05-08 17:20:30.090 | DEBUG    | transformer:train_one_epoch:349 - Loss at epoch 92: 0.1936
2025-05-08 17:20:35.491 | DEBUG    | transformer:val_one_epoch:399 - Validation loss at epoch 92: 0.0786
2025-05-08 17:20:35.492 | INFO     | transformer:train_val:466 - stop smooth: False
2025-05-08 17:20:35.492 | INFO     | transformer:train_val:478 - stop early: False
[Epoca 92] Memoria allocata:   19.93 MB
[Epoca 92] Memoria riservata:   90.00 MB
[Epoca 92] Totale allocata (storico): 3.46 MB
[Epoca 92]  Picco memoria allocata: 14658.87 MB
2025-05-08 17:21:17.002 | DEBUG    | transformer:train_one_epoch:349 - Loss at epoch 93: 0.2060
2025-05-08 17:21:22.640 | DEBUG    | transformer:val_one_epoch:399 - Validation loss at epoch 93: 0.0850
2025-05-08 17:21:22.640 | INFO     | transformer:train_val:466 - stop smooth: True
2025-05-08 17:21:22.641 | INFO     | transformer:train_val:478 - stop early: True
[Epoca 93] Memoria allocata:   19.93 MB
[Epoca 93] Memoria riservata:   88.00 MB
[Epoca 93] Totale allocata (storico): 3.49 MB
[Epoca 93]  Picco memoria allocata: 14658.32 MB
2025-05-08 17:22:04.651 | DEBUG    | transformer:train_one_epoch:349 - Loss at epoch 94: 0.1953
2025-05-08 17:22:10.055 | DEBUG    | transformer:val_one_epoch:399 - Validation loss at epoch 94: 0.0786
2025-05-08 17:22:10.056 | INFO     | transformer:train_val:466 - stop smooth: False
2025-05-08 17:22:10.056 | INFO     | transformer:train_val:478 - stop early: False
[Epoca 94] Memoria allocata:   19.93 MB
[Epoca 94] Memoria riservata:   90.00 MB
[Epoca 94] Totale allocata (storico): 3.53 MB
[Epoca 94]  Picco memoria allocata: 14658.67 MB
2025-05-08 17:22:51.990 | DEBUG    | transformer:train_one_epoch:349 - Loss at epoch 95: 0.1877
2025-05-08 17:22:57.376 | DEBUG    | transformer:val_one_epoch:399 - Validation loss at epoch 95: 0.0728
2025-05-08 17:22:57.377 | INFO     | transformer:train_val:466 - stop smooth: False
2025-05-08 17:22:57.377 | INFO     | transformer:train_val:478 - stop early: False
[Epoca 95] Memoria allocata:   19.93 MB
[Epoca 95] Memoria riservata:   88.00 MB
[Epoca 95] Totale allocata (storico): 3.57 MB
[Epoca 95]  Picco memoria allocata: 14658.33 MB
2025-05-08 17:23:39.905 | DEBUG    | transformer:train_one_epoch:349 - Loss at epoch 96: 0.1815
2025-05-08 17:23:45.259 | DEBUG    | transformer:val_one_epoch:399 - Validation loss at epoch 96: 0.0738
2025-05-08 17:23:45.259 | INFO     | transformer:train_val:466 - stop smooth: True
2025-05-08 17:23:45.260 | INFO     | transformer:train_val:478 - stop early: True
[Epoca 96] Memoria allocata:   19.93 MB
[Epoca 96] Memoria riservata:   90.00 MB
[Epoca 96] Totale allocata (storico): 3.61 MB
[Epoca 96]  Picco memoria allocata: 14660.97 MB
2025-05-08 17:24:27.323 | DEBUG    | transformer:train_one_epoch:349 - Loss at epoch 97: 0.8316
2025-05-08 17:24:32.830 | DEBUG    | transformer:val_one_epoch:399 - Validation loss at epoch 97: 0.0827
2025-05-08 17:24:32.831 | INFO     | transformer:train_val:466 - stop smooth: True
2025-05-08 17:24:32.831 | INFO     | transformer:train_val:478 - stop early: True
[Epoca 97] Memoria allocata:   19.93 MB
[Epoca 97] Memoria riservata:   90.00 MB
[Epoca 97] Totale allocata (storico): 3.64 MB
[Epoca 97]  Picco memoria allocata: 14658.42 MB
2025-05-08 17:25:15.018 | DEBUG    | transformer:train_one_epoch:349 - Loss at epoch 98: 0.1928
2025-05-08 17:25:20.562 | DEBUG    | transformer:val_one_epoch:399 - Validation loss at epoch 98: 0.0716
2025-05-08 17:25:20.563 | INFO     | transformer:train_val:466 - stop smooth: False
2025-05-08 17:25:20.563 | INFO     | transformer:train_val:478 - stop early: False
[Epoca 98] Memoria allocata:   19.93 MB
[Epoca 98] Memoria riservata:   88.00 MB
[Epoca 98] Totale allocata (storico): 3.68 MB
[Epoca 98]  Picco memoria allocata: 14658.04 MB
2025-05-08 17:26:02.909 | DEBUG    | transformer:train_one_epoch:349 - Loss at epoch 99: 0.1699
2025-05-08 17:26:08.387 | DEBUG    | transformer:val_one_epoch:399 - Validation loss at epoch 99: 0.0680
2025-05-08 17:26:08.387 | INFO     | transformer:train_val:466 - stop smooth: False
2025-05-08 17:26:08.387 | INFO     | transformer:train_val:478 - stop early: False
[Epoca 99] Memoria allocata:   19.93 MB
[Epoca 99] Memoria riservata:   90.00 MB
[Epoca 99] Totale allocata (storico): 3.72 MB
[Epoca 99]  Picco memoria allocata: 14658.94 MB
2025-05-08 17:26:49.964 | DEBUG    | transformer:train_one_epoch:349 - Loss at epoch 100: 0.1688
2025-05-08 17:26:55.476 | DEBUG    | transformer:val_one_epoch:399 - Validation loss at epoch 100: 0.0698
2025-05-08 17:26:55.476 | INFO     | transformer:train_val:466 - stop smooth: True
2025-05-08 17:26:55.476 | INFO     | transformer:train_val:478 - stop early: True
[Epoca 100] Memoria allocata:   19.93 MB
[Epoca 100] Memoria riservata:   88.00 MB
[Epoca 100] Totale allocata (storico): 3.76 MB
[Epoca 100]  Picco memoria allocata: 14659.02 MB
2025-05-08 17:27:37.367 | DEBUG    | transformer:train_one_epoch:349 - Loss at epoch 101: 0.1579
2025-05-08 17:27:42.843 | DEBUG    | transformer:val_one_epoch:399 - Validation loss at epoch 101: 0.0663
2025-05-08 17:27:42.844 | INFO     | transformer:train_val:466 - stop smooth: False
2025-05-08 17:27:42.844 | INFO     | transformer:train_val:478 - stop early: False
[Epoca 101] Memoria allocata:   19.93 MB
[Epoca 101] Memoria riservata:   90.00 MB
[Epoca 101] Totale allocata (storico): 3.80 MB
[Epoca 101]  Picco memoria allocata: 14658.62 MB
2025-05-08 17:28:23.946 | DEBUG    | transformer:train_one_epoch:349 - Loss at epoch 102: 0.1600
2025-05-08 17:28:29.385 | DEBUG    | transformer:val_one_epoch:399 - Validation loss at epoch 102: 0.0655
2025-05-08 17:28:29.386 | INFO     | transformer:train_val:466 - stop smooth: False
2025-05-08 17:28:29.386 | INFO     | transformer:train_val:478 - stop early: False
[Epoca 102] Memoria allocata:   19.93 MB
[Epoca 102] Memoria riservata:   88.00 MB
[Epoca 102] Totale allocata (storico): 3.83 MB
[Epoca 102]  Picco memoria allocata: 14659.84 MB
2025-05-08 17:29:11.311 | DEBUG    | transformer:train_one_epoch:349 - Loss at epoch 103: 0.1560
2025-05-08 17:29:16.806 | DEBUG    | transformer:val_one_epoch:399 - Validation loss at epoch 103: 0.0643
2025-05-08 17:29:16.807 | INFO     | transformer:train_val:466 - stop smooth: False
2025-05-08 17:29:16.807 | INFO     | transformer:train_val:478 - stop early: False
[Epoca 103] Memoria allocata:   19.93 MB
[Epoca 103] Memoria riservata:   88.00 MB
[Epoca 103] Totale allocata (storico): 3.87 MB
[Epoca 103]  Picco memoria allocata: 14660.21 MB
2025-05-08 17:29:59.279 | DEBUG    | transformer:train_one_epoch:349 - Loss at epoch 104: 0.1639
2025-05-08 17:30:04.670 | DEBUG    | transformer:val_one_epoch:399 - Validation loss at epoch 104: 0.0662
2025-05-08 17:30:04.670 | INFO     | transformer:train_val:466 - stop smooth: True
2025-05-08 17:30:04.670 | INFO     | transformer:train_val:478 - stop early: True
[Epoca 104] Memoria allocata:   19.93 MB
[Epoca 104] Memoria riservata:   90.00 MB
[Epoca 104] Totale allocata (storico): 3.91 MB
[Epoca 104]  Picco memoria allocata: 14661.89 MB
2025-05-08 17:30:46.759 | DEBUG    | transformer:train_one_epoch:349 - Loss at epoch 105: 0.1650
2025-05-08 17:30:52.148 | DEBUG    | transformer:val_one_epoch:399 - Validation loss at epoch 105: 0.0691
2025-05-08 17:30:52.149 | INFO     | transformer:train_val:466 - stop smooth: True
2025-05-08 17:30:52.149 | INFO     | transformer:train_val:478 - stop early: True
[Epoca 105] Memoria allocata:   19.93 MB
[Epoca 105] Memoria riservata:   90.00 MB
[Epoca 105] Totale allocata (storico): 3.95 MB
[Epoca 105]  Picco memoria allocata: 14658.75 MB
2025-05-08 17:31:34.333 | DEBUG    | transformer:train_one_epoch:349 - Loss at epoch 106: 0.1455
2025-05-08 17:31:39.690 | DEBUG    | transformer:val_one_epoch:399 - Validation loss at epoch 106: 0.0629
2025-05-08 17:31:39.691 | INFO     | transformer:train_val:466 - stop smooth: False
2025-05-08 17:31:39.691 | INFO     | transformer:train_val:478 - stop early: False
[Epoca 106] Memoria allocata:   19.93 MB
[Epoca 106] Memoria riservata:   88.00 MB
[Epoca 106] Totale allocata (storico): 3.98 MB
[Epoca 106]  Picco memoria allocata: 14647.17 MB
2025-05-08 17:32:22.038 | DEBUG    | transformer:train_one_epoch:349 - Loss at epoch 107: 0.1456
2025-05-08 17:32:27.379 | DEBUG    | transformer:val_one_epoch:399 - Validation loss at epoch 107: 0.0615
2025-05-08 17:32:27.379 | INFO     | transformer:train_val:466 - stop smooth: False
2025-05-08 17:32:27.379 | INFO     | transformer:train_val:478 - stop early: False
[Epoca 107] Memoria allocata:   19.93 MB
[Epoca 107] Memoria riservata:   90.00 MB
[Epoca 107] Totale allocata (storico): 4.02 MB
[Epoca 107]  Picco memoria allocata: 14659.05 MB
2025-05-08 17:33:08.963 | DEBUG    | transformer:train_one_epoch:349 - Loss at epoch 108: 0.1323
2025-05-08 17:33:14.478 | DEBUG    | transformer:val_one_epoch:399 - Validation loss at epoch 108: 0.0581
2025-05-08 17:33:14.479 | INFO     | transformer:train_val:466 - stop smooth: False
2025-05-08 17:33:14.479 | INFO     | transformer:train_val:478 - stop early: False
[Epoca 108] Memoria allocata:   19.93 MB
[Epoca 108] Memoria riservata:   88.00 MB
[Epoca 108] Totale allocata (storico): 4.06 MB
[Epoca 108]  Picco memoria allocata: 14659.84 MB
2025-05-08 17:33:56.270 | DEBUG    | transformer:train_one_epoch:349 - Loss at epoch 109: 0.1369
2025-05-08 17:34:01.616 | DEBUG    | transformer:val_one_epoch:399 - Validation loss at epoch 109: 0.0585
2025-05-08 17:34:01.617 | INFO     | transformer:train_val:466 - stop smooth: True
2025-05-08 17:34:01.617 | INFO     | transformer:train_val:478 - stop early: True
[Epoca 109] Memoria allocata:   19.93 MB
[Epoca 109] Memoria riservata:   88.00 MB
[Epoca 109] Totale allocata (storico): 4.10 MB
[Epoca 109]  Picco memoria allocata: 14659.54 MB
2025-05-08 17:34:43.554 | DEBUG    | transformer:train_one_epoch:349 - Loss at epoch 110: 0.1284
2025-05-08 17:34:49.051 | DEBUG    | transformer:val_one_epoch:399 - Validation loss at epoch 110: 0.0557
2025-05-08 17:34:49.052 | INFO     | transformer:train_val:466 - stop smooth: False
2025-05-08 17:34:49.052 | INFO     | transformer:train_val:478 - stop early: False
[Epoca 110] Memoria allocata:   19.93 MB
[Epoca 110] Memoria riservata:   88.00 MB
[Epoca 110] Totale allocata (storico): 4.13 MB
[Epoca 110]  Picco memoria allocata: 14660.20 MB
2025-05-08 17:35:31.352 | DEBUG    | transformer:train_one_epoch:349 - Loss at epoch 111: 0.1239
2025-05-08 17:35:36.836 | DEBUG    | transformer:val_one_epoch:399 - Validation loss at epoch 111: 0.0552
2025-05-08 17:35:36.837 | INFO     | transformer:train_val:466 - stop smooth: False
2025-05-08 17:35:36.837 | INFO     | transformer:train_val:478 - stop early: False
[Epoca 111] Memoria allocata:   19.93 MB
[Epoca 111] Memoria riservata:   90.00 MB
[Epoca 111] Totale allocata (storico): 4.17 MB
[Epoca 111]  Picco memoria allocata: 14661.89 MB
2025-05-08 17:36:19.265 | DEBUG    | transformer:train_one_epoch:349 - Loss at epoch 112: 0.1212
2025-05-08 17:36:24.928 | DEBUG    | transformer:val_one_epoch:399 - Validation loss at epoch 112: 0.0532
2025-05-08 17:36:24.929 | INFO     | transformer:train_val:466 - stop smooth: False
2025-05-08 17:36:24.929 | INFO     | transformer:train_val:478 - stop early: False
[Epoca 112] Memoria allocata:   19.93 MB
[Epoca 112] Memoria riservata:   90.00 MB
[Epoca 112] Totale allocata (storico): 4.21 MB
[Epoca 112]  Picco memoria allocata: 14658.87 MB
2025-05-08 17:37:06.659 | DEBUG    | transformer:train_one_epoch:349 - Loss at epoch 113: 0.1140
2025-05-08 17:37:12.223 | DEBUG    | transformer:val_one_epoch:399 - Validation loss at epoch 113: 0.0527
2025-05-08 17:37:12.224 | INFO     | transformer:train_val:466 - stop smooth: False
2025-05-08 17:37:12.224 | INFO     | transformer:train_val:478 - stop early: False
[Epoca 113] Memoria allocata:   19.93 MB
[Epoca 113] Memoria riservata:   90.00 MB
[Epoca 113] Totale allocata (storico): 4.25 MB
[Epoca 113]  Picco memoria allocata: 14658.96 MB
2025-05-08 17:37:54.550 | DEBUG    | transformer:train_one_epoch:349 - Loss at epoch 114: 0.1142
2025-05-08 17:37:59.975 | DEBUG    | transformer:val_one_epoch:399 - Validation loss at epoch 114: 0.0524
2025-05-08 17:37:59.976 | INFO     | transformer:train_val:466 - stop smooth: False
2025-05-08 17:37:59.976 | INFO     | transformer:train_val:478 - stop early: False
[Epoca 114] Memoria allocata:   19.93 MB
[Epoca 114] Memoria riservata:   90.00 MB
[Epoca 114] Totale allocata (storico): 4.28 MB
[Epoca 114]  Picco memoria allocata: 14658.85 MB
2025-05-08 17:38:41.674 | DEBUG    | transformer:train_one_epoch:349 - Loss at epoch 115: 0.1172
2025-05-08 17:38:47.153 | DEBUG    | transformer:val_one_epoch:399 - Validation loss at epoch 115: 0.0502
2025-05-08 17:38:47.153 | INFO     | transformer:train_val:466 - stop smooth: False
2025-05-08 17:38:47.154 | INFO     | transformer:train_val:478 - stop early: False
[Epoca 115] Memoria allocata:   19.93 MB
[Epoca 115] Memoria riservata:   88.00 MB
[Epoca 115] Totale allocata (storico): 4.32 MB
[Epoca 115]  Picco memoria allocata: 14659.89 MB
2025-05-08 17:39:28.891 | DEBUG    | transformer:train_one_epoch:349 - Loss at epoch 116: 0.1113
2025-05-08 17:39:34.331 | DEBUG    | transformer:val_one_epoch:399 - Validation loss at epoch 116: 0.0487
2025-05-08 17:39:34.331 | INFO     | transformer:train_val:466 - stop smooth: False
2025-05-08 17:39:34.331 | INFO     | transformer:train_val:478 - stop early: False
[Epoca 116] Memoria allocata:   19.93 MB
[Epoca 116] Memoria riservata:   88.00 MB
[Epoca 116] Totale allocata (storico): 4.36 MB
[Epoca 116]  Picco memoria allocata: 14660.50 MB
2025-05-08 17:40:16.165 | DEBUG    | transformer:train_one_epoch:349 - Loss at epoch 117: 0.1089
2025-05-08 17:40:21.579 | DEBUG    | transformer:val_one_epoch:399 - Validation loss at epoch 117: 0.0492
2025-05-08 17:40:21.579 | INFO     | transformer:train_val:466 - stop smooth: True
2025-05-08 17:40:21.580 | INFO     | transformer:train_val:478 - stop early: True
[Epoca 117] Memoria allocata:   19.93 MB
[Epoca 117] Memoria riservata:   88.00 MB
[Epoca 117] Totale allocata (storico): 4.40 MB
[Epoca 117]  Picco memoria allocata: 14658.71 MB
2025-05-08 17:41:03.686 | DEBUG    | transformer:train_one_epoch:349 - Loss at epoch 118: 0.1045
2025-05-08 17:41:09.041 | DEBUG    | transformer:val_one_epoch:399 - Validation loss at epoch 118: 0.0482
2025-05-08 17:41:09.042 | INFO     | transformer:train_val:466 - stop smooth: False
2025-05-08 17:41:09.042 | INFO     | transformer:train_val:478 - stop early: False
[Epoca 118] Memoria allocata:   19.93 MB
[Epoca 118] Memoria riservata:   88.00 MB
[Epoca 118] Totale allocata (storico): 4.43 MB
[Epoca 118]  Picco memoria allocata: 14658.59 MB
2025-05-08 17:41:50.918 | DEBUG    | transformer:train_one_epoch:349 - Loss at epoch 119: 0.1156
2025-05-08 17:41:56.506 | DEBUG    | transformer:val_one_epoch:399 - Validation loss at epoch 119: 0.0465
2025-05-08 17:41:56.507 | INFO     | transformer:train_val:466 - stop smooth: False
2025-05-08 17:41:56.507 | INFO     | transformer:train_val:478 - stop early: False
[Epoca 119] Memoria allocata:   19.93 MB
[Epoca 119] Memoria riservata:   90.00 MB
[Epoca 119] Totale allocata (storico): 4.47 MB
[Epoca 119]  Picco memoria allocata: 14658.75 MB
2025-05-08 17:42:39.189 | DEBUG    | transformer:train_one_epoch:349 - Loss at epoch 120: 0.1013
2025-05-08 17:42:44.889 | DEBUG    | transformer:val_one_epoch:399 - Validation loss at epoch 120: 0.0454
2025-05-08 17:42:44.890 | INFO     | transformer:train_val:466 - stop smooth: False
2025-05-08 17:42:44.890 | INFO     | transformer:train_val:478 - stop early: False
[Epoca 120] Memoria allocata:   19.93 MB
[Epoca 120] Memoria riservata:   90.00 MB
[Epoca 120] Totale allocata (storico): 4.51 MB
[Epoca 120]  Picco memoria allocata: 14660.62 MB
2025-05-08 17:43:26.478 | DEBUG    | transformer:train_one_epoch:349 - Loss at epoch 121: 0.1056
2025-05-08 17:43:32.050 | DEBUG    | transformer:val_one_epoch:399 - Validation loss at epoch 121: 0.0432
2025-05-08 17:43:32.051 | INFO     | transformer:train_val:466 - stop smooth: False
2025-05-08 17:43:32.051 | INFO     | transformer:train_val:478 - stop early: False
[Epoca 121] Memoria allocata:   19.93 MB
[Epoca 121] Memoria riservata:   90.00 MB
[Epoca 121] Totale allocata (storico): 4.55 MB
[Epoca 121]  Picco memoria allocata: 14660.97 MB
2025-05-08 17:44:14.853 | DEBUG    | transformer:train_one_epoch:349 - Loss at epoch 122: 0.0952
2025-05-08 17:44:20.244 | DEBUG    | transformer:val_one_epoch:399 - Validation loss at epoch 122: 0.0467
2025-05-08 17:44:20.245 | INFO     | transformer:train_val:466 - stop smooth: True
2025-05-08 17:44:20.245 | INFO     | transformer:train_val:478 - stop early: True
[Epoca 122] Memoria allocata:   19.93 MB
[Epoca 122] Memoria riservata:   88.00 MB
[Epoca 122] Totale allocata (storico): 4.58 MB
[Epoca 122]  Picco memoria allocata: 14658.59 MB
2025-05-08 17:45:02.325 | DEBUG    | transformer:train_one_epoch:349 - Loss at epoch 123: 0.1012
2025-05-08 17:45:07.680 | DEBUG    | transformer:val_one_epoch:399 - Validation loss at epoch 123: 0.0456
2025-05-08 17:45:07.681 | INFO     | transformer:train_val:466 - stop smooth: True
2025-05-08 17:45:07.681 | INFO     | transformer:train_val:478 - stop early: False
[Epoca 123] Memoria allocata:   19.93 MB
[Epoca 123] Memoria riservata:   88.00 MB
[Epoca 123] Totale allocata (storico): 4.62 MB
[Epoca 123]  Picco memoria allocata: 14658.92 MB
2025-05-08 17:45:49.740 | DEBUG    | transformer:train_one_epoch:349 - Loss at epoch 124: 0.1098
2025-05-08 17:45:55.262 | DEBUG    | transformer:val_one_epoch:399 - Validation loss at epoch 124: 0.0487
2025-05-08 17:45:55.262 | INFO     | transformer:train_val:466 - stop smooth: True
2025-05-08 17:45:55.262 | INFO     | transformer:train_val:478 - stop early: True
[Epoca 124] Memoria allocata:   19.93 MB
[Epoca 124] Memoria riservata:   90.00 MB
[Epoca 124] Totale allocata (storico): 4.66 MB
[Epoca 124]  Picco memoria allocata: 14659.36 MB
2025-05-08 17:46:37.160 | DEBUG    | transformer:train_one_epoch:349 - Loss at epoch 125: 0.1020
2025-05-08 17:46:42.636 | DEBUG    | transformer:val_one_epoch:399 - Validation loss at epoch 125: 0.0433
2025-05-08 17:46:42.636 | INFO     | transformer:train_val:466 - stop smooth: True
2025-05-08 17:46:42.637 | INFO     | transformer:train_val:478 - stop early: False
[Epoca 125] Memoria allocata:   19.93 MB
[Epoca 125] Memoria riservata:   88.00 MB
[Epoca 125] Totale allocata (storico): 4.70 MB
[Epoca 125]  Picco memoria allocata: 14659.16 MB
2025-05-08 17:47:24.207 | DEBUG    | transformer:train_one_epoch:349 - Loss at epoch 126: 0.0926
2025-05-08 17:47:29.773 | DEBUG    | transformer:val_one_epoch:399 - Validation loss at epoch 126: 0.0515
2025-05-08 17:47:29.774 | INFO     | transformer:train_val:466 - stop smooth: True
2025-05-08 17:47:29.774 | INFO     | transformer:train_val:478 - stop early: True
[Epoca 126] Memoria allocata:   19.93 MB
[Epoca 126] Memoria riservata:   90.00 MB
[Epoca 126] Totale allocata (storico): 4.73 MB
[Epoca 126]  Picco memoria allocata: 14660.40 MB
2025-05-08 17:48:11.686 | DEBUG    | transformer:train_one_epoch:349 - Loss at epoch 127: 0.0923
2025-05-08 17:48:17.129 | DEBUG    | transformer:val_one_epoch:399 - Validation loss at epoch 127: 0.0418
2025-05-08 17:48:17.129 | INFO     | transformer:train_val:466 - stop smooth: False
2025-05-08 17:48:17.129 | INFO     | transformer:train_val:478 - stop early: False
[Epoca 127] Memoria allocata:   19.93 MB
[Epoca 127] Memoria riservata:   88.00 MB
[Epoca 127] Totale allocata (storico): 4.77 MB
[Epoca 127]  Picco memoria allocata: 14659.10 MB
2025-05-08 17:48:59.789 | DEBUG    | transformer:train_one_epoch:349 - Loss at epoch 128: 0.0865
2025-05-08 17:49:05.261 | DEBUG    | transformer:val_one_epoch:399 - Validation loss at epoch 128: 0.0401
2025-05-08 17:49:05.262 | INFO     | transformer:train_val:466 - stop smooth: False
2025-05-08 17:49:05.262 | INFO     | transformer:train_val:478 - stop early: False
[Epoca 128] Memoria allocata:   19.93 MB
[Epoca 128] Memoria riservata:   90.00 MB
[Epoca 128] Totale allocata (storico): 4.81 MB
[Epoca 128]  Picco memoria allocata: 14659.84 MB
2025-05-08 17:49:46.452 | DEBUG    | transformer:train_one_epoch:349 - Loss at epoch 129: 0.1045
2025-05-08 17:49:51.880 | DEBUG    | transformer:val_one_epoch:399 - Validation loss at epoch 129: 0.1027
2025-05-08 17:49:51.881 | INFO     | transformer:train_val:466 - stop smooth: True
2025-05-08 17:49:51.881 | INFO     | transformer:train_val:478 - stop early: True
[Epoca 129] Memoria allocata:   19.93 MB
[Epoca 129] Memoria riservata:   90.00 MB
[Epoca 129] Totale allocata (storico): 4.85 MB
[Epoca 129]  Picco memoria allocata: 14659.16 MB
2025-05-08 17:50:34.331 | DEBUG    | transformer:train_one_epoch:349 - Loss at epoch 130: 0.1385
2025-05-08 17:50:39.801 | DEBUG    | transformer:val_one_epoch:399 - Validation loss at epoch 130: 0.0397
2025-05-08 17:50:39.802 | INFO     | transformer:train_val:466 - stop smooth: False
2025-05-08 17:50:39.802 | INFO     | transformer:train_val:478 - stop early: False
[Epoca 130] Memoria allocata:   19.93 MB
[Epoca 130] Memoria riservata:   90.00 MB
[Epoca 130] Totale allocata (storico): 4.88 MB
[Epoca 130]  Picco memoria allocata: 14659.84 MB
2025-05-08 17:51:22.094 | DEBUG    | transformer:train_one_epoch:349 - Loss at epoch 131: 0.0887
2025-05-08 17:51:27.574 | DEBUG    | transformer:val_one_epoch:399 - Validation loss at epoch 131: 0.0400
2025-05-08 17:51:27.575 | INFO     | transformer:train_val:466 - stop smooth: True
2025-05-08 17:51:27.575 | INFO     | transformer:train_val:478 - stop early: True
[Epoca 131] Memoria allocata:   19.93 MB
[Epoca 131] Memoria riservata:   90.00 MB
[Epoca 131] Totale allocata (storico): 4.92 MB
[Epoca 131]  Picco memoria allocata: 14659.10 MB
2025-05-08 17:52:10.388 | DEBUG    | transformer:train_one_epoch:349 - Loss at epoch 132: 0.0855
2025-05-08 17:52:15.770 | DEBUG    | transformer:val_one_epoch:399 - Validation loss at epoch 132: 0.0390
2025-05-08 17:52:15.771 | INFO     | transformer:train_val:466 - stop smooth: False
2025-05-08 17:52:15.771 | INFO     | transformer:train_val:478 - stop early: False
[Epoca 132] Memoria allocata:   19.93 MB
[Epoca 132] Memoria riservata:   88.00 MB
[Epoca 132] Totale allocata (storico): 4.96 MB
[Epoca 132]  Picco memoria allocata: 14658.63 MB
2025-05-08 17:52:58.075 | DEBUG    | transformer:train_one_epoch:349 - Loss at epoch 133: 0.0879
2025-05-08 17:53:03.672 | DEBUG    | transformer:val_one_epoch:399 - Validation loss at epoch 133: 0.0372
2025-05-08 17:53:03.673 | INFO     | transformer:train_val:466 - stop smooth: False
2025-05-08 17:53:03.673 | INFO     | transformer:train_val:478 - stop early: False
[Epoca 133] Memoria allocata:   19.93 MB
[Epoca 133] Memoria riservata:   90.00 MB
[Epoca 133] Totale allocata (storico): 5.00 MB
[Epoca 133]  Picco memoria allocata: 14658.66 MB
2025-05-08 17:53:45.412 | DEBUG    | transformer:train_one_epoch:349 - Loss at epoch 134: 0.0742
2025-05-08 17:53:50.896 | DEBUG    | transformer:val_one_epoch:399 - Validation loss at epoch 134: 0.0388
2025-05-08 17:53:50.897 | INFO     | transformer:train_val:466 - stop smooth: True
2025-05-08 17:53:50.897 | INFO     | transformer:train_val:478 - stop early: True
[Epoca 134] Memoria allocata:   19.93 MB
[Epoca 134] Memoria riservata:   88.00 MB
[Epoca 134] Totale allocata (storico): 5.04 MB
[Epoca 134]  Picco memoria allocata: 14659.12 MB
2025-05-08 17:54:33.368 | DEBUG    | transformer:train_one_epoch:349 - Loss at epoch 135: 0.0709
2025-05-08 17:54:38.849 | DEBUG    | transformer:val_one_epoch:399 - Validation loss at epoch 135: 0.0335
2025-05-08 17:54:38.850 | INFO     | transformer:train_val:466 - stop smooth: False
2025-05-08 17:54:38.850 | INFO     | transformer:train_val:478 - stop early: False
[Epoca 135] Memoria allocata:   19.93 MB
[Epoca 135] Memoria riservata:   90.00 MB
[Epoca 135] Totale allocata (storico): 5.07 MB
[Epoca 135]  Picco memoria allocata: 14660.38 MB
2025-05-08 17:55:21.769 | DEBUG    | transformer:train_one_epoch:349 - Loss at epoch 136: 0.0721
2025-05-08 17:55:27.118 | DEBUG    | transformer:val_one_epoch:399 - Validation loss at epoch 136: 0.0421
2025-05-08 17:55:27.118 | INFO     | transformer:train_val:466 - stop smooth: True
2025-05-08 17:55:27.118 | INFO     | transformer:train_val:478 - stop early: True
[Epoca 136] Memoria allocata:   19.93 MB
[Epoca 136] Memoria riservata:   88.00 MB
[Epoca 136] Totale allocata (storico): 5.11 MB
[Epoca 136]  Picco memoria allocata: 14659.84 MB
2025-05-08 17:56:08.855 | DEBUG    | transformer:train_one_epoch:349 - Loss at epoch 137: 0.1007
2025-05-08 17:56:14.486 | DEBUG    | transformer:val_one_epoch:399 - Validation loss at epoch 137: 0.0348
2025-05-08 17:56:14.486 | INFO     | transformer:train_val:466 - stop smooth: True
2025-05-08 17:56:14.487 | INFO     | transformer:train_val:478 - stop early: False
[Epoca 137] Memoria allocata:   19.93 MB
[Epoca 137] Memoria riservata:   88.00 MB
[Epoca 137] Totale allocata (storico): 5.15 MB
[Epoca 137]  Picco memoria allocata: 14658.79 MB
2025-05-08 17:56:57.068 | DEBUG    | transformer:train_one_epoch:349 - Loss at epoch 138: 0.0685
2025-05-08 17:57:02.428 | DEBUG    | transformer:val_one_epoch:399 - Validation loss at epoch 138: 0.0426
2025-05-08 17:57:02.429 | INFO     | transformer:train_val:466 - stop smooth: True
2025-05-08 17:57:02.429 | INFO     | transformer:train_val:478 - stop early: True
[Epoca 138] Memoria allocata:   19.93 MB
[Epoca 138] Memoria riservata:   90.00 MB
[Epoca 138] Totale allocata (storico): 5.19 MB
[Epoca 138]  Picco memoria allocata: 14661.89 MB
2025-05-08 17:57:45.337 | DEBUG    | transformer:train_one_epoch:349 - Loss at epoch 139: 0.0773
2025-05-08 17:57:50.807 | DEBUG    | transformer:val_one_epoch:399 - Validation loss at epoch 139: 0.0307
2025-05-08 17:57:50.808 | INFO     | transformer:train_val:466 - stop smooth: False
2025-05-08 17:57:50.808 | INFO     | transformer:train_val:478 - stop early: False
[Epoca 139] Memoria allocata:   19.93 MB
[Epoca 139] Memoria riservata:   88.00 MB
[Epoca 139] Totale allocata (storico): 5.22 MB
[Epoca 139]  Picco memoria allocata: 14659.83 MB
2025-05-08 17:58:32.730 | DEBUG    | transformer:train_one_epoch:349 - Loss at epoch 140: 0.0706
2025-05-08 17:58:38.305 | DEBUG    | transformer:val_one_epoch:399 - Validation loss at epoch 140: 0.0359
2025-05-08 17:58:38.306 | INFO     | transformer:train_val:466 - stop smooth: True
2025-05-08 17:58:38.306 | INFO     | transformer:train_val:478 - stop early: True
[Epoca 140] Memoria allocata:   19.93 MB
[Epoca 140] Memoria riservata:   88.00 MB
[Epoca 140] Totale allocata (storico): 5.26 MB
[Epoca 140]  Picco memoria allocata: 14658.48 MB
2025-05-08 17:59:20.339 | DEBUG    | transformer:train_one_epoch:349 - Loss at epoch 141: 0.0732
2025-05-08 17:59:25.919 | DEBUG    | transformer:val_one_epoch:399 - Validation loss at epoch 141: 0.0331
2025-05-08 17:59:25.919 | INFO     | transformer:train_val:466 - stop smooth: True
2025-05-08 17:59:25.919 | INFO     | transformer:train_val:478 - stop early: False
[Epoca 141] Memoria allocata:   19.93 MB
[Epoca 141] Memoria riservata:   90.00 MB
[Epoca 141] Totale allocata (storico): 5.30 MB
[Epoca 141]  Picco memoria allocata: 14660.29 MB
2025-05-08 18:00:08.764 | DEBUG    | transformer:train_one_epoch:349 - Loss at epoch 142: 0.0719
2025-05-08 18:00:14.000 | DEBUG    | transformer:val_one_epoch:399 - Validation loss at epoch 142: 0.0324
2025-05-08 18:00:14.000 | INFO     | transformer:train_val:466 - stop smooth: True
2025-05-08 18:00:14.001 | INFO     | transformer:train_val:478 - stop early: False
[Epoca 142] Memoria allocata:   19.93 MB
[Epoca 142] Memoria riservata:   90.00 MB
[Epoca 142] Totale allocata (storico): 5.34 MB
[Epoca 142]  Picco memoria allocata: 14659.10 MB
2025-05-08 18:00:55.920 | DEBUG    | transformer:train_one_epoch:349 - Loss at epoch 143: 0.0693
2025-05-08 18:01:01.175 | DEBUG    | transformer:val_one_epoch:399 - Validation loss at epoch 143: 0.0324
2025-05-08 18:01:01.176 | INFO     | transformer:train_val:466 - stop smooth: True
2025-05-08 18:01:01.176 | INFO     | transformer:train_val:478 - stop early: False
[Epoca 143] Memoria allocata:   19.93 MB
[Epoca 143] Memoria riservata:   88.00 MB
[Epoca 143] Totale allocata (storico): 5.37 MB
[Epoca 143]  Picco memoria allocata: 14659.59 MB
2025-05-08 18:01:43.288 | DEBUG    | transformer:train_one_epoch:349 - Loss at epoch 144: 0.0717
2025-05-08 18:01:48.941 | DEBUG    | transformer:val_one_epoch:399 - Validation loss at epoch 144: 0.0324
2025-05-08 18:01:48.942 | INFO     | transformer:train_val:466 - stop smooth: True
2025-05-08 18:01:48.942 | INFO     | transformer:train_val:478 - stop early: True
[Epoca 144] Memoria allocata:   19.93 MB
[Epoca 144] Memoria riservata:   88.00 MB
[Epoca 144] Totale allocata (storico): 5.41 MB
[Epoca 144]  Picco memoria allocata: 14660.92 MB
2025-05-08 18:02:30.330 | DEBUG    | transformer:train_one_epoch:349 - Loss at epoch 145: 0.0667
2025-05-08 18:02:35.842 | DEBUG    | transformer:val_one_epoch:399 - Validation loss at epoch 145: 0.0311
2025-05-08 18:02:35.843 | INFO     | transformer:train_val:466 - stop smooth: True
2025-05-08 18:02:35.843 | INFO     | transformer:train_val:478 - stop early: False
[Epoca 145] Memoria allocata:   19.93 MB
[Epoca 145] Memoria riservata:   90.00 MB
[Epoca 145] Totale allocata (storico): 5.45 MB
[Epoca 145]  Picco memoria allocata: 14658.62 MB
2025-05-08 18:03:18.136 | DEBUG    | transformer:train_one_epoch:349 - Loss at epoch 146: 0.0698
2025-05-08 18:03:23.647 | DEBUG    | transformer:val_one_epoch:399 - Validation loss at epoch 146: 0.0585
2025-05-08 18:03:23.648 | INFO     | transformer:train_val:466 - stop smooth: True
2025-05-08 18:03:23.648 | INFO     | transformer:train_val:478 - stop early: True
[Epoca 146] Memoria allocata:   19.93 MB
[Epoca 146] Memoria riservata:   90.00 MB
[Epoca 146] Totale allocata (storico): 5.49 MB
[Epoca 146]  Picco memoria allocata: 14660.50 MB
2025-05-08 18:04:05.954 | DEBUG    | transformer:train_one_epoch:349 - Loss at epoch 147: 0.1511
2025-05-08 18:04:11.327 | DEBUG    | transformer:val_one_epoch:399 - Validation loss at epoch 147: 0.0293
2025-05-08 18:04:11.327 | INFO     | transformer:train_val:466 - stop smooth: False
2025-05-08 18:04:11.328 | INFO     | transformer:train_val:478 - stop early: False
[Epoca 147] Memoria allocata:   19.93 MB
[Epoca 147] Memoria riservata:   90.00 MB
[Epoca 147] Totale allocata (storico): 5.52 MB
[Epoca 147]  Picco memoria allocata: 14658.70 MB
2025-05-08 18:04:53.061 | DEBUG    | transformer:train_one_epoch:349 - Loss at epoch 148: 0.0548
2025-05-08 18:04:58.422 | DEBUG    | transformer:val_one_epoch:399 - Validation loss at epoch 148: 0.0273
2025-05-08 18:04:58.423 | INFO     | transformer:train_val:466 - stop smooth: False
2025-05-08 18:04:58.423 | INFO     | transformer:train_val:478 - stop early: False
[Epoca 148] Memoria allocata:   19.93 MB
[Epoca 148] Memoria riservata:   90.00 MB
[Epoca 148] Totale allocata (storico): 5.56 MB
[Epoca 148]  Picco memoria allocata: 14660.15 MB
2025-05-08 18:05:40.027 | DEBUG    | transformer:train_one_epoch:349 - Loss at epoch 149: 0.0565
2025-05-08 18:05:45.470 | DEBUG    | transformer:val_one_epoch:399 - Validation loss at epoch 149: 0.0286
2025-05-08 18:05:45.471 | INFO     | transformer:train_val:466 - stop smooth: True
2025-05-08 18:05:45.471 | INFO     | transformer:train_val:478 - stop early: True
[Epoca 149] Memoria allocata:   19.93 MB
[Epoca 149] Memoria riservata:   90.00 MB
[Epoca 149] Totale allocata (storico): 5.60 MB
[Epoca 149]  Picco memoria allocata: 14658.59 MB
2025-05-08 18:06:27.402 | DEBUG    | transformer:train_one_epoch:349 - Loss at epoch 150: 0.0548
2025-05-08 18:06:32.886 | DEBUG    | transformer:val_one_epoch:399 - Validation loss at epoch 150: 0.0274
2025-05-08 18:06:32.886 | INFO     | transformer:train_val:466 - stop smooth: True
2025-05-08 18:06:32.886 | INFO     | transformer:train_val:478 - stop early: False
[Epoca 150] Memoria allocata:   19.93 MB
[Epoca 150] Memoria riservata:   88.00 MB
[Epoca 150] Totale allocata (storico): 5.64 MB
[Epoca 150]  Picco memoria allocata: 14658.85 MB
2025-05-08 18:07:14.803 | DEBUG    | transformer:train_one_epoch:349 - Loss at epoch 151: 0.0581
2025-05-08 18:07:20.315 | DEBUG    | transformer:val_one_epoch:399 - Validation loss at epoch 151: 0.0259
2025-05-08 18:07:20.316 | INFO     | transformer:train_val:466 - stop smooth: False
2025-05-08 18:07:20.316 | INFO     | transformer:train_val:478 - stop early: False
[Epoca 151] Memoria allocata:   19.93 MB
[Epoca 151] Memoria riservata:   88.00 MB
[Epoca 151] Totale allocata (storico): 5.67 MB
[Epoca 151]  Picco memoria allocata: 14660.15 MB
2025-05-08 18:08:02.132 | DEBUG    | transformer:train_one_epoch:349 - Loss at epoch 152: 0.0553
2025-05-08 18:08:07.593 | DEBUG    | transformer:val_one_epoch:399 - Validation loss at epoch 152: 0.0332
2025-05-08 18:08:07.594 | INFO     | transformer:train_val:466 - stop smooth: True
2025-05-08 18:08:07.594 | INFO     | transformer:train_val:478 - stop early: True
[Epoca 152] Memoria allocata:   19.93 MB
[Epoca 152] Memoria riservata:   90.00 MB
[Epoca 152] Totale allocata (storico): 5.71 MB
[Epoca 152]  Picco memoria allocata: 14657.98 MB
2025-05-08 18:08:49.415 | DEBUG    | transformer:train_one_epoch:349 - Loss at epoch 153: 0.0605
2025-05-08 18:08:54.880 | DEBUG    | transformer:val_one_epoch:399 - Validation loss at epoch 153: 0.0291
2025-05-08 18:08:54.881 | INFO     | transformer:train_val:466 - stop smooth: True
2025-05-08 18:08:54.881 | INFO     | transformer:train_val:478 - stop early: False
[Epoca 153] Memoria allocata:   19.93 MB
[Epoca 153] Memoria riservata:   90.00 MB
[Epoca 153] Totale allocata (storico): 5.75 MB
[Epoca 153]  Picco memoria allocata: 14659.36 MB
2025-05-08 18:09:36.772 | DEBUG    | transformer:train_one_epoch:349 - Loss at epoch 154: 0.0503
2025-05-08 18:09:42.136 | DEBUG    | transformer:val_one_epoch:399 - Validation loss at epoch 154: 0.0266
2025-05-08 18:09:42.137 | INFO     | transformer:train_val:466 - stop smooth: True
2025-05-08 18:09:42.137 | INFO     | transformer:train_val:478 - stop early: False
[Epoca 154] Memoria allocata:   19.93 MB
[Epoca 154] Memoria riservata:   90.00 MB
[Epoca 154] Totale allocata (storico): 5.79 MB
[Epoca 154]  Picco memoria allocata: 14659.35 MB
2025-05-08 18:10:24.310 | DEBUG    | transformer:train_one_epoch:349 - Loss at epoch 155: 0.0528
2025-05-08 18:10:29.840 | DEBUG    | transformer:val_one_epoch:399 - Validation loss at epoch 155: 0.0239
2025-05-08 18:10:29.841 | INFO     | transformer:train_val:466 - stop smooth: False
2025-05-08 18:10:29.841 | INFO     | transformer:train_val:478 - stop early: False
[Epoca 155] Memoria allocata:   19.93 MB
[Epoca 155] Memoria riservata:   90.00 MB
[Epoca 155] Totale allocata (storico): 5.82 MB
[Epoca 155]  Picco memoria allocata: 14660.29 MB
2025-05-08 18:11:11.581 | DEBUG    | transformer:train_one_epoch:349 - Loss at epoch 156: 0.0528
2025-05-08 18:11:16.987 | DEBUG    | transformer:val_one_epoch:399 - Validation loss at epoch 156: 0.0291
2025-05-08 18:11:16.988 | INFO     | transformer:train_val:466 - stop smooth: True
2025-05-08 18:11:16.988 | INFO     | transformer:train_val:478 - stop early: True
[Epoca 156] Memoria allocata:   19.93 MB
[Epoca 156] Memoria riservata:   90.00 MB
[Epoca 156] Totale allocata (storico): 5.86 MB
[Epoca 156]  Picco memoria allocata: 14659.10 MB
2025-05-08 18:11:59.538 | DEBUG    | transformer:train_one_epoch:349 - Loss at epoch 157: 0.0535
2025-05-08 18:12:05.105 | DEBUG    | transformer:val_one_epoch:399 - Validation loss at epoch 157: 0.0262
2025-05-08 18:12:05.105 | INFO     | transformer:train_val:466 - stop smooth: True
2025-05-08 18:12:05.105 | INFO     | transformer:train_val:478 - stop early: False
[Epoca 157] Memoria allocata:   19.93 MB
[Epoca 157] Memoria riservata:   90.00 MB
[Epoca 157] Totale allocata (storico): 5.90 MB
[Epoca 157]  Picco memoria allocata: 14658.97 MB
2025-05-08 18:12:46.989 | DEBUG    | transformer:train_one_epoch:349 - Loss at epoch 158: 0.0468
2025-05-08 18:12:52.550 | DEBUG    | transformer:val_one_epoch:399 - Validation loss at epoch 158: 0.0240
2025-05-08 18:12:52.551 | INFO     | transformer:train_val:466 - stop smooth: True
2025-05-08 18:12:52.551 | INFO     | transformer:train_val:478 - stop early: False
[Epoca 158] Memoria allocata:   19.93 MB
[Epoca 158] Memoria riservata:   90.00 MB
[Epoca 158] Totale allocata (storico): 5.94 MB
[Epoca 158]  Picco memoria allocata: 14660.62 MB
2025-05-08 18:13:35.228 | DEBUG    | transformer:train_one_epoch:349 - Loss at epoch 159: 0.0493
2025-05-08 18:13:40.712 | DEBUG    | transformer:val_one_epoch:399 - Validation loss at epoch 159: 0.0375
2025-05-08 18:13:40.712 | INFO     | transformer:train_val:466 - stop smooth: True
2025-05-08 18:13:40.713 | INFO     | transformer:train_val:478 - stop early: True
[Epoca 159] Memoria allocata:   19.93 MB
[Epoca 159] Memoria riservata:   88.00 MB
[Epoca 159] Totale allocata (storico): 5.97 MB
[Epoca 159]  Picco memoria allocata: 14660.21 MB
2025-05-08 18:14:22.332 | DEBUG    | transformer:train_one_epoch:349 - Loss at epoch 160: 0.1001
2025-05-08 18:14:27.877 | DEBUG    | transformer:val_one_epoch:399 - Validation loss at epoch 160: 0.0274
2025-05-08 18:14:27.878 | INFO     | transformer:train_val:466 - stop smooth: True
2025-05-08 18:14:27.878 | INFO     | transformer:train_val:478 - stop early: False
[Epoca 160] Memoria allocata:   19.93 MB
[Epoca 160] Memoria riservata:   90.00 MB
[Epoca 160] Totale allocata (storico): 6.01 MB
[Epoca 160]  Picco memoria allocata: 14659.94 MB
2025-05-08 18:15:10.342 | DEBUG    | transformer:train_one_epoch:349 - Loss at epoch 161: 0.0693
2025-05-08 18:15:15.982 | DEBUG    | transformer:val_one_epoch:399 - Validation loss at epoch 161: 0.0271
2025-05-08 18:15:15.983 | INFO     | transformer:train_val:466 - stop smooth: True
2025-05-08 18:15:15.983 | INFO     | transformer:train_val:478 - stop early: False
[Epoca 161] Memoria allocata:   19.93 MB
[Epoca 161] Memoria riservata:   88.00 MB
[Epoca 161] Totale allocata (storico): 6.05 MB
[Epoca 161]  Picco memoria allocata: 14658.81 MB
2025-05-08 18:15:57.769 | DEBUG    | transformer:train_one_epoch:349 - Loss at epoch 162: 0.0747
2025-05-08 18:16:03.288 | DEBUG    | transformer:val_one_epoch:399 - Validation loss at epoch 162: 0.0240
2025-05-08 18:16:03.289 | INFO     | transformer:train_val:466 - stop smooth: True
2025-05-08 18:16:03.289 | WARNING  | transformer:train_val:470 - Stop at epoch 162.
2025-05-08 18:16:03.289 | INFO     | transformer:train_val:489 - Training completed!
2025-05-08 18:16:03.689 | INFO     | __main__:train_and_save_model:75 - Modello salvato in transformer_model_true.pt
2025-05-08 18:16:03.690 | INFO     | transformer:build_projection_layer:174 - Projection layers input/output created.
2025-05-08 18:16:03.699 | INFO     | transformer:initialize_transformer:191 - Transformer initialized with number of hidden units: 64, number of heads: 8, number of encoder layers: 2, number of decoder layers: 2, number of feedforward units: 256, dropout probability: 0.1, activation function: ReLU().
2025-05-08 18:16:03.719 | INFO     | __main__:generate_outputs_and_save:85 - Prova generazione particelle con forward
/home/local/ADUNIPI/a.montanelli/miniconda3/envs/myrootenv/lib/python3.9/site-packages/torch/nn/functional.py:5962: UserWarning: Support for mismatched key_padding_mask and attn_mask is deprecated. Use same type for both instead.
  warnings.warn(
2025-05-08 18:16:04.621 | INFO     | __main__:generate_outputs_and_save:119 - Batch 1 salvato in HDF5.
2025-05-08 18:16:05.535 | INFO     | __main__:generate_outputs_and_save:119 - Batch 2 salvato in HDF5.
2025-05-08 18:16:06.211 | INFO     | __main__:generate_outputs_and_save:119 - Batch 3 salvato in HDF5.
2025-05-08 18:16:06.904 | INFO     | __main__:generate_outputs_and_save:119 - Batch 4 salvato in HDF5.
2025-05-08 18:16:07.595 | INFO     | __main__:generate_outputs_and_save:119 - Batch 5 salvato in HDF5.
2025-05-08 18:16:08.279 | INFO     | __main__:generate_outputs_and_save:119 - Batch 6 salvato in HDF5.
2025-05-08 18:16:09.137 | INFO     | __main__:generate_outputs_and_save:119 - Batch 7 salvato in HDF5.
2025-05-08 18:16:09.957 | INFO     | __main__:generate_outputs_and_save:119 - Batch 8 salvato in HDF5.
2025-05-08 18:16:10.759 | INFO     | __main__:generate_outputs_and_save:119 - Batch 9 salvato in HDF5.
2025-05-08 18:16:11.470 | INFO     | __main__:generate_outputs_and_save:119 - Batch 10 salvato in HDF5.
2025-05-08 18:16:12.215 | INFO     | __main__:generate_outputs_and_save:119 - Batch 11 salvato in HDF5.
2025-05-08 18:16:12.954 | INFO     | __main__:generate_outputs_and_save:119 - Batch 12 salvato in HDF5.
2025-05-08 18:16:13.672 | INFO     | __main__:generate_outputs_and_save:119 - Batch 13 salvato in HDF5.
2025-05-08 18:16:14.443 | INFO     | __main__:generate_outputs_and_save:119 - Batch 14 salvato in HDF5.
2025-05-08 18:16:15.252 | INFO     | __main__:generate_outputs_and_save:119 - Batch 15 salvato in HDF5.
2025-05-08 18:16:15.922 | INFO     | __main__:generate_outputs_and_save:119 - Batch 16 salvato in HDF5.
2025-05-08 18:16:16.555 | INFO     | __main__:generate_outputs_and_save:119 - Batch 17 salvato in HDF5.
2025-05-08 18:16:17.281 | INFO     | __main__:generate_outputs_and_save:119 - Batch 18 salvato in HDF5.
2025-05-08 18:16:18.099 | INFO     | __main__:generate_outputs_and_save:119 - Batch 19 salvato in HDF5.
2025-05-08 18:16:18.823 | INFO     | __main__:generate_outputs_and_save:119 - Batch 20 salvato in HDF5.
2025-05-08 18:16:19.471 | INFO     | __main__:generate_outputs_and_save:119 - Batch 21 salvato in HDF5.
2025-05-08 18:16:20.127 | INFO     | __main__:generate_outputs_and_save:119 - Batch 22 salvato in HDF5.
2025-05-08 18:16:20.850 | INFO     | __main__:generate_outputs_and_save:119 - Batch 23 salvato in HDF5.
2025-05-08 18:16:21.586 | INFO     | __main__:generate_outputs_and_save:119 - Batch 24 salvato in HDF5.
2025-05-08 18:16:22.300 | INFO     | __main__:generate_outputs_and_save:119 - Batch 25 salvato in HDF5.
2025-05-08 18:16:23.074 | INFO     | __main__:generate_outputs_and_save:119 - Batch 26 salvato in HDF5.
2025-05-08 18:16:23.799 | INFO     | __main__:generate_outputs_and_save:119 - Batch 27 salvato in HDF5.
2025-05-08 18:16:24.592 | INFO     | __main__:generate_outputs_and_save:119 - Batch 28 salvato in HDF5.
2025-05-08 18:16:25.358 | INFO     | __main__:generate_outputs_and_save:119 - Batch 29 salvato in HDF5.
2025-05-08 18:16:26.109 | INFO     | __main__:generate_outputs_and_save:119 - Batch 30 salvato in HDF5.
2025-05-08 18:16:26.840 | INFO     | __main__:generate_outputs_and_save:119 - Batch 31 salvato in HDF5.
2025-05-08 18:16:27.594 | INFO     | __main__:generate_outputs_and_save:119 - Batch 32 salvato in HDF5.
2025-05-08 18:16:28.368 | INFO     | __main__:generate_outputs_and_save:119 - Batch 33 salvato in HDF5.
2025-05-08 18:16:29.225 | INFO     | __main__:generate_outputs_and_save:119 - Batch 34 salvato in HDF5.
2025-05-08 18:16:30.062 | INFO     | __main__:generate_outputs_and_save:119 - Batch 35 salvato in HDF5.
2025-05-08 18:16:30.811 | INFO     | __main__:generate_outputs_and_save:119 - Batch 36 salvato in HDF5.
2025-05-08 18:16:31.516 | INFO     | __main__:generate_outputs_and_save:119 - Batch 37 salvato in HDF5.
2025-05-08 18:16:32.249 | INFO     | __main__:generate_outputs_and_save:119 - Batch 38 salvato in HDF5.
2025-05-08 18:16:33.032 | INFO     | __main__:generate_outputs_and_save:119 - Batch 39 salvato in HDF5.
2025-05-08 18:16:33.846 | INFO     | __main__:generate_outputs_and_save:119 - Batch 40 salvato in HDF5.
2025-05-08 18:16:34.681 | INFO     | __main__:generate_outputs_and_save:119 - Batch 41 salvato in HDF5.
2025-05-08 18:16:35.655 | INFO     | __main__:generate_outputs_and_save:119 - Batch 42 salvato in HDF5.
2025-05-08 18:16:36.536 | INFO     | __main__:generate_outputs_and_save:119 - Batch 43 salvato in HDF5.
2025-05-08 18:16:37.280 | INFO     | __main__:generate_outputs_and_save:119 - Batch 44 salvato in HDF5.
2025-05-08 18:16:37.993 | INFO     | __main__:generate_outputs_and_save:119 - Batch 45 salvato in HDF5.
2025-05-08 18:16:38.719 | INFO     | __main__:generate_outputs_and_save:119 - Batch 46 salvato in HDF5.
2025-05-08 18:16:39.466 | INFO     | __main__:generate_outputs_and_save:119 - Batch 47 salvato in HDF5.
2025-05-08 18:16:40.220 | INFO     | __main__:generate_outputs_and_save:119 - Batch 48 salvato in HDF5.
2025-05-08 18:16:40.875 | INFO     | __main__:generate_outputs_and_save:119 - Batch 49 salvato in HDF5.
2025-05-08 18:16:41.619 | INFO     | __main__:generate_outputs_and_save:119 - Batch 50 salvato in HDF5.
2025-05-08 18:16:42.430 | INFO     | __main__:generate_outputs_and_save:119 - Batch 51 salvato in HDF5.
2025-05-08 18:16:43.307 | INFO     | __main__:generate_outputs_and_save:119 - Batch 52 salvato in HDF5.
2025-05-08 18:16:44.044 | INFO     | __main__:generate_outputs_and_save:119 - Batch 53 salvato in HDF5.
2025-05-08 18:16:44.750 | INFO     | __main__:generate_outputs_and_save:119 - Batch 54 salvato in HDF5.
2025-05-08 18:16:45.562 | INFO     | __main__:generate_outputs_and_save:119 - Batch 55 salvato in HDF5.
2025-05-08 18:16:46.226 | INFO     | __main__:generate_outputs_and_save:119 - Batch 56 salvato in HDF5.
2025-05-08 18:16:46.929 | INFO     | __main__:generate_outputs_and_save:119 - Batch 57 salvato in HDF5.
2025-05-08 18:16:47.647 | INFO     | __main__:generate_outputs_and_save:119 - Batch 58 salvato in HDF5.
2025-05-08 18:16:48.373 | INFO     | __main__:generate_outputs_and_save:119 - Batch 59 salvato in HDF5.
2025-05-08 18:16:49.083 | INFO     | __main__:generate_outputs_and_save:119 - Batch 60 salvato in HDF5.
2025-05-08 18:16:49.519 | INFO     | __main__:generate_outputs_and_save:125 - Tutti i batch salvati in un unico file HDF5: output_tensor_true.h5
